31-08-2024	31:31:08--------/readChestGroup?uuid_chestGroup=dsfsdfsdf---GET: Please login !
31-08-2024	47:31:08--------/readChestGroup?uuid_chestGroup=sdfgsdgsdg---GET: Please login !
31-08-2024	57:33:08--------/readChestGroup?uuid_chestGroup=fssgdsgf---GET: Please login !
31-08-2024	14:35:08--------/readChestGroup?uuid_chestGroup=adsfafsf---GET: Please login !
31-08-2024	22:36:08--------/readChestGroup?uuid_chestGroup=ASASF---GET---JsonWebTokenError: invalid signature: token.verify-accessToken
31-08-2024	22:36:08--------/readChestGroup?uuid_chestGroup=ASASF---GET: Your account is attacked. Please login again !
31-08-2024	57:36:08--------/readChestGroup?uuid_chestGroup=efrsdfgsdgf---GET---JsonWebTokenError: invalid signature: token.verify-accessToken
31-08-2024	57:36:08--------/readChestGroup?uuid_chestGroup=efrsdfgsdgf---GET: Your account is attacked. Please login again !
31-08-2024	57:14:09--------/readChestGroup?uuid_chestGroup=fgsdfgdsfg---GET---JsonWebTokenError: invalid signature: token.verify-accessToken
31-08-2024	57:14:09--------/readChestGroup?uuid_chestGroup=fgsdfgdsfg---GET: Your account is attacked. Please login again !
31-08-2024	57:21:09--------/readChestGroup?uuid_chestGroup=sdfsgdsdg---GET---TokenExpiredError: jwt expired: token.verify-accessTokentks
31-08-2024	50:26:09--------/readChestGroup?uuid_chestGroup=39e57bf8-1462-4519-9412-90c0ea24fd92---GET---TokenExpiredError: jwt expired: token.verify-accessTokentks
31-08-2024	50:26:09--------/readChestGroup?uuid_chestGroup=39e57bf8-1462-4519-9412-90c0ea24fd92---GET: Your account is attacked. Please login again !
31-08-2024	52:26:09--------/readChestGroup?uuid_chestGroup=39e57bf8-1462-4519-9412-90c0ea24fd92---GET---TokenExpiredError: jwt expired: token.verify-accessTokentks
31-08-2024	52:26:09--------/readChestGroup?uuid_chestGroup=39e57bf8-1462-4519-9412-90c0ea24fd92---GET: Your account is attacked. Please login again !
31-08-2024	09:27:09--------/readChestGroup?uuid_chestGroup=39e57bf8-1462-4519-9412-90c0ea24fd92---GET---TokenExpiredError: jwt expired: token.verify-accessTokentks
31-08-2024	09:27:09--------/readChestGroup?uuid_chestGroup=39e57bf8-1462-4519-9412-90c0ea24fd92---GET: Your account is attacked. Please login again !
31-08-2024	16:28:09--------/readChestGroup?uuid_chestGroup=39e57bf8-1462-4519-9412-90c0ea24fd92---GET---TokenExpiredError: jwt expired: token.verify-accessTokentks
31-08-2024	16:28:09--------/readChestGroup?uuid_chestGroup=39e57bf8-1462-4519-9412-90c0ea24fd92---GET: Your account is attacked. Please login again !
31-08-2024	07:54:09--------/readChestGroup?uuid_chestGroup=39e57bf8-1462-4519412-90c0ea24fd92---GET---TokenExpiredError: jwt expired: token.verify-accessTokentks
31-08-2024	48:04:10--------/readChestGroup?uuid_chestGroup=39e57bf8-1462-4519-9412-90c0ea24fd92---GET---TokenExpiredError: jwt expired: token.verify-accessTokentks
31-08-2024	10:06:10--------/readChestGroup?uuid_chestGroup=39e57bf8-1462-4519-9412-90c0ea24fd92---GET---TokenExpiredError: jwt expired: token.verify-accessTokentks
31-08-2024	10:06:10--------/readChestGroup?uuid_chestGroup=39e57bf8-1462-4519-9412-90c0ea24fd92---GET: Your account is attacked. Please login again !
31-08-2024	11:06:10--------/readChestGroup?uuid_chestGroup=39e57bf8-1462-4519-9412-90c0ea24fd92---GET---TokenExpiredError: jwt expired: token.verify-accessTokentks
31-08-2024	11:06:10--------/readChestGroup?uuid_chestGroup=39e57bf8-1462-4519-9412-90c0ea24fd92---GET: Your account is attacked. Please login again !
31-08-2024	24:06:10--------/readChestGroup?uuid_chestGroup=39e57bf8-1462-4519-9412-90c0ea24fd92---GET---TokenExpiredError: jwt expired: token.verify-accessTokentks
31-08-2024	24:06:10--------/readChestGroup?uuid_chestGroup=39e57bf8-1462-4519-9412-90c0ea24fd92---GET: Your account is attacked. Please login again !
31-08-2024	25:06:10--------/readChestGroup?uuid_chestGroup=39e57bf8-1462-4519-9412-90c0ea24fd92---GET---TokenExpiredError: jwt expired: token.verify-accessTokentks
31-08-2024	25:06:10--------/readChestGroup?uuid_chestGroup=39e57bf8-1462-4519-9412-90c0ea24fd92---GET: Your account is attacked. Please login again !
31-08-2024	36:06:10--------/readChestGroup?uuid_chestGroup=39e57bf8-1462-4519-9412-90c0ea24fd92---GET---TokenExpiredError: jwt expired: token.verify-accessTokentks
31-08-2024	36:06:10--------/readChestGroup?uuid_chestGroup=39e57bf8-1462-4519-9412-90c0ea24fd92---GET: Your account is attacked. Please login again !
31-08-2024	37:06:10--------/readChestGroup?uuid_chestGroup=39e57bf8-1462-4519-9412-90c0ea24fd92---GET---TokenExpiredError: jwt expired: token.verify-accessTokentks
31-08-2024	37:06:10--------/readChestGroup?uuid_chestGroup=39e57bf8-1462-4519-9412-90c0ea24fd92---GET: Your account is attacked. Please login again !
31-08-2024	37:06:10--------/readChestGroup?uuid_chestGroup=39e57bf8-1462-4519-9412-90c0ea24fd92---GET---TokenExpiredError: jwt expired: token.verify-accessTokentks
31-08-2024	37:06:10--------/readChestGroup?uuid_chestGroup=39e57bf8-1462-4519-9412-90c0ea24fd92---GET: Your account is attacked. Please login again !
31-08-2024	38:06:10--------/readChestGroup?uuid_chestGroup=39e57bf8-1462-4519-9412-90c0ea24fd92---GET---TokenExpiredError: jwt expired: token.verify-accessTokentks
31-08-2024	38:06:10--------/readChestGroup?uuid_chestGroup=39e57bf8-1462-4519-9412-90c0ea24fd92---GET: Your account is attacked. Please login again !
31-08-2024	31:07:10--------/readChestGroup?uuid_chestGroup=39e57bf8-1462-4519-9412-90c0ea24fd92---GET---TokenExpiredError: jwt expired: token.verify-accessTokentks
31-08-2024	31:07:10--------/readChestGroup?uuid_chestGroup=39e57bf8-1462-4519-9412-90c0ea24fd92---GET: Your account is attacked. Please login again !
31-08-2024	32:07:10--------/readChestGroup?uuid_chestGroup=39e57bf8-1462-4519-9412-90c0ea24fd92---GET---TokenExpiredError: jwt expired: token.verify-accessTokentks
31-08-2024	32:07:10--------/readChestGroup?uuid_chestGroup=39e57bf8-1462-4519-9412-90c0ea24fd92---GET: Your account is attacked. Please login again !
31-08-2024	32:07:10--------/readChestGroup?uuid_chestGroup=39e57bf8-1462-4519-9412-90c0ea24fd92---GET---TokenExpiredError: jwt expired: token.verify-accessTokentks
31-08-2024	32:07:10--------/readChestGroup?uuid_chestGroup=39e57bf8-1462-4519-9412-90c0ea24fd92---GET: Your account is attacked. Please login again !
31-08-2024	39:07:10--------/readChestGroup?uuid_chestGroup=40e2959b-d249-41b8-b376-b9f1cfee0763---GET---TokenExpiredError: jwt expired: token.verify-accessTokentks
31-08-2024	39:07:10--------/readChestGroup?uuid_chestGroup=40e2959b-d249-41b8-b376-b9f1cfee0763---GET: Your account is attacked. Please login again !
31-08-2024	40:07:10--------/readChestGroup?uuid_chestGroup=40e2959b-d249-41b8-b376-b9f1cfee0763---GET---TokenExpiredError: jwt expired: token.verify-accessTokentks
31-08-2024	40:07:10--------/readChestGroup?uuid_chestGroup=40e2959b-d249-41b8-b376-b9f1cfee0763---GET: Your account is attacked. Please login again !
31-08-2024	06:08:10--------/readChestGroup?uuid_chestGroup=40e2959b-d249-41b8-b376-b9f1cfee0763---GET---TokenExpiredError: jwt expired: token.verify-accessTokentks
31-08-2024	06:08:10--------/readChestGroup?uuid_chestGroup=40e2959b-d249-41b8-b376-b9f1cfee0763---GET: Your account is attacked. Please login again !
31-08-2024	06:08:10--------/readChestGroup?uuid_chestGroup=40e2959b-d249]-41b8-b376-b9f1cfee0763---GET---TokenExpiredError: jwt expired: token.verify-accessTokentks
31-08-2024	06:08:10--------/readChestGroup?uuid_chestGroup=40e2959b-d249]-41b8-b376-b9f1cfee0763---GET: Your account is attacked. Please login again !
31-08-2024	07:08:10--------/readChestGroup?uuid_chestGroup=40e2959b-d249]-41b8-b376-b9f1cfee0763---GET---TokenExpiredError: jwt expired: token.verify-accessTokentks
31-08-2024	07:08:10--------/readChestGroup?uuid_chestGroup=40e2959b-d249]-41b8-b376-b9f1cfee0763---GET: Your account is attacked. Please login again !
31-08-2024	07:08:10--------/readChestGroup?uuid_chestGroup=40e2959b-d249]-41b8-b376-b9f1cfee0763---GET---TokenExpiredError: jwt expired: token.verify-accessTokentks
31-08-2024	07:08:10--------/readChestGroup?uuid_chestGroup=40e2959b-d249]-41b8-b376-b9f1cfee0763---GET: Your account is attacked. Please login again !
31-08-2024	08:08:10--------/readChestGroup?uuid_chestGroup=40e2959b-d249]-41b8-b376-b9f1cfee0763---GET---TokenExpiredError: jwt expired: token.verify-accessTokentks
31-08-2024	08:08:10--------/readChestGroup?uuid_chestGroup=40e2959b-d249]-41b8-b376-b9f1cfee0763---GET: Your account is attacked. Please login again !
31-08-2024	08:08:10--------/readChestGroup?uuid_chestGroup=40e2959b-d249]-41b8-b376-b9f1cfee0763---GET---TokenExpiredError: jwt expired: token.verify-accessTokentks
31-08-2024	08:08:10--------/readChestGroup?uuid_chestGroup=40e2959b-d249]-41b8-b376-b9f1cfee0763---GET: Your account is attacked. Please login again !
31-08-2024	08:08:10--------/readChestGroup?uuid_chestGroup=40e2959b-d249]-41b8-b376-b9f1cfee0763---GET---TokenExpiredError: jwt expired: token.verify-accessTokentks
31-08-2024	08:08:10--------/readChestGroup?uuid_chestGroup=40e2959b-d249]-41b8-b376-b9f1cfee0763---GET: Your account is attacked. Please login again !
31-08-2024	09:08:10--------/readChestGroup?uuid_chestGroup=40e2959b-d249]-41b8-b376-b9f1cfee0763---GET---TokenExpiredError: jwt expired: token.verify-accessTokentks
31-08-2024	09:08:10--------/readChestGroup?uuid_chestGroup=40e2959b-d249]-41b8-b376-b9f1cfee0763---GET: Your account is attacked. Please login again !
31-08-2024	10:08:10--------/readChestGroup?uuid_chestGroup=40e2959b-d249-41b8-b376-b9f1cfee0763---GET---TokenExpiredError: jwt expired: token.verify-accessTokentks
31-08-2024	10:08:10--------/readChestGroup?uuid_chestGroup=40e2959b-d249-41b8-b376-b9f1cfee0763---GET: Your account is attacked. Please login again !
31-08-2024	10:08:10--------/readChestGroup?uuid_chestGroup=40e2959b-d249-41b8-b376-b9f1cfee0763---GET---TokenExpiredError: jwt expired: token.verify-accessTokentks
31-08-2024	10:08:10--------/readChestGroup?uuid_chestGroup=40e2959b-d249-41b8-b376-b9f1cfee0763---GET: Your account is attacked. Please login again !
31-08-2024	11:08:10--------/readChestGroup?uuid_chestGroup=40e2959b-d249-41b8-b376-b9f1cfee0763---GET: Your account is attacked. Please login again !
31-08-2024	11:08:10--------/readChestGroup?uuid_chestGroup=40e2959b-d249-41b8-b376-b9f1cfee0763---GET---TokenExpiredError: jwt expired: token.verify-accessTokentks
31-08-2024	11:08:10--------/readChestGroup?uuid_chestGroup=40e2959b-d249-41b8-b376-b9f1cfee0763---GET---TokenExpiredError: jwt expired: token.verify-accessTokentks
31-08-2024	11:08:10--------/readChestGroup?uuid_chestGroup=40e2959b-d249-41b8-b376-b9f1cfee0763---GET: Your account is attacked. Please login again !
31-08-2024	11:08:10--------/readChestGroup?uuid_chestGroup=40e2959b-d249-41b8-b376-b9f1cfee0763---GET---TokenExpiredError: jwt expired: token.verify-accessTokentks
31-08-2024	11:08:10--------/readChestGroup?uuid_chestGroup=40e2959b-d249-41b8-b376-b9f1cfee0763---GET: Your account is attacked. Please login again !
31-08-2024	12:08:10--------/readChestGroup?uuid_chestGroup=40e2959b-d249-41b8-b376-b9f1cfee0763---GET---TokenExpiredError: jwt expired: token.verify-accessTokentks
31-08-2024	12:08:10--------/readChestGroup?uuid_chestGroup=40e2959b-d249-41b8-b376-b9f1cfee0763---GET: Your account is attacked. Please login again !
31-08-2024	12:08:10--------/readChestGroup?uuid_chestGroup=40e2959b-d249-41b8-b376-b9f1cfee0763---GET---TokenExpiredError: jwt expired: token.verify-accessTokentks
31-08-2024	12:08:10--------/readChestGroup?uuid_chestGroup=40e2959b-d249-41b8-b376-b9f1cfee0763---GET: Your account is attacked. Please login again !
31-08-2024	12:08:10--------/readChestGroup?uuid_chestGroup=40e2959b-d249-41b8-b376-b9f1cfee0763---GET---TokenExpiredError: jwt expired: token.verify-accessTokentks
31-08-2024	12:08:10--------/readChestGroup?uuid_chestGroup=40e2959b-d249-41b8-b376-b9f1cfee0763---GET: Your account is attacked. Please login again !
31-08-2024	13:08:10--------/readChestGroup?uuid_chestGroup=40e2959b-d249-41b8-b376-b9f1cfee0763---GET---TokenExpiredError: jwt expired: token.verify-accessTokentks
31-08-2024	13:08:10--------/readChestGroup?uuid_chestGroup=40e2959b-d249-41b8-b376-b9f1cfee0763---GET: Your account is attacked. Please login again !
31-08-2024	13:08:10--------/readChestGroup?uuid_chestGroup=40e2959b-d249-41b8-b376-b9f1cfee0763---GET---TokenExpiredError: jwt expired: token.verify-accessTokentks
31-08-2024	13:08:10--------/readChestGroup?uuid_chestGroup=40e2959b-d249-41b8-b376-b9f1cfee0763---GET: Your account is attacked. Please login again !
31-08-2024	13:08:10--------/readChestGroup?uuid_chestGroup=40e2959b-d249-41b8-b376-b9f1cfee0763---GET---TokenExpiredError: jwt expired: token.verify-accessTokentks
31-08-2024	13:08:10--------/readChestGroup?uuid_chestGroup=40e2959b-d249-41b8-b376-b9f1cfee0763---GET: Your account is attacked. Please login again !
31-08-2024	13:08:10--------/readChestGroup?uuid_chestGroup=40e2959b-d249-41b8-b376-b9f1cfee0763---GET---TokenExpiredError: jwt expired: token.verify-accessTokentks
31-08-2024	13:08:10--------/readChestGroup?uuid_chestGroup=40e2959b-d249-41b8-b376-b9f1cfee0763---GET: Your account is attacked. Please login again !
31-08-2024	13:08:10--------/readChestGroup?uuid_chestGroup=40e2959b-d249-41b8-b376-b9f1cfee0763---GET---TokenExpiredError: jwt expired: token.verify-accessTokentks
31-08-2024	13:08:10--------/readChestGroup?uuid_chestGroup=40e2959b-d249-41b8-b376-b9f1cfee0763---GET: Your account is attacked. Please login again !
31-08-2024	24:08:10--------/readChestGroup?uuid_chestGroup=40e2959b-d249-41b8-b376-b9f1cfee0763---GET---TokenExpiredError: jwt expired: token.verify-accessTokentks
31-08-2024	24:08:10--------/readChestGroup?uuid_chestGroup=40e2959b-d249-41b8-b376-b9f1cfee0763---GET: Your account is attacked. Please login again !
31-08-2024	25:08:10--------/readChestGroup?uuid_chestGroup=40e2959b-d249-41b8-b376-b9f1cfee0763---GET---TokenExpiredError: jwt expired: token.verify-accessTokentks
31-08-2024	25:08:10--------/readChestGroup?uuid_chestGroup=40e2959b-d249-41b8-b376-b9f1cfee0763---GET: Your account is attacked. Please login again !
31-08-2024	25:08:10--------/readChestGroup?uuid_chestGroup=40e2959b-d249-41b8-b376-b9f1cfee0763---GET---TokenExpiredError: jwt expired: token.verify-accessTokentks
31-08-2024	25:08:10--------/readChestGroup?uuid_chestGroup=40e2959b-d249-41b8-b376-b9f1cfee0763---GET: Your account is attacked. Please login again !
31-08-2024	42:08:10--------/readChestGroup?uuid_chestGroup=40e2959b-d249-41b8-b376-b9f1cfee0763---GET---TokenExpiredError: jwt expired: token.verify-accessTokentks
31-08-2024	42:08:10--------/readChestGroup?uuid_chestGroup=40e2959b-d249-41b8-b376-b9f1cfee0763---GET: Your account is attacked. Please login again !
31-08-2024	08:48:13--------/readChestGroup?uuid_chestGroup=40e2959b-d249-41b8-b376-b9f1cfee0763---GET---TokenExpiredError: jwt expired: token.verify-accessTokentks
31-08-2024	08:48:13--------/readChestGroup?uuid_chestGroup=40e2959b-d249-41b8-b376-b9f1cfee0763---GET: Your account is attacked. Please login again !
31-08-2024	15:11:14--------/readChestGroup?uuid_chestGroup=40e2959b-d249-41b8-b376-b9f1cfee0763---GET---TokenExpiredError: jwt expired: token.verify-accessTokentks
31-08-2024	45:47:14--------/readChestGroup?uuid_chestGroup=40e2959b-d249-41b8-b3-b9f1cfee0763---GET---TokenExpiredError: jwt expired: token.verify-accessTokentks
31-08-2024	45:47:14--------/readChestGroup?uuid_chestGroup=40e2959b-d249-41b8-b3-b9f1cfee0763---GET: Your account is attacked. Please login again !
02-09-2024	22:23:07--------/readChestGroup?uuid_chestGroup=2e409c7f-bae2-4253-b142-754d381d6afc---GET---TokenExpiredError: jwt expired: token.verify-accessTokentks
