29-04-2024	15:22:07--------Redis Client Error Error: Connection timeout
29-04-2024	37:37:19--------/provider/about/create---POST---TokenExpiredError: jwt expired: token.verify-accessToken
29-04-2024	37:37:19--------/provider/about/create---POST---SequelizeDatabaseError: Cannot insert the value NULL into column 'status', table 'shopm.dbo.ProviderAbouts'; column does not allow nulls. INSERT fails.
29-04-2024	27:54:22--------/provider/about/create---POST---SequelizeForeignKeyConstraintError: The INSERT statement conflicted with the FOREIGN KEY constraint "FK__ProviderA__uuid___59FA5E80". The conflict occurred in database "shopm", table "dbo.Providers", column 'uuid_provider'.
30-04-2024	30:26:08--------/provider/about/create---POST---JsonWebTokenError: invalid signature: token.verify-accessToken
30-04-2024	08:08:18--------Redis Client Error Error: Connection timeout
01-05-2024	32:16:07--------/provider/about/create---POST---JsonWebTokenError: invalid signature: token.verify-accessToken
01-05-2024	32:16:07--------/provider/about/create---POST---TypeError: this._Provider.read is not a function
01-05-2024	48:19:07--------/provider/about/create---POST---JsonWebTokenError: invalid signature: token.verify-accessToken
01-05-2024	22:20:07--------/provider/about/create---POST---JsonWebTokenError: invalid signature: token.verify-accessToken
01-05-2024	15:23:07--------/provider/about/create---POST---JsonWebTokenError: invalid signature: token.verify-accessToken
01-05-2024	11:24:07--------/provider/about/create---POST---JsonWebTokenError: invalid signature: token.verify-accessToken
01-05-2024	14:24:07--------/provider/about/create---POST---JsonWebTokenError: invalid signature: token.verify-accessToken
01-05-2024	32:24:07--------/provider/about/create---POST---JsonWebTokenError: invalid signature: token.verify-accessToken
01-05-2024	18:30:07--------/provider/about/create---POST---JsonWebTokenError: invalid signature: token.verify-accessToken
01-05-2024	08:31:07--------/provider/about/create---POST---JsonWebTokenError: invalid signature: token.verify-accessToken
01-05-2024	10:34:07--------/provider/about/create---POST---JsonWebTokenError: invalid signature: token.verify-accessToken
01-05-2024	10:34:07--------/provider/about/create---POST---ReferenceError: Op is not defined
01-05-2024	24:34:07--------/provider/about/create---POST---JsonWebTokenError: invalid signature: token.verify-accessToken
01-05-2024	24:34:07--------/provider/about/create---POST---ReferenceError: Op is not defined
01-05-2024	17:35:07--------/provider/about/create---POST---JsonWebTokenError: invalid signature: token.verify-accessToken
01-05-2024	17:35:07--------/provider/about/create---POST---ReferenceError: Op is not defined
01-05-2024	32:35:07--------/provider/about/create---POST---JsonWebTokenError: invalid signature: token.verify-accessToken
01-05-2024	34:36:07--------/provider/about/create---POST---JsonWebTokenError: invalid signature: token.verify-accessToken
01-05-2024	24:38:07--------/provider/about/create---POST---JsonWebTokenError: invalid signature: token.verify-accessToken
01-05-2024	14:39:07--------/provider/about/create---POST---JsonWebTokenError: invalid signature: token.verify-accessToken
01-05-2024	13:31:09--------/provider/about/create---POST---JsonWebTokenError: invalid signature: token.verify-accessToken
01-05-2024	42:31:09--------/provider/about/create---POST---JsonWebTokenError: invalid signature: token.verify-accessToken
01-05-2024	03:32:09--------/provider/about/create---POST---JsonWebTokenError: invalid signature: token.verify-accessToken
01-05-2024	46:32:09--------/provider/about/create---POST---JsonWebTokenError: invalid signature: token.verify-accessToken
01-05-2024	06:35:09--------/provider/about/create---POST---JsonWebTokenError: invalid signature: token.verify-accessToken
01-05-2024	36:36:09--------/provider/about/create---POST---JsonWebTokenError: invalid signature: token.verify-accessToken
01-05-2024	26:38:09--------/provider/about/create---POST---JsonWebTokenError: invalid signature: token.verify-accessToken
03-05-2024	14:49:12--------/provider/create---POST---JsonWebTokenError: invalid signature: token.verify-accessToken
03-05-2024	20:49:12--------/provider/create---POST---JsonWebTokenError: invalid signature: token.verify-accessToken
03-05-2024	23:49:12--------/provider/create---POST---JsonWebTokenError: invalid signature: token.verify-accessToken
03-05-2024	24:49:12--------/provider/create---POST---JsonWebTokenError: invalid signature: token.verify-accessToken
03-05-2024	54:34:22--------Redis Client Error Error: read ECONNRESET
03-05-2024	54:34:22--------Redis Client Error Error: connect ECONNREFUSED 127.0.0.1:6379
03-05-2024	54:34:22--------Redis Client Error Error: connect ECONNREFUSED 127.0.0.1:6379
04-05-2024	27:21:11--------Redis Client Error Error: Connection timeout
05-05-2024	43:13:02--------Redis Client Error Error: Connection timeout
06-05-2024	26:36:10--------Redis Client Error Error: Connection timeout
