07-10-2023	23:01:11--------/createNotification---POST---SequelizeValidationError: notNull Violation: Notification.type cannot be null,
notNull Violation: Notification.notification cannot be null,
notNull Violation: Notification.status cannot be null,
notNull Violation: Notification.uuid_user cannot be null
07-10-2023	13:02:11--------/createNotification---POST---SequelizeValidationError: notNull Violation: Notification.type cannot be null,
notNull Violation: Notification.notification cannot be null,
notNull Violation: Notification.status cannot be null,
notNull Violation: Notification.uuid_user cannot be null
07-10-2023	42:03:11--------/patchNotificationStatus---PATCH---JsonWebTokenError: invalid signature
07-10-2023	42:03:11--------/patchNotificationStatus---PATCH---JsonWebTokenError: invalid signature
07-10-2023	17:37:11--------/patchNotificationStatus---PATCH---JsonWebTokenError: invalid signature
07-10-2023	17:37:11--------/patchNotificationStatus---PATCH---JsonWebTokenError: invalid signature
07-10-2023	04:38:11--------/patchNotificationStatus---PATCH---JsonWebTokenError: invalid signature
07-10-2023	04:38:11--------/patchNotificationStatus---PATCH---JsonWebTokenError: invalid signature
07-10-2023	10:38:11--------/patchNotificationStatus---PATCH---JsonWebTokenError: invalid signature
07-10-2023	10:38:11--------/patchNotificationStatus---PATCH---JsonWebTokenError: invalid signature
07-10-2023	10:39:11--------/patchNotificationStatus---PATCH---JsonWebTokenError: invalid signature
07-10-2023	10:39:11--------/patchNotificationStatus---PATCH---JsonWebTokenError: invalid signature
07-10-2023	20:39:11--------/patchNotificationStatus---PATCH---JsonWebTokenError: invalid signature
07-10-2023	20:39:11--------/patchNotificationStatus---PATCH---JsonWebTokenError: invalid signature
07-10-2023	27:39:11--------/patchNotificationStatus---PATCH---JsonWebTokenError: invalid signature
07-10-2023	27:39:11--------/patchNotificationStatus---PATCH---JsonWebTokenError: invalid signature
07-10-2023	11:42:12--------/patchNotificationStatus---PATCH---JsonWebTokenError: invalid signature
07-10-2023	11:42:12--------/patchNotificationStatus---PATCH---JsonWebTokenError: invalid signature
07-10-2023	54:53:13--------/patchNotificationStatus---PATCH---JsonWebTokenError: invalid signature
07-10-2023	54:53:13--------/patchNotificationStatus---PATCH---JsonWebTokenError: invalid signature
07-10-2023	33:57:13--------/patchNotificationStatus---PATCH---JsonWebTokenError: invalid signature
07-10-2023	33:57:13--------/patchNotificationStatus---PATCH---JsonWebTokenError: invalid signature
07-10-2023	59:57:13--------/patchNotificationStatus---PATCH---JsonWebTokenError: invalid signature
07-10-2023	56:01:14--------/patchNotificationStatus---PATCH---JsonWebTokenError: invalid signature
07-10-2023	56:01:14--------/patchNotificationStatus---PATCH---JsonWebTokenError: invalid signature
07-10-2023	21:02:14--------/patchNotificationStatus---PATCH---JsonWebTokenError: invalid signature
07-10-2023	21:02:14--------/patchNotificationStatus---PATCH---JsonWebTokenError: invalid signature
07-10-2023	29:02:14--------/patchNotificationStatus---PATCH---JsonWebTokenError: invalid signature
07-10-2023	29:02:14--------/patchNotificationStatus---PATCH---JsonWebTokenError: invalid signature
07-10-2023	46:02:14--------/patchNotificationStatus---PATCH---JsonWebTokenError: invalid signature
07-10-2023	46:02:14--------/patchNotificationStatus---PATCH---JsonWebTokenError: invalid signature
07-10-2023	57:02:14--------/patchNotificationStatus---PATCH---JsonWebTokenError: invalid signature
07-10-2023	57:02:14--------/patchNotificationStatus---PATCH---JsonWebTokenError: invalid signature
07-10-2023	10:03:19--------/patchNotificationStatus---PATCH---JsonWebTokenError: invalid signature
07-10-2023	10:03:19--------/patchNotificationStatus---PATCH---JsonWebTokenError: invalid signature
07-10-2023	24:17:23--------/patchNotificationStatus---PATCH---JsonWebTokenError: invalid signature
07-10-2023	24:17:23--------/patchNotificationStatus---PATCH---JsonWebTokenError: invalid signature
07-10-2023	32:17:23--------/patchNotificationStatus---PATCH---JsonWebTokenError: invalid signature
07-10-2023	32:17:23--------/patchNotificationStatus---PATCH---JsonWebTokenError: invalid signature
07-10-2023	45:17:23--------/patchNotificationStatus---PATCH---JsonWebTokenError: invalid signature
07-10-2023	45:17:23--------/patchNotificationStatus---PATCH---JsonWebTokenError: invalid signature
07-10-2023	30:21:23--------/patchNotificationStatus---PATCH---JsonWebTokenError: invalid signature
07-10-2023	30:21:23--------/patchNotificationStatus---PATCH---JsonWebTokenError: invalid signature
07-10-2023	57:21:23--------/patchNotificationStatus---PATCH---JsonWebTokenError: invalid signature
07-10-2023	57:21:23--------/patchNotificationStatus---PATCH---JsonWebTokenError: invalid signature
08-10-2023	51:18:00--------/patchNotificationStatus---PATCH---JsonWebTokenError: invalid signature
08-10-2023	51:18:00--------/patchNotificationStatus---PATCH---JsonWebTokenError: invalid signature
08-10-2023	51:56:00--------/patchNotificationStatus---PATCH---JsonWebTokenError: invalid signature
08-10-2023	51:56:00--------/patchNotificationStatus---PATCH---JsonWebTokenError: invalid signature
08-10-2023	02:57:00--------/patchNotificationStatus---PATCH---JsonWebTokenError: invalid signature
08-10-2023	02:57:00--------/patchNotificationStatus---PATCH---JsonWebTokenError: invalid signature
08-10-2023	46:57:00--------/patchNotificationStatus---PATCH---JsonWebTokenError: invalid signature
08-10-2023	46:57:00--------/patchNotificationStatus---PATCH---JsonWebTokenError: invalid signature
08-10-2023	35:59:00--------/patchNotificationStatus---PATCH---JsonWebTokenError: invalid signature
08-10-2023	35:59:00--------/patchNotificationStatus---PATCH---JsonWebTokenError: invalid signature
08-10-2023	03:00:01--------/patchNotificationStatus---PATCH---JsonWebTokenError: invalid signature
08-10-2023	03:00:01--------/patchNotificationStatus---PATCH---JsonWebTokenError: invalid signature
08-10-2023	17:02:01--------/patchNotificationStatus---PATCH---JsonWebTokenError: invalid signature
08-10-2023	17:02:01--------/patchNotificationStatus---PATCH---JsonWebTokenError: invalid signature
08-10-2023	27:02:01--------/patchNotificationStatus---PATCH---JsonWebTokenError: invalid signature
08-10-2023	27:02:01--------/patchNotificationStatus---PATCH---JsonWebTokenError: invalid signature
08-10-2023	08:03:01--------/patchNotificationStatus---PATCH---JsonWebTokenError: invalid signature
08-10-2023	08:03:01--------/patchNotificationStatus---PATCH---JsonWebTokenError: invalid signature
08-10-2023	35:03:01--------/patchNotificationStatus---PATCH---JsonWebTokenError: invalid signature
08-10-2023	35:03:01--------/patchNotificationStatus---PATCH---JsonWebTokenError: invalid signature
08-10-2023	43:03:01--------/patchNotificationStatus---PATCH---JsonWebTokenError: invalid signature
08-10-2023	43:03:01--------/patchNotificationStatus---PATCH---JsonWebTokenError: invalid signature
08-10-2023	00:05:01--------/patchNotificationStatus---PATCH---JsonWebTokenError: invalid signature
08-10-2023	00:05:01--------/patchNotificationStatus---PATCH---JsonWebTokenError: invalid signature
08-10-2023	25:05:01--------/patchNotificationStatus---PATCH---JsonWebTokenError: invalid signature
08-10-2023	25:05:01--------/patchNotificationStatus---PATCH---JsonWebTokenError: invalid signature
08-10-2023	24:07:01--------/patchNotificationStatus---PATCH---JsonWebTokenError: invalid signature
08-10-2023	24:07:01--------/patchNotificationStatus---PATCH---JsonWebTokenError: invalid signature
08-10-2023	01:09:01--------/patchNotificationStatus---PATCH---JsonWebTokenError: invalid signature
08-10-2023	01:09:01--------/patchNotificationStatus---PATCH---JsonWebTokenError: invalid signature
08-10-2023	24:09:01--------/patchNotificationStatus---PATCH---JsonWebTokenError: invalid signature
08-10-2023	24:09:01--------/patchNotificationStatus---PATCH---JsonWebTokenError: invalid signature
08-10-2023	29:10:01--------/patchNotificationStatus---PATCH---JsonWebTokenError: invalid signature
08-10-2023	29:10:01--------/patchNotificationStatus---PATCH---JsonWebTokenError: invalid signature
08-10-2023	43:10:01--------/patchNotificationStatus---PATCH---JsonWebTokenError: invalid signature
08-10-2023	43:10:01--------/patchNotificationStatus---PATCH---JsonWebTokenError: invalid signature
08-10-2023	49:12:01--------/patchNotificationStatus---PATCH---JsonWebTokenError: invalid signature
08-10-2023	49:12:01--------/patchNotificationStatus---PATCH---JsonWebTokenError: invalid signature
08-10-2023	16:13:01--------/patchNotificationStatus---PATCH---JsonWebTokenError: invalid signature
08-10-2023	16:13:01--------/patchNotificationStatus---PATCH---JsonWebTokenError: invalid signature
08-10-2023	27:13:01--------/patchNotificationStatus---PATCH---JsonWebTokenError: invalid signature
08-10-2023	27:13:01--------/patchNotificationStatus---PATCH---JsonWebTokenError: invalid signature
08-10-2023	37:13:01--------/patchNotificationStatus---PATCH---JsonWebTokenError: invalid signature
08-10-2023	37:13:01--------/patchNotificationStatus---PATCH---JsonWebTokenError: invalid signature
08-10-2023	00:14:01--------/patchNotificationStatus---PATCH---JsonWebTokenError: invalid signature
08-10-2023	00:14:01--------/patchNotificationStatus---PATCH---JsonWebTokenError: invalid signature
08-10-2023	11:14:01--------/patchNotificationStatus---PATCH---JsonWebTokenError: invalid signature
08-10-2023	11:14:01--------/patchNotificationStatus---PATCH---JsonWebTokenError: invalid signature
08-10-2023	31:14:01--------/patchNotificationStatus---PATCH---JsonWebTokenError: invalid signature
08-10-2023	31:14:01--------/patchNotificationStatus---PATCH---JsonWebTokenError: invalid signature
08-10-2023	14:15:01--------/patchNotificationStatus---PATCH---JsonWebTokenError: invalid signature
08-10-2023	14:15:01--------/patchNotificationStatus---PATCH---JsonWebTokenError: invalid signature
08-10-2023	02:16:01--------/patchNotificationStatus---PATCH---JsonWebTokenError: invalid signature
08-10-2023	03:16:01--------/patchNotificationStatus---PATCH---JsonWebTokenError: invalid signature
08-10-2023	11:16:01--------/patchNotificationStatus---PATCH---JsonWebTokenError: invalid signature
08-10-2023	11:16:01--------/patchNotificationStatus---PATCH---JsonWebTokenError: invalid signature
08-10-2023	18:17:01--------/patchNotificationStatus---PATCH---JsonWebTokenError: invalid signature
08-10-2023	18:17:01--------/patchNotificationStatus---PATCH---JsonWebTokenError: invalid signature
08-10-2023	50:17:01--------/patchNotificationStatus---PATCH---JsonWebTokenError: invalid signature
08-10-2023	50:17:01--------/patchNotificationStatus---PATCH---JsonWebTokenError: invalid signature
