31-08-2024	44:02:10--------/patchChestGroup---PATCH---TypeError: Cannot set properties of null (setting 'name')
31-08-2024	23:03:10--------/patchChestGroup---PATCH---TokenExpiredError: jwt expired: token.verify-accessTokentks
31-08-2024	23:03:10--------/patchChestGroup---PATCH: Your account is attacked. Please login again !
31-08-2024	03:04:10--------/patchChestGroup---PATCH---TypeError: Cannot set properties of null (setting 'name')
31-08-2024	27:11:10--------/patchChestGroup---PATCH---TokenExpiredError: jwt expired: token.verify-accessTokentks
31-08-2024	34:12:10--------/patchChestGroup---PATCH---TokenExpiredError: jwt expired: token.verify-accessTokentks
31-08-2024	34:12:10--------/patchChestGroup---PATCH: Your account is attacked. Please login again !
31-08-2024	56:09:12--------/patchChestGroup---PATCH---TokenExpiredError: jwt expired: token.verify-accessTokentks
31-08-2024	56:09:12--------/patchChestGroup---PATCH: Your account is attacked. Please login again !
31-08-2024	54:47:13--------/patchChestGroup---PATCH---TokenExpiredError: jwt expired: token.verify-accessTokentks
31-08-2024	54:47:13--------/patchChestGroup---PATCH: Your account is attacked. Please login again !
31-08-2024	58:47:13--------/patchChestGroup---PATCH---TokenExpiredError: jwt expired: token.verify-accessTokentks
31-08-2024	58:47:13--------/patchChestGroup---PATCH: Your account is attacked. Please login again !
31-08-2024	58:47:13--------/patchChestGroup---PATCH---TokenExpiredError: jwt expired: token.verify-accessTokentks
31-08-2024	58:47:13--------/patchChestGroup---PATCH: Your account is attacked. Please login again !
31-08-2024	59:47:13--------/patchChestGroup---PATCH---TokenExpiredError: jwt expired: token.verify-accessTokentks
31-08-2024	59:47:13--------/patchChestGroup---PATCH: Your account is attacked. Please login again !
31-08-2024	16:48:14--------/createChestGroup---POST---TokenExpiredError: jwt expired: token.verify-accessTokentks
31-08-2024	16:48:14--------/createChestGroup---POST: Your account is attacked. Please login again !
31-08-2024	30:49:14--------/createChestGroup---POST---TokenExpiredError: jwt expired: token.verify-accessTokentks
31-08-2024	30:49:14--------/createChestGroup---POST: Your account is attacked. Please login again !
31-08-2024	30:56:14--------/createChestGroup---POST---TokenExpiredError: jwt expired: token.verify-accessTokentks
31-08-2024	58:57:14--------/createChestGroup---POST---TokenExpiredError: jwt expired: token.verify-accessTokentks
31-08-2024	58:57:14--------/createChestGroup---POST: Your account is attacked. Please login again !
31-08-2024	21:45:15--------/createChestGroup---POST---TokenExpiredError: jwt expired: token.verify-accessTokentks
31-08-2024	21:45:15--------/createChestGroup---POST: Your account is attacked. Please login again !
31-08-2024	46:28:22--------/createChestGroup---POST---TokenExpiredError: jwt expired: token.verify-accessTokentks
31-08-2024	46:28:22--------/createChestGroup---POST: Your account is attacked. Please login again !
01-09-2024	17:08:00--------/createChestGroup---POST---TokenExpiredError: jwt expired: token.verify-accessTokentks
01-09-2024	13:37:00--------/createChestGroup---POST: Your account is attacked. Please login again !
01-09-2024	13:37:00--------/createChestGroup---POST---TokenExpiredError: jwt expired: token.verify-accessTokentks
01-09-2024	02:56:01--------/createChestGroup---POST---TokenExpiredError: jwt expired: token.verify-accessTokentks
01-09-2024	02:56:01--------/createChestGroup---POST: Your account is attacked. Please login again !
01-09-2024	38:43:02--------/createChestGroup---POST---TokenExpiredError: jwt expired: token.verify-accessTokentks
01-09-2024	38:43:02--------/createChestGroup---POST: Your account is attacked. Please login again !
01-09-2024	13:34:03--------/createChestGroup---POST: Your account is attacked. Please login again !
01-09-2024	13:34:03--------/createChestGroup---POST---TokenExpiredError: jwt expired: token.verify-accessTokentks
01-09-2024	00:14:04--------/createChestGroup---POST---TokenExpiredError: jwt expired: token.verify-accessTokentks
01-09-2024	00:14:04--------/createChestGroup---POST: Your account is attacked. Please login again !
01-09-2024	31:15:04--------/createChestGroup---POST---TokenExpiredError: jwt expired: token.verify-accessTokentks
01-09-2024	31:15:04--------/createChestGroup---POST: Invalid token. Please login !
01-09-2024	03:16:04--------/createChestGroup---POST---TokenExpiredError: jwt expired: token.verify-accessTokentks
01-09-2024	03:16:04--------/createChestGroup---POST: Invalid token. Please login !
01-09-2024	08:04:05--------/createChestGroup---POST---TokenExpiredError: jwt expired: token.verify-accessTokentks
01-09-2024	00:11:05--------/createChestGroup---POST---TokenExpiredError: jwt expired: token.verify-accessTokentks
01-09-2024	00:11:05--------/createChestGroup---POST: Invalid token. Please login !
01-09-2024	52:46:10--------/createChestGroup---POST---TokenExpiredError: jwt expired: token.verify-accessTokentks
01-09-2024	02:52:10--------/createChestGroup---POST---TokenExpiredError: jwt expired: token.verify-accessTokentks
02-09-2024	39:50:06--------/createChestGroup---POST---TokenExpiredError: jwt expired: token.verify-accessTokentks
