18-09-2024	43:44:22--------serviceMessage: TypeError: Cannot read properties of undefined (reading 'create')
18-09-2024	43:44:22--------serviceMessage: TypeError: Cannot read properties of undefined (reading 'create')
18-09-2024	43:44:22--------serviceMessage: TypeError: Cannot read properties of undefined (reading 'create')
18-09-2024	43:44:22--------serviceMessage: TypeError: Cannot read properties of undefined (reading 'create')
18-09-2024	43:44:22--------serviceMessage: TypeError: Cannot read properties of undefined (reading 'create')
18-09-2024	44:44:22--------serviceMessage: TypeError: Cannot read properties of undefined (reading 'create')
18-09-2024	44:44:22--------serviceMessage: TypeError: Cannot read properties of undefined (reading 'create')
18-09-2024	44:44:22--------serviceMessage: TypeError: Cannot read properties of undefined (reading 'create')
18-09-2024	44:44:22--------serviceMessage: TypeError: Cannot read properties of undefined (reading 'create')
18-09-2024	44:44:22--------serviceMessage: TypeError: Cannot read properties of undefined (reading 'create')
18-09-2024	44:44:22--------serviceMessage: TypeError: Cannot read properties of undefined (reading 'create')
19-09-2024	49:42:05--------Redis Client Error Error: Connection timeout
21-09-2024	36:49:22--------Redis Client Error Error: Connection timeout
22-09-2024	11:27:09--------/TKSManagerGetLogAll?pageIndex=1&pageSize=20---GET---TokenExpiredError: jwt expired: token.verify-accessTokentks
22-09-2024	12:27:09--------/TKSManagerGetLogAll?pageIndex=1&pageSize=20---GET---SequelizeDatabaseError: Invalid column name 'status'.
22-09-2024	14:27:09--------/TKSManagerGetLogAll?pageIndex=1&pageSize=20---GET---SequelizeDatabaseError: Invalid column name 'status'.
22-09-2024	13:28:09--------/TKSManagerGetLogAll?pageIndex=1&pageSize=20---GET---TokenExpiredError: jwt expired: token.verify-accessTokentks
22-09-2024	02:55:09--------/TKSManagerGetLogAll?pageIndex=1&pageSize=20---GET---TokenExpiredError: jwt expired: token.verify-accessTokentks
22-09-2024	28:21:10--------/TKSManagerGetLogAll?pageIndex=1&pageSize=20---GET---TokenExpiredError: jwt expired: token.verify-accessTokentks
22-09-2024	26:30:20--------/TKSManagerGetLogAll?pageIndex=1&pageSize=20---GET---TokenExpiredError: jwt expired: token.verify-accessTokentks
22-09-2024	29:32:20--------/TKSManagerGetLogAll?pageIndex=1&pageSize=20---GET---TokenExpiredError: jwt expired: token.verify-accessTokentks
22-09-2024	25:59:20--------/TKSManagerGetLogAll?pageIndex=1&pageSize=20---GET---TokenExpiredError: jwt expired: token.verify-accessTokentks
22-09-2024	12:01:21--------/TKSManagerGetLogAll?pageIndex=1&pageSize=20---GET---TokenExpiredError: jwt expired: token.verify-accessTokentks
22-09-2024	17:02:21--------/TKSManagerGetLogAll?pageIndex=1&pageSize=20---GET---TokenExpiredError: jwt expired: token.verify-accessTokentks
22-09-2024	34:04:21--------/TKSManagerGetLogAll?pageIndex=1&pageSize=20---GET---TokenExpiredError: jwt expired: token.verify-accessTokentks
22-09-2024	17:46:22--------/TKSManagerGetLogAll?pageIndex=1&pageSize=20---GET---TokenExpiredError: jwt expired: token.verify-accessTokentks
22-09-2024	01:48:22--------/TKSManagerGetLogAll?pageIndex=1&pageSize=20---GET---TokenExpiredError: jwt expired: token.verify-accessTokentks
23-09-2024	25:56:04--------/TKSManagerGetLogAll?pageIndex=1&pageSize=20---GET---TokenExpiredError: jwt expired: token.verify-accessTokentks
23-09-2024	26:01:05--------/TKSManagerGetLogAll?pageIndex=1&pageSize=20---GET---TokenExpiredError: jwt expired: token.verify-accessTokentks
23-09-2024	29:18:16--------/TKSManagerGetLogAll?pageIndex=1&pageSize=20---GET---TokenExpiredError: jwt expired: token.verify-accessTokentks
23-09-2024	58:40:18--------/TKSManagerGetLogAll?pageIndex=1&pageSize=20---GET---TokenExpiredError: jwt expired: token.verify-accessTokentks
23-09-2024	18:42:18--------/TKSManagerGetLogAll?pageIndex=1&pageSize=20---GET---TokenExpiredError: jwt expired: token.verify-accessTokentks
23-09-2024	39:44:18--------/TKSManagerGetLogAll?pageIndex=1&pageSize=20---GET---TokenExpiredError: jwt expired: token.verify-accessTokentks
23-09-2024	51:37:22--------/TKSManagerGetLogAll?pageIndex=1&pageSize=20---GET---TokenExpiredError: jwt expired: token.verify-accessTokentks
23-09-2024	47:39:22--------/TKSManagerGetLogAll?pageIndex=1&pageSize=20---GET---TokenExpiredError: jwt expired: token.verify-accessTokentks
23-09-2024	01:41:22--------/TKSManagerGetLogAll?pageIndex=1&pageSize=20---GET---TokenExpiredError: jwt expired: token.verify-accessTokentks
23-09-2024	12:42:22--------/TKSManagerGetLogAll?pageIndex=1&pageSize=20---GET---TokenExpiredError: jwt expired: token.verify-accessTokentks
23-09-2024	12:43:22--------/TKSManagerGetLogAll?pageIndex=1&pageSize=20---GET---TokenExpiredError: jwt expired: token.verify-accessTokentks
23-09-2024	09:46:22--------/TKSManagerGetLogAll?pageIndex=1&pageSize=20---GET---TokenExpiredError: jwt expired: token.verify-accessTokentks
23-09-2024	19:50:22--------/TKSManagerGetLogAll?pageIndex=1&pageSize=20---GET---TokenExpiredError: jwt expired: token.verify-accessTokentks
23-09-2024	51:52:22--------/TKSManagerGetLogAll?pageIndex=1&pageSize=20---GET---TokenExpiredError: jwt expired: token.verify-accessTokentks
23-09-2024	08:33:23--------/TKSManagerGetLogAll?pageIndex=1&pageSize=20---GET---TokenExpiredError: jwt expired: token.verify-accessTokentks
23-09-2024	47:34:23--------/TKSManagerGetLogAll?pageIndex=1&pageSize=20---GET---TokenExpiredError: jwt expired: token.verify-accessTokentks
23-09-2024	06:42:23--------/TKSManagerGetLogAll?pageIndex=1&pageSize=20---GET---TokenExpiredError: jwt expired: token.verify-accessTokentks
23-09-2024	17:44:23--------/TKSManagerGetLogAll?pageIndex=1&pageSize=20---GET---TokenExpiredError: jwt expired: token.verify-accessTokentks
23-09-2024	25:45:23--------/TKSManagerGetLogAll?pageIndex=1&pageSize=20---GET---TokenExpiredError: jwt expired: token.verify-accessTokentks
23-09-2024	45:46:23--------/TKSManagerGetLogAll?pageIndex=1&pageSize=20---GET---TokenExpiredError: jwt expired: token.verify-accessTokentks
23-09-2024	45:46:23--------/TKSManagerGetLogAll?pageIndex=1&pageSize=20---GET---SequelizeDatabaseError: The number of rows provided for a TOP or FETCH clauses row count parameter must be an integer.
23-09-2024	42:47:23--------/TKSManagerGetLogAll?pageIndex=1&pageSize=20---GET---SequelizeDatabaseError: The number of rows provided for a TOP or FETCH clauses row count parameter must be an integer.
23-09-2024	43:47:23--------/TKSManagerGetLogAll?pageIndex=1&pageSize=20---GET---SequelizeDatabaseError: The number of rows provided for a TOP or FETCH clauses row count parameter must be an integer.
23-09-2024	48:47:23--------/TKSManagerGetLogAll?pageIndex=1&pageSize=20---GET---TokenExpiredError: jwt expired: token.verify-accessTokentks
23-09-2024	48:47:23--------/TKSManagerGetLogAll?pageIndex=1&pageSize=20---GET---SequelizeDatabaseError: The number of rows provided for a TOP or FETCH clauses row count parameter must be an integer.
23-09-2024	27:50:23--------/TKSManagerGetLogAll?pageIndex=1&pageSize=20---GET---TokenExpiredError: jwt expired: token.verify-accessTokentks
23-09-2024	18:52:23--------/TKSManagerGetLogAll?pageIndex=1&pageSize=20---GET---TokenExpiredError: jwt expired: token.verify-accessTokentks
23-09-2024	08:58:23--------/TKSManagerGetLogAll?pageIndex=1&pageSize=20---GET---TokenExpiredError: jwt expired: token.verify-accessTokentks
24-09-2024	39:00:00--------/TKSManagerGetLogAll?pageIndex=1&pageSize=20---GET---TokenExpiredError: jwt expired: token.verify-accessTokentks
24-09-2024	04:02:00--------/TKSManagerGetLogAll?pageIndex=1&pageSize=20---GET---TokenExpiredError: jwt expired: token.verify-accessTokentks
24-09-2024	26:03:00--------/TKSManagerGetLogAll?pageIndex=5&pageSize=20---GET---TokenExpiredError: jwt expired: token.verify-accessTokentks
24-09-2024	51:06:00--------/TKSManagerGetLogAll?pageIndex=1&pageSize=20---GET---TokenExpiredError: jwt expired: token.verify-accessTokentks
24-09-2024	37:15:00--------/TKSManagerGetLogAll?pageIndex=1&pageSize=20---GET---TokenExpiredError: jwt expired: token.verify-accessTokentks
24-09-2024	42:17:00--------/TKSManagerGetLogAll?pageIndex=2&pageSize=20---GET---TokenExpiredError: jwt expired: token.verify-accessTokentks
24-09-2024	23:19:00--------/TKSManagerGetLogAll?pageIndex=2&pageSize=20---GET---TokenExpiredError: jwt expired: token.verify-accessTokentks
24-09-2024	50:54:00--------/TKSManagerGetLogAll?pageIndex=1&pageSize=20---GET---TokenExpiredError: jwt expired: token.verify-accessTokentks
24-09-2024	58:33:01--------/TKSManagerGetLogAll?pageIndex=4&pageSize=20---GET---TokenExpiredError: jwt expired: token.verify-accessTokentks
24-09-2024	10:35:01--------/TKSManagerGetLogAll?pageIndex=1&pageSize=20---GET---TokenExpiredError: jwt expired: token.verify-accessTokentks
24-09-2024	10:36:01--------/TKSManagerGetLogAll?pageIndex=4&pageSize=20---GET---TokenExpiredError: jwt expired: token.verify-accessTokentks
24-09-2024	08:38:01--------/TKSManagerGetLogAll?pageIndex=4&pageSize=20---GET---TokenExpiredError: jwt expired: token.verify-accessTokentks
24-09-2024	47:42:01--------/TKSManagerGetLogAll?pageIndex=1&pageSize=20---GET---TokenExpiredError: jwt expired: token.verify-accessTokentks
24-09-2024	47:43:01--------/TKSManagerGetLogAll?pageIndex=11&pageSize=20---GET---TokenExpiredError: jwt expired: token.verify-accessTokentks
24-09-2024	13:47:01--------/TKSManagerGetLogAll?pageIndex=1&pageSize=20---GET---TokenExpiredError: jwt expired: token.verify-accessTokentks
24-09-2024	15:50:01--------/TKSManagerGetLogAll?pageIndex=1&pageSize=20---GET---TokenExpiredError: jwt expired: token.verify-accessTokentks
24-09-2024	19:51:01--------/TKSManagerGetLogAll?pageIndex=1&pageSize=20---GET---TokenExpiredError: jwt expired: token.verify-accessTokentks
24-09-2024	57:52:01--------/TKSManagerGetLogAll?pageIndex=4&pageSize=20---GET---TokenExpiredError: jwt expired: token.verify-accessTokentks
24-09-2024	22:54:01--------/TKSManagerGetLogAll?pageIndex=2&pageSize=20---GET---TokenExpiredError: jwt expired: token.verify-accessTokentks
24-09-2024	33:56:01--------/TKSManagerGetLogAll?pageIndex=1&pageSize=20---GET---TokenExpiredError: jwt expired: token.verify-accessTokentks
24-09-2024	34:56:01--------/TKSManagerGetLogAll?pageIndex=0&pageSize=20---GET---SequelizeDatabaseError: The offset specified in a OFFSET clause may not be negative.
24-09-2024	52:57:01--------/TKSManagerGetLogAll?pageIndex=4&pageSize=20---GET---TokenExpiredError: jwt expired: token.verify-accessTokentks
24-09-2024	12:25:02--------/TKSManagerGetLogAll?pageIndex=1&pageSize=20---GET---TokenExpiredError: jwt expired: token.verify-accessTokentks
24-09-2024	29:26:02--------/TKSManagerGetLogAll?pageIndex=12&pageSize=20---GET---TokenExpiredError: jwt expired: token.verify-accessTokentks
24-09-2024	37:31:02--------/TKSManagerGetLogAll?pageIndex=1&pageSize=20---GET---TokenExpiredError: jwt expired: token.verify-accessTokentks
24-09-2024	44:32:02--------/TKSManagerGetLogAll?pageIndex=1&pageSize=20---GET---TokenExpiredError: jwt expired: token.verify-accessTokentks
24-09-2024	08:08:03--------/TKSManagerGetLogAll?pageIndex=12&pageSize=20---GET---TokenExpiredError: jwt expired: token.verify-accessTokentks
24-09-2024	19:09:03--------/TKSManagerGetLogAll?pageIndex=1&pageSize=20---GET---TokenExpiredError: jwt expired: token.verify-accessTokentks
24-09-2024	37:10:03--------/TKSManagerGetLogAll?pageIndex=3&pageSize=20---GET---TokenExpiredError: jwt expired: token.verify-accessTokentks
24-09-2024	57:14:03--------/TKSManagerGetLogAll?pageIndex=5&pageSize=20---GET---TokenExpiredError: jwt expired: token.verify-accessTokentks
24-09-2024	00:00:04--------/TKSManagerGetLogAll?pageIndex=1&pageSize=20---GET---TokenExpiredError: jwt expired: token.verify-accessTokentks
24-09-2024	19:02:04--------/TKSManagerGetLogAll?pageIndex=1&pageSize=20---GET---TokenExpiredError: jwt expired: token.verify-accessTokentks
24-09-2024	30:04:04--------/TKSManagerGetLogAll?pageIndex=1&pageSize=20---GET---TokenExpiredError: jwt expired: token.verify-accessTokentks
24-09-2024	48:17:09--------/TKSManagerGetLogAll?pageIndex=7&pageSize=20---GET---TokenExpiredError: jwt expired: token.verify-accessTokentks
24-09-2024	17:19:09--------/TKSManagerGetLogAll?pageIndex=1&pageSize=20---GET---TokenExpiredError: jwt expired: token.verify-accessTokentks
24-09-2024	38:20:09--------/TKSManagerGetLogAll?pageIndex=1&pageSize=20---GET---TokenExpiredError: jwt expired: token.verify-accessTokentks
24-09-2024	31:24:09--------/TKSManagerGetLogAll?pageIndex=1&pageSize=20---GET---TokenExpiredError: jwt expired: token.verify-accessTokentks
24-09-2024	02:26:09--------/TKSManagerGetLogAll?pageIndex=1&pageSize=20---GET---TokenExpiredError: jwt expired: token.verify-accessTokentks
24-09-2024	01:34:09--------/TKSManagerGetLogAll?pageIndex=1&pageSize=20---GET---TokenExpiredError: jwt expired: token.verify-accessTokentks
25-09-2024	48:15:18--------Redis Client Error Error: Connection timeout
28-09-2024	37:11:19--------Redis Client Error Error: Connection timeout
29-09-2024	43:04:10--------/TKSManagerGetLogAll?pageIndex=1&pageSize=20---GET---TokenExpiredError: jwt expired: token.verify-accessTokentks
29-09-2024	31:14:10--------/TKSManagerGetLogAll?pageIndex=1&pageSize=20---GET---JsonWebTokenError: invalid signature: token.verify-accessTokentks
29-09-2024	25:16:10--------/TKSManagerGetLogAll?pageIndex=1&pageSize=20---GET---JsonWebTokenError: invalid signature: token.verify-accessTokentks
29-09-2024	31:17:10--------/TKSManagerGetLogAll?pageIndex=1&pageSize=20---GET---JsonWebTokenError: invalid signature: token.verify-accessTokentks
29-09-2024	24:59:12--------/TKSManagerGetLogAll?pageIndex=1&pageSize=20---GET---JsonWebTokenError: invalid signature: token.verify-accessTokentks
29-09-2024	51:06:13--------/TKSManagerGetLogAll?pageIndex=1&pageSize=20---GET---JsonWebTokenError: invalid signature: token.verify-accessTokentks
29-09-2024	43:43:21--------/TKSManagerGetLogAll?pageIndex=1&pageSize=20---GET---JsonWebTokenError: invalid signature: token.verify-accessTokentks
30-09-2024	11:30:01--------/TKSManagerGetLogAll?pageIndex=1&pageSize=20---GET---JsonWebTokenError: invalid signature: token.verify-accessTokentks
30-09-2024	11:31:01--------/TKSManagerGetLogAll?pageIndex=1&pageSize=20---GET---JsonWebTokenError: invalid signature: token.verify-accessTokentks
02-10-2024	18:32:21--------/TKSManagerGetLogAll?pageIndex=1&pageSize=20---GET---JsonWebTokenError: invalid signature: token.verify-accessTokentks
03-10-2024	18:41:00--------/TKSManagerGetLogAll?pageIndex=1&pageSize=20---GET---JsonWebTokenError: invalid signature: token.verify-accessTokentks
03-10-2024	07:42:00--------/TKSManagerGetLogAll?pageIndex=1&pageSize=20---GET---JsonWebTokenError: invalid signature: token.verify-accessTokentks
03-10-2024	32:42:00--------/TKSManagerGetLogAll?pageIndex=1&pageSize=20---GET---JsonWebTokenError: invalid signature: token.verify-accessTokentks
03-10-2024	57:42:00--------/TKSManagerGetLogAll?pageIndex=1&pageSize=20---GET---JsonWebTokenError: invalid signature: token.verify-accessTokentks
03-10-2024	34:43:00--------/TKSManagerGetLogAll?pageIndex=1&pageSize=20---GET---JsonWebTokenError: invalid signature: token.verify-accessTokentks
03-10-2024	58:46:00--------/TKSManagerGetLogAll?pageIndex=1&pageSize=20---GET---JsonWebTokenError: invalid signature: token.verify-accessTokentks
03-10-2024	15:06:01--------/TKSManagerGetLogAll?pageIndex=1&pageSize=20---GET---JsonWebTokenError: invalid signature: token.verify-accessTokentks
03-10-2024	33:11:01--------/TKSManagerGetLogAll?pageIndex=1&pageSize=20---GET---JsonWebTokenError: invalid signature: token.verify-accessTokentks
03-10-2024	09:36:01--------/TKSManagerGetLogAll?pageIndex=1&pageSize=20---GET---JsonWebTokenError: invalid signature: token.verify-accessTokentks
03-10-2024	36:07:02--------/TKSManagerGetLogAll?pageIndex=1&pageSize=20---GET---JsonWebTokenError: invalid signature: token.verify-accessTokentks
03-10-2024	21:33:03--------/TKSManagerGetLogAll?pageIndex=1&pageSize=20---GET---JsonWebTokenError: invalid signature: token.verify-accessTokentks
03-10-2024	51:13:15--------/TKSManagerGetLogAll?pageIndex=1&pageSize=20---GET---JsonWebTokenError: invalid signature: token.verify-accessTokentks
