13-01-2024	33:15:00--------/caseRecord/createLock---POST---TokenExpiredError: jwt expired: token.verify-accessToken
13-01-2024	38:55:00--------/caseRecord/deleteLock---DELETE---TokenExpiredError: jwt expired: token.verify-accessToken
13-01-2024	30:34:03--------/caseRecord/createLock---POST---TokenExpiredError: jwt expired: token.verify-accessToken
13-01-2024	12:35:03--------/caseRecord/patchDescription---PATCH---TokenExpiredError: jwt expired: token.verify-accessToken
13-01-2024	19:37:03--------/caseRecord/patchDescription---PATCH---TokenExpiredError: jwt expired: token.verify-accessToken
13-01-2024	46:38:03--------/caseRecord/patchDescription---PATCH---TokenExpiredError: jwt expired: token.verify-accessToken
13-01-2024	48:47:03--------/caseRecord/editMedication---PATCH---TokenExpiredError: jwt expired: token.verify-accessToken
13-01-2024	14:49:03--------/caseRecord/patchDescription---PATCH---TokenExpiredError: jwt expired: token.verify-accessToken
13-01-2024	51:50:03--------/caseRecord/createLock---POST---TokenExpiredError: jwt expired: token.verify-accessToken
14-01-2024	40:49:16--------/caseRecord/createLock---POST---TokenExpiredError: jwt expired: token.verify-accessToken
14-01-2024	46:49:16--------/caseRecord/deleteLock---DELETE---TokenExpiredError: jwt expired: token.verify-accessToken
15-01-2024	50:03:06--------/caseRecord/editMedication---PATCH---TokenExpiredError: jwt expired: token.verify-accessToken
16-01-2024	33:35:03--------/caseRecord/patchSatusIsCompletedPrescription---PATCH---TokenExpiredError: jwt expired: token.verify-accessToken
16-01-2024	15:37:03--------/caseRecord/patchSatusIsCompletedPrescription---PATCH---TokenExpiredError: jwt expired: token.verify-accessToken
16-01-2024	28:18:05--------/caseRecord/patchSatusIsCompletedPrescription---PATCH---TokenExpiredError: jwt expired: token.verify-accessToken
16-01-2024	17:51:05--------/caseRecord/patchSatusIsCompleted---PATCH---TokenExpiredError: jwt expired: token.verify-accessToken
16-01-2024	41:01:23--------/caseRecord/patchSatusIsCompleted---PATCH---TokenExpiredError: jwt expired: token.verify-accessToken
16-01-2024	41:01:23--------/caseRecord/patchSatusIsCompleted---PATCH---JsonWebTokenError: invalid signature: token.verify-accessToken
16-01-2024	41:01:23--------/caseRecord/patchSatusIsCompleted---PATCH---JsonWebTokenError: invalid signature: token.verify-accessToken
16-01-2024	42:01:23--------/caseRecord/patchSatusIsCompleted---PATCH---JsonWebTokenError: invalid signature: token.verify-accessToken
16-01-2024	42:01:23--------/caseRecord/patchSatusIsCompleted---PATCH---JsonWebTokenError: invalid signature: token.verify-accessToken
16-01-2024	55:04:23--------/caseRecord/patchSatusIsCompleted---PATCH---JsonWebTokenError: invalid signature: token.verify-accessToken
16-01-2024	23:05:23--------/caseRecord/patchSatusIsCompleted---PATCH---JsonWebTokenError: invalid signature: token.verify-accessToken
16-01-2024	24:05:23--------/caseRecord/patchSatusIsCompleted---PATCH---JsonWebTokenError: invalid signature: token.verify-accessToken
16-01-2024	24:05:23--------/caseRecord/patchSatusIsCompleted---PATCH---JsonWebTokenError: invalid signature: token.verify-accessToken
16-01-2024	24:05:23--------/caseRecord/patchSatusIsCompleted---PATCH---JsonWebTokenError: invalid signature: token.verify-accessToken
16-01-2024	25:05:23--------/caseRecord/patchSatusIsCompleted---PATCH---JsonWebTokenError: invalid signature: token.verify-accessToken
16-01-2024	52:05:23--------/caseRecord/patchSatusIsCompleted---PATCH---JsonWebTokenError: invalid signature: token.verify-accessToken
16-01-2024	02:28:23--------/caseRecord/patchSatusIsCompletedPrescription---PATCH---TokenExpiredError: jwt expired: token.verify-accessToken
16-01-2024	14:28:23--------/caseRecord/patchSatusIsCompleted---PATCH---JsonWebTokenError: invalid signature: token.verify-accessToken
16-01-2024	16:28:23--------/caseRecord/patchSatusIsCompleted---PATCH---JsonWebTokenError: invalid signature: token.verify-accessToken
16-01-2024	16:28:23--------/caseRecord/patchSatusIsCompleted---PATCH---JsonWebTokenError: invalid signature: token.verify-accessToken
16-01-2024	17:28:23--------/caseRecord/patchSatusIsCompleted---PATCH---JsonWebTokenError: invalid signature: token.verify-accessToken
16-01-2024	17:28:23--------/caseRecord/patchSatusIsCompleted---PATCH---JsonWebTokenError: invalid signature: token.verify-accessToken
16-01-2024	17:28:23--------/caseRecord/patchSatusIsCompleted---PATCH---JsonWebTokenError: invalid signature: token.verify-accessToken
16-01-2024	24:29:23--------/caseRecord/patchSatusIsCompleted---PATCH---JsonWebTokenError: invalid signature: token.verify-accessToken
16-01-2024	15:31:23--------/caseRecord/patchSatusIsCompleted---PATCH---JsonWebTokenError: invalid signature: token.verify-accessToken
16-01-2024	11:32:23--------/caseRecord/patchSatusIsCompleted---PATCH---JsonWebTokenError: invalid signature: token.verify-accessToken
16-01-2024	28:34:23--------/caseRecord/patchSatusIsCompleted---PATCH---JsonWebTokenError: invalid signature: token.verify-accessToken
16-01-2024	19:35:23--------/caseRecord/patchSatusIsCompleted---PATCH---JsonWebTokenError: invalid signature: token.verify-accessToken
17-01-2024	28:22:00--------/caseRecord/patchSatusIsCompleted---PATCH---JsonWebTokenError: invalid signature: token.verify-accessToken
17-01-2024	47:55:00--------/caseRecord/patchSatusIsCompleted---PATCH---JsonWebTokenError: invalid signature: token.verify-accessToken
17-01-2024	50:30:01--------/caseRecord/patchSatusIsCompleted---PATCH---JsonWebTokenError: invalid signature: token.verify-accessToken
17-01-2024	20:20:02--------/caseRecord/patchSatusIsCompleted---PATCH---JsonWebTokenError: invalid signature: token.verify-accessToken
17-01-2024	12:21:02--------/caseRecord/patchSatusIsCompleted---PATCH---JsonWebTokenError: invalid signature: token.verify-accessToken
17-01-2024	49:21:02--------/caseRecord/patchSatusIsCompleted---PATCH---JsonWebTokenError: invalid signature: token.verify-accessToken
17-01-2024	54:21:02--------/caseRecord/patchSatusIsCompleted---PATCH---JsonWebTokenError: invalid signature: token.verify-accessToken
17-01-2024	01:22:02--------/caseRecord/createLock---POST---JsonWebTokenError: invalid signature: token.verify-accessToken
17-01-2024	02:22:02--------/caseRecord/deleteLock---DELETE---JsonWebTokenError: invalid signature: token.verify-accessToken
17-01-2024	57:35:03--------/caseRecord/patchSatusIsCompletedPrescription---PATCH---TokenExpiredError: jwt expired: token.verify-accessToken
