04-12-2023	22:12:13--------/getCaseRecordDescription?uuid_caseRecord=a5734e39-0631-4ebc-9fac-7de9faa80a84&pageNumber=1---GET---JsonWebTokenError: invalid signature: token.verify-accessToken
04-12-2023	23:12:13--------/getCaseRecordImage?uuid_caseRecord=a5734e39-0631-4ebc-9fac-7de9faa80a84&pageNumber=1---GET---JsonWebTokenError: invalid signature: token.verify-accessToken
04-12-2023	10:13:13--------/getCaseRecordDescription?uuid_caseRecord=762c591d-b8b9-4328-8383-038782e658dd&pageNumber=1---GET---JsonWebTokenError: invalid signature: token.verify-accessToken
04-12-2023	11:13:13--------/getCaseRecordImage?uuid_caseRecord=762c591d-b8b9-4328-8383-038782e658dd&pageNumber=1---GET---JsonWebTokenError: invalid signature: token.verify-accessToken
04-12-2023	25:15:13--------Redis Client Error Error: Connection timeout
04-12-2023	04:16:13--------/getCaseRecordDescription?uuid_caseRecord=a5734e39-0631-4ebc-9fac-7de9faa80a84&pageNumber=1---GET---JsonWebTokenError: invalid signature: token.verify-accessToken
04-12-2023	04:16:13--------/getCaseRecordImage?uuid_caseRecord=a5734e39-0631-4ebc-9fac-7de9faa80a84&pageNumber=1---GET---JsonWebTokenError: invalid signature: token.verify-accessToken
04-12-2023	08:14:18--------/getCaseRecordDescription?uuid_caseRecord=762c591d-b8b9-4328-8383-038782e658dd&pageNumber=1---GET---JsonWebTokenError: invalid signature: token.verify-accessToken
04-12-2023	08:14:18--------/getCaseRecordImage?uuid_caseRecord=762c591d-b8b9-4328-8383-038782e658dd&pageNumber=1---GET---JsonWebTokenError: invalid signature: token.verify-accessToken
04-12-2023	28:47:18--------Redis Client Error Error: Connection timeout
05-12-2023	24:08:01--------/getCaseRecord?uuid_caseRecord=762c591d-b8b9-4328-8383-038782e658dd---GET---TokenExpiredError: jwt expired: token.verify-accessToken
05-12-2023	24:08:01--------/getCaseRecordDescription?uuid_caseRecord=762c591d-b8b9-4328-8383-038782e658dd&pageNumber=1---GET---JsonWebTokenError: invalid signature: token.verify-accessToken
05-12-2023	24:08:01--------/getCaseRecordImage?uuid_caseRecord=762c591d-b8b9-4328-8383-038782e658dd&pageNumber=1---GET---JsonWebTokenError: invalid signature: token.verify-accessToken
05-12-2023	28:08:01--------/getCaseRecord?uuid_caseRecord=762c591d-b8b9-4328-8383-038782e658dd---GET---TokenExpiredError: jwt expired: token.verify-accessToken
05-12-2023	53:11:01--------/getCaseRecord?uuid_caseRecord=762c591d-b8b9-4328-8383-038782e658dd---GET---JsonWebTokenError: invalid signature: token.verify-accessToken
05-12-2023	58:12:01--------/getCaseRecord?uuid_caseRecord=762c591d-b8b9-4328-8383-038782e658dd---GET---JsonWebTokenError: invalid signature: token.verify-accessToken
05-12-2023	40:29:09--------/getCaseRecord?uuid_caseRecord=762c591d-b8b9-4328-8383-038782e658dd---GET---JsonWebTokenError: invalid signature: token.verify-accessToken
05-12-2023	12:30:09--------/getCaseRecord?uuid_caseRecord=762c591d-b8b9-4328-8383-038782e658dd---GET---JsonWebTokenError: invalid signature: token.verify-accessToken
05-12-2023	52:30:09--------/getCaseRecord?uuid_caseRecord=762c591d-b8b9-4328-8383-038782e658dd---GET---JsonWebTokenError: invalid signature: token.verify-accessToken
05-12-2023	07:32:09--------/getCaseRecord?uuid_caseRecord=762c591d-b8b9-4328-8383-038782e658dd---GET---TokenExpiredError: jwt expired: token.verify-accessToken
05-12-2023	40:37:09--------/getCaseRecord?uuid_caseRecord=762c591d-b8b9-4328-8383-038782e658dd---GET---JsonWebTokenError: invalid signature: token.verify-accessToken
05-12-2023	45:02:10--------/getCaseRecord?uuid_caseRecord=762c591d-b8b9-4328-8383-038782e658dd---GET---JsonWebTokenError: invalid signature: token.verify-accessToken
05-12-2023	45:02:10--------/getCaseRecord?uuid_caseRecord=762c591d-b8b9-4328-8383-038782e658dd---GET---JsonWebTokenError: invalid signature: token.verify-accessToken
05-12-2023	46:02:10--------/getCaseRecordDescription?uuid_caseRecord=762c591d-b8b9-4328-8383-038782e658dd&pageNumber=1---GET---JsonWebTokenError: invalid signature: token.verify-accessToken
05-12-2023	46:02:10--------/getCaseRecordImage?uuid_caseRecord=762c591d-b8b9-4328-8383-038782e658dd&pageNumber=1---GET---JsonWebTokenError: invalid signature: token.verify-accessToken
05-12-2023	58:04:10--------/getCaseRecord?uuid_caseRecord=762c591d-b8b9-4328-8383-038782e658dd---GET---JsonWebTokenError: invalid signature: token.verify-accessToken
05-12-2023	06:06:10--------/getCaseRecord?uuid_caseRecord=762c591d-b8b9-4328-8383-038782e658dd---GET---JsonWebTokenError: invalid signature: token.verify-accessToken
05-12-2023	34:11:10--------/getCaseRecord?uuid_caseRecord=762c591d-b8b9-4328-8383-038782e658dd---GET---JsonWebTokenError: invalid signature: token.verify-accessToken
05-12-2023	59:12:10--------/getCaseRecord?uuid_caseRecord=762c591d-b8b9-4328-8383-038782e658dd---GET---JsonWebTokenError: invalid signature: token.verify-accessToken
05-12-2023	38:13:10--------/getCaseRecord?uuid_caseRecord=762c591d-b8b9-4328-8383-038782e658dd---GET---JsonWebTokenError: invalid signature: token.verify-accessToken
05-12-2023	45:14:10--------/getCaseRecord?uuid_caseRecord=762c591d-b8b9-4328-8383-038782e658dd---GET---JsonWebTokenError: invalid signature: token.verify-accessToken
05-12-2023	14:17:10--------/getCaseRecord?uuid_caseRecord=762c591d-b8b9-4328-8383-038782e658dd---GET---JsonWebTokenError: invalid signature: token.verify-accessToken
05-12-2023	25:18:10--------/getCaseRecord?uuid_caseRecord=762c591d-b8b9-4328-8383-038782e658dd---GET---JsonWebTokenError: invalid signature: token.verify-accessToken
05-12-2023	01:21:10--------/getCaseRecord?uuid_caseRecord=762c591d-b8b9-4328-8383-038782e658dd---GET---TokenExpiredError: jwt expired: token.verify-accessToken
05-12-2023	39:22:10--------/getCaseRecord?uuid_caseRecord=762c591d-b8b9-4328-8383-038782e658dd---GET---JsonWebTokenError: invalid signature: token.verify-accessToken
05-12-2023	06:38:18--------/getCaseRecord?uuid_caseRecord=762c591d-b8b9-4328-8383-038782e658dd---GET---JsonWebTokenError: invalid signature: token.verify-accessToken
05-12-2023	36:41:18--------/getCaseRecord?uuid_caseRecord=762c591d-b8b9-4328-8383-038782e658dd---GET---JsonWebTokenError: invalid signature: token.verify-accessToken
05-12-2023	58:41:18--------/getCaseRecord?uuid_caseRecord=762c591d-b8b9-4328-8383-038782e658dd---GET---JsonWebTokenError: invalid signature: token.verify-accessToken
05-12-2023	09:43:18--------/getCaseRecord?uuid_caseRecord=762c591d-b8b9-4328-8383-038782e658dd---GET---JsonWebTokenError: invalid signature: token.verify-accessToken
05-12-2023	08:38:19--------/getCaseRecord?uuid_caseRecord=762c591d-b8b9-4328-8383-038782e658dd---GET---JsonWebTokenError: invalid signature: token.verify-accessToken
05-12-2023	19:38:19--------/getCaseRecord?uuid_caseRecord=762c591d-b8b9-4328-8383-038782e658dd---GET---JsonWebTokenError: invalid signature: token.verify-accessToken
05-12-2023	44:52:19--------/getCaseRecord?uuid_caseRecord=762c591d-b8b9-4328-8383-038782e658dd---GET---JsonWebTokenError: invalid signature: token.verify-accessToken
06-12-2023	46:20:00--------/getCaseRecord?uuid_caseRecord=762c591d-b8b9-4328-8383-038782e658dd---GET---JsonWebTokenError: invalid signature: token.verify-accessToken
06-12-2023	52:20:00--------/getCaseRecord?uuid_caseRecord=762c591d-b8b9-4328-8383-038782e658dd---GET---JsonWebTokenError: invalid signature: token.verify-accessToken
06-12-2023	06:51:03--------/getCaseRecord?uuid_caseRecord=762c591d-b8b9-4328-8383-038782e658dd---GET---JsonWebTokenError: invalid signature: token.verify-accessToken
06-12-2023	43:54:03--------/getCaseRecord?uuid_caseRecord=762c591d-b8b9-4328-8383-038782e658dd---GET---JsonWebTokenError: invalid signature: token.verify-accessToken
06-12-2023	49:55:03--------/getCaseRecord?uuid_caseRecord=762c591d-b8b9-4328-8383-038782e658dd---GET---JsonWebTokenError: invalid signature: token.verify-accessToken
06-12-2023	57:56:03--------/getCaseRecord?uuid_caseRecord=762c591d-b8b9-4328-8383-038782e658dd---GET---JsonWebTokenError: invalid signature: token.verify-accessToken
06-12-2023	06:57:03--------/getCaseRecord?uuid_caseRecord=762c591d-b8b9-4328-8383-038782e658dd---GET---JsonWebTokenError: invalid signature: token.verify-accessToken
06-12-2023	11:58:03--------/getCaseRecord?uuid_caseRecord=762c591d-b8b9-4328-8383-038782e658dd---GET---JsonWebTokenError: invalid signature: token.verify-accessToken
06-12-2023	13:06:04--------/getCaseRecord?uuid_caseRecord=762c591d-b8b9-4328-8383-038782e658dd---GET---JsonWebTokenError: invalid signature: token.verify-accessToken
06-12-2023	29:07:04--------/getCaseRecord?uuid_caseRecord=762c591d-b8b9-4328-8383-038782e658dd---GET---JsonWebTokenError: invalid signature: token.verify-accessToken
06-12-2023	02:31:14--------/getCaseRecord?uuid_caseRecord=762c591d-b8b9-4328-8383-038782e658dd---GET---JsonWebTokenError: invalid signature: token.verify-accessToken
06-12-2023	42:32:14--------/getCaseRecord?uuid_caseRecord=762c591d-b8b9-4328-8383-038782e658dd---GET---JsonWebTokenError: invalid signature: token.verify-accessToken
06-12-2023	17:29:23--------/getCaseRecord?uuid_caseRecord=762c591d-b8b9-4328-8383-038782e658dd---GET---JsonWebTokenError: invalid signature: token.verify-accessToken
06-12-2023	01:57:23--------/getCaseRecord?uuid_caseRecord=762c591d-b8b9-4328-8383-038782e658dd---GET---JsonWebTokenError: invalid signature: token.verify-accessToken
07-12-2023	56:30:00--------/getCaseRecord?uuid_caseRecord=762c591d-b8b9-4328-8383-038782e658dd---GET---JsonWebTokenError: invalid signature: token.verify-accessToken
07-12-2023	38:32:00--------/getCaseRecord?uuid_caseRecord=762c591d-b8b9-4328-8383-038782e658dd---GET---JsonWebTokenError: invalid signature: token.verify-accessToken
07-12-2023	55:34:00--------/getCaseRecord?uuid_caseRecord=762c591d-b8b9-4328-8383-038782e658dd---GET---JsonWebTokenError: invalid signature: token.verify-accessToken
07-12-2023	06:36:00--------/getCaseRecord?uuid_caseRecord=762c591d-b8b9-4328-8383-038782e658dd---GET---JsonWebTokenError: invalid signature: token.verify-accessToken
07-12-2023	53:36:00--------/getCaseRecord?uuid_caseRecord=762c591d-b8b9-4328-8383-038782e658dd---GET---JsonWebTokenError: invalid signature: token.verify-accessToken
07-12-2023	48:11:01--------/getCaseRecord?uuid_caseRecord=762c591d-b8b9-4328-8383-038782e658dd---GET---JsonWebTokenError: invalid signature: token.verify-accessToken
07-12-2023	04:12:01--------/getCaseRecord?uuid_caseRecord=762c591d-b8b9-4328-8383-038782e658dd---GET---JsonWebTokenError: invalid signature: token.verify-accessToken
07-12-2023	42:47:02--------/getCaseRecord?uuid_caseRecord=762c591d-b8b9-4328-8383-038782e658dd---GET---JsonWebTokenError: invalid signature: token.verify-accessToken
07-12-2023	32:49:02--------/getCaseRecord?uuid_caseRecord=762c591d-b8b9-4328-8383-038782e658dd---GET---JsonWebTokenError: invalid signature: token.verify-accessToken
07-12-2023	34:50:02--------/getCaseRecord?uuid_caseRecord=762c591d-b8b9-4328-8383-038782e658dd---GET---JsonWebTokenError: invalid signature: token.verify-accessToken
07-12-2023	44:54:02--------/getCaseRecord?uuid_caseRecord=762c591d-b8b9-4328-8383-038782e658dd---GET---JsonWebTokenError: invalid signature: token.verify-accessToken
07-12-2023	16:00:03--------/getCaseRecord?uuid_caseRecord=762c591d-b8b9-4328-8383-038782e658dd---GET---JsonWebTokenError: invalid signature: token.verify-accessToken
07-12-2023	37:01:03--------/getCaseRecord?uuid_caseRecord=762c591d-b8b9-4328-8383-038782e658dd---GET---JsonWebTokenError: invalid signature: token.verify-accessToken
07-12-2023	51:04:03--------/getCaseRecord?uuid_caseRecord=762c591d-b8b9-4328-8383-038782e658dd---GET---JsonWebTokenError: invalid signature: token.verify-accessToken
07-12-2023	29:07:03--------/getCaseRecord?uuid_caseRecord=762c591d-b8b9-4328-8383-038782e658dd---GET---JsonWebTokenError: invalid signature: token.verify-accessToken
07-12-2023	27:36:03--------/getCaseRecord?uuid_caseRecord=undefined---GET---TokenExpiredError: jwt expired: token.verify-accessToken
07-12-2023	28:36:03--------/getCaseRecord?uuid_caseRecord=undefined---GET---TokenExpiredError: jwt expired: token.verify-accessToken
07-12-2023	28:37:03--------/getCaseRecord?uuid_caseRecord=762c591d-b8b9-4328-8383-038782e658dd---GET---TokenExpiredError: jwt expired: token.verify-accessToken
07-12-2023	18:45:03--------/getCaseRecord?uuid_caseRecord=762c591d-b8b9-4328-8383-038782e658dd---GET---JsonWebTokenError: invalid signature: token.verify-accessToken
07-12-2023	07:47:03--------/getCaseRecord?uuid_caseRecord=762c591d-b8b9-4328-8383-038782e658dd---GET---JsonWebTokenError: invalid signature: token.verify-accessToken
07-12-2023	20:51:03--------/getCaseRecord?uuid_caseRecord=762c591d-b8b9-4328-8383-038782e658dd---GET---JsonWebTokenError: invalid signature: token.verify-accessToken
07-12-2023	35:56:05--------/getCaseRecord?uuid_caseRecord=762c591d-b8b9-4328-8383-038782e658dd---GET---JsonWebTokenError: invalid signature: token.verify-accessToken
07-12-2023	11:01:06--------/getCaseRecord?uuid_caseRecord=762c591d-b8b9-4328-8383-038782e658dd---GET---JsonWebTokenError: invalid signature: token.verify-accessToken
07-12-2023	13:02:06--------/getCaseRecord?uuid_caseRecord=762c591d-b8b9-4328-8383-038782e658dd---GET---JsonWebTokenError: invalid signature: token.verify-accessToken
07-12-2023	58:03:06--------/getCaseRecord?uuid_caseRecord=762c591d-b8b9-4328-8383-038782e658dd---GET---JsonWebTokenError: invalid signature: token.verify-accessToken
07-12-2023	02:05:06--------/getCaseRecord?uuid_caseRecord=762c591d-b8b9-4328-8383-038782e658dd---GET---JsonWebTokenError: invalid signature: token.verify-accessToken
07-12-2023	16:09:06--------/getCaseRecord?uuid_caseRecord=762c591d-b8b9-4328-8383-038782e658dd---GET---JsonWebTokenError: invalid signature: token.verify-accessToken
