13-09-2023	07:46:00--------/sickPerson/getfromCaseRecord?uuid_user=4189f631-e74b-423e-a52d-d10722ee104c---GET---JsonWebTokenError: invalid signature
17-09-2023	07:56:00--------/doctorOrPharmacist/getfromCaseRecord/search?uuid_doctorOrPharmacist=28493b78-4cbd-4cb5-8e9e-0c1e7c5c45d6---GET---TokenExpiredError: jwt expired
17-09-2023	07:56:00--------/doctorOrPharmacist/getfromCaseRecord/search?uuid_doctorOrPharmacist=28493b78-4cbd-4cb5-8e9e-0c1e7c5c45d6---GET---null
17-09-2023	10:01:01--------/doctorOrPharmacist/getfromCaseRecord/search?uuid_doctorOrPharmacist=---GET---TokenExpiredError: jwt expired
17-09-2023	10:01:01--------/doctorOrPharmacist/getfromCaseRecord/search?uuid_doctorOrPharmacist=---GET---null
17-09-2023	32:06:01--------/doctorOrPharmacist/getfromCaseRecord/search?uuid_doctorOrPharmacist=---GET---TokenExpiredError: jwt expired
17-09-2023	32:06:01--------/doctorOrPharmacist/getfromCaseRecord/search?uuid_doctorOrPharmacist=---GET---null
17-09-2023	05:16:01--------/doctorOrPharmacist/getfromCaseRecord/search?uuid_doctorOrPharmacist=---GET---TokenExpiredError: jwt expired
17-09-2023	05:16:01--------/doctorOrPharmacist/getfromCaseRecord/search?uuid_doctorOrPharmacist=---GET---null
17-09-2023	55:30:08--------/doctorOrPharmacist/getfromCaseRecord/search?uuid_doctorOrPharmacist=28493b78-4cbd-4cb5-8e9e-0c1e7c5c45d---GET---TokenExpiredError: jwt expired
17-09-2023	55:30:08--------/doctorOrPharmacist/getfromCaseRecord/search?uuid_doctorOrPharmacist=28493b78-4cbd-4cb5-8e9e-0c1e7c5c45d---GET---null
17-09-2023	24:46:08--------/doctorOrPharmacist/getfromCaseRecord/search?uuid_doctorOrPharmacist=28493b78-4cbd-4cb5-8e9e-0c1e7c5c45d6---GET---TokenExpiredError: jwt expired
17-09-2023	24:46:08--------/doctorOrPharmacist/getfromCaseRecord/search?uuid_doctorOrPharmacist=28493b78-4cbd-4cb5-8e9e-0c1e7c5c45d6---GET---null
17-09-2023	32:05:14--------/doctorOrPharmacist/getfromCaseRecord/search?uuid_doctorOrPharmacist=---GET---TokenExpiredError: jwt expired
17-09-2023	32:05:14--------/doctorOrPharmacist/getfromCaseRecord/search?uuid_doctorOrPharmacist=---GET---null
17-09-2023	25:45:14--------/doctorOrPharmacist/getfromCaseRecord/search?uuid_doctorOrPharmacist=---GET---TokenExpiredError: jwt expired
17-09-2023	25:45:14--------/doctorOrPharmacist/getfromCaseRecord/search?uuid_doctorOrPharmacist=---GET---null
17-09-2023	06:54:14--------/doctorOrPharmacist/getfromCaseRecord/search?uuid_doctorOrPharmacist=28493b78-4cbd-4cb5-8e9e-0c1e7c5c45d---GET---TokenExpiredError: jwt expired
17-09-2023	06:54:14--------/doctorOrPharmacist/getfromCaseRecord/search?uuid_doctorOrPharmacist=28493b78-4cbd-4cb5-8e9e-0c1e7c5c45d---GET---null
17-09-2023	24:15:15--------/doctorOrPharmacist/getfromCaseRecord/search?uuid_doctorOrPharmacist=---GET---TokenExpiredError: jwt expired
17-09-2023	24:15:15--------/doctorOrPharmacist/getfromCaseRecord/search?uuid_doctorOrPharmacist=---GET---null
17-09-2023	34:20:15--------/doctorOrPharmacist/getfromCaseRecord/search?uuid_doctorOrPharmacist=---GET---TokenExpiredError: jwt expired
17-09-2023	34:20:15--------/doctorOrPharmacist/getfromCaseRecord/search?uuid_doctorOrPharmacist=---GET---null
17-09-2023	53:23:15--------/doctorOrPharmacist/getfromCaseRecord/search?uuid_doctorOrPharmacist=---GET---TokenExpiredError: jwt expired
17-09-2023	53:23:15--------/doctorOrPharmacist/getfromCaseRecord/search?uuid_doctorOrPharmacist=---GET---null
17-09-2023	08:29:15--------/doctorOrPharmacist/getfromCaseRecord/search?uuid_doctorOrPharmacist=28493b78-4cbd-4cb5-8e9e-0c1e7c5c45d66---GET---TokenExpiredError: jwt expired
17-09-2023	08:29:15--------/doctorOrPharmacist/getfromCaseRecord/search?uuid_doctorOrPharmacist=28493b78-4cbd-4cb5-8e9e-0c1e7c5c45d66---GET---null
17-09-2023	22:31:17--------/doctorOrPharmacist/getfromCaseRecord/search?uuid_doctorOrPharmacist=---GET---TokenExpiredError: jwt expired
17-09-2023	22:31:17--------/doctorOrPharmacist/getfromCaseRecord/search?uuid_doctorOrPharmacist=---GET---null
17-09-2023	51:37:17--------/doctorOrPharmacist/getfromCaseRecord/search?uuid_doctorOrPharmacist=---GET---TokenExpiredError: jwt expired
17-09-2023	51:37:17--------/doctorOrPharmacist/getfromCaseRecord/search?uuid_doctorOrPharmacist=---GET---null
17-09-2023	03:23:21--------/doctorOrPharmacist/getfromCaseRecord/search?uuid_doctorOrPharmacist=---GET---TokenExpiredError: jwt expired
17-09-2023	03:23:21--------/doctorOrPharmacist/getfromCaseRecord/search?uuid_doctorOrPharmacist=---GET---null
17-09-2023	11:57:22--------/doctorOrPharmacist/getfromCaseRecord/search?uuid_doctorOrPharmacist=28493b78-4cbd-4cb5-8e9e-0c1e7c5c45d6---GET---TokenExpiredError: jwt expired
17-09-2023	11:57:22--------/doctorOrPharmacist/getfromCaseRecord/search?uuid_doctorOrPharmacist=28493b78-4cbd-4cb5-8e9e-0c1e7c5c45d6---GET---null
17-09-2023	13:02:23--------/doctorOrPharmacist/getfromCaseRecord/search?uuid_doctorOrPharmacist=---GET---TokenExpiredError: jwt expired
17-09-2023	13:02:23--------/doctorOrPharmacist/getfromCaseRecord/search?uuid_doctorOrPharmacist=---GET---null
17-09-2023	30:38:23--------/doctorOrPharmacist/getfromCaseRecord/search?uuid_doctorOrPharmacist=---GET---TokenExpiredError: jwt expired
17-09-2023	30:38:23--------/doctorOrPharmacist/getfromCaseRecord/search?uuid_doctorOrPharmacist=---GET---null
17-09-2023	14:47:23--------/doctorOrPharmacist/getfromCaseRecord/search?uuid_doctorOrPharmacist=---GET---TokenExpiredError: jwt expired
17-09-2023	14:47:23--------/doctorOrPharmacist/getfromCaseRecord/search?uuid_doctorOrPharmacist=---GET---null
18-09-2023	42:01:01--------/doctorOrPharmacist/getfromCaseRecord/search?uuid_doctorOrPharmacist=28493b78-4cbd-4cb5-8e9e-0c1e7c5c45d6---GET---TokenExpiredError: jwt expired
18-09-2023	42:01:01--------/doctorOrPharmacist/getfromCaseRecord/search?uuid_doctorOrPharmacist=28493b78-4cbd-4cb5-8e9e-0c1e7c5c45d6---GET---null
18-09-2023	44:04:01--------/doctorOrPharmacist/getfromCaseRecord/search?uuid_doctorOrPharmacist=---GET---TokenExpiredError: jwt expired
18-09-2023	44:04:01--------/doctorOrPharmacist/getfromCaseRecord/search?uuid_doctorOrPharmacist=---GET---null
18-09-2023	29:28:02--------/doctorOrPharmacist/getfromCaseRecord/search?uuid_doctorOrPharmacist=---GET---TokenExpiredError: jwt expired
18-09-2023	29:28:02--------/doctorOrPharmacist/getfromCaseRecord/search?uuid_doctorOrPharmacist=---GET---null
18-09-2023	53:36:02--------/doctorOrPharmacist/getfromCaseRecord/search?uuid_doctorOrPharmacist=---GET---TokenExpiredError: jwt expired
18-09-2023	53:36:02--------/doctorOrPharmacist/getfromCaseRecord/search?uuid_doctorOrPharmacist=---GET---null
