07-02-2024	07:20:20--------/getNotificationCount?type=normal&status=receved---GET---JsonWebTokenError: invalid signature: token.verify-accessToken
07-02-2024	08:20:20--------/getNotificationCount?type=now&status=receved---GET---JsonWebTokenError: invalid signature: token.verify-accessToken
07-02-2024	22:20:20--------/getNotificationCount?type=now&status=receved---GET---JsonWebTokenError: invalid signature: token.verify-accessToken
07-02-2024	22:20:20--------/getNotificationCount?type=normal&status=receved---GET---JsonWebTokenError: invalid signature: token.verify-accessToken
07-02-2024	42:22:20--------/getNotificationCount?type=normal&status=receved---GET---JsonWebTokenError: invalid signature: token.verify-accessToken
07-02-2024	42:22:20--------/getNotificationCount?type=now&status=receved---GET---JsonWebTokenError: invalid signature: token.verify-accessToken
07-02-2024	50:23:20--------/getNotificationCount?type=normal&status=receved---GET---JsonWebTokenError: invalid signature: token.verify-accessToken
07-02-2024	50:23:20--------/getNotificationCount?type=now&status=receved---GET---JsonWebTokenError: invalid signature: token.verify-accessToken
07-02-2024	05:27:20--------/getNotificationCount?type=normal&status=receved---GET---TokenExpiredError: jwt expired: token.verify-accessToken
07-02-2024	05:27:20--------/getNotificationCount?type=now&status=receved---GET---JsonWebTokenError: invalid signature: token.verify-accessToken
07-02-2024	53:29:20--------/getNotificationCount?type=now&status=receved---GET---JsonWebTokenError: invalid signature: token.verify-accessToken
07-02-2024	53:29:20--------/getNotificationCount?type=normal&status=receved---GET---JsonWebTokenError: invalid signature: token.verify-accessToken
07-02-2024	59:30:20--------/getNotificationCount?type=normal&status=receved---GET---JsonWebTokenError: invalid signature: token.verify-accessToken
07-02-2024	47:10:23--------/getNotificationCount?type=normal&status=receved---GET---JsonWebTokenError: invalid signature: token.verify-accessToken
07-02-2024	47:10:23--------/getNotificationCount?type=now&status=receved---GET---JsonWebTokenError: invalid signature: token.verify-accessToken
08-02-2024	15:10:09--------Redis Client Error Error: Connection timeout
08-02-2024	12:20:09--------/getNotificationCount?type=now&status=receved---GET---JsonWebTokenError: invalid signature: token.verify-accessToken
08-02-2024	12:20:09--------/getNotificationCount?type=normal&status=receved---GET---JsonWebTokenError: invalid signature: token.verify-accessToken
08-02-2024	12:23:09--------/getNotificationCount?type=normal&status=receved---GET---JsonWebTokenError: invalid signature: token.verify-accessToken
08-02-2024	12:23:09--------/getNotificationCount?type=now&status=receved---GET---JsonWebTokenError: invalid signature: token.verify-accessToken
08-02-2024	30:23:09--------/getNotificationCount?type=normal&status=receved---GET---JsonWebTokenError: invalid signature: token.verify-accessToken
08-02-2024	30:23:09--------/getNotificationCount?type=now&status=receved---GET---JsonWebTokenError: invalid signature: token.verify-accessToken
08-02-2024	49:21:23--------/getNotificationCount?type=now&status=receved---GET---JsonWebTokenError: invalid signature: token.verify-accessToken
08-02-2024	50:21:23--------/getNotificationCount?type=normal&status=receved---GET---JsonWebTokenError: invalid signature: token.verify-accessToken
08-02-2024	30:22:23--------/getNotificationCount?type=now&status=receved---GET---JsonWebTokenError: invalid signature: token.verify-accessToken
08-02-2024	30:22:23--------/getNotificationCount?type=normal&status=receved---GET---JsonWebTokenError: invalid signature: token.verify-accessToken
08-02-2024	51:22:23--------/getNotificationCount?type=normal&status=receved---GET---JsonWebTokenError: invalid signature: token.verify-accessToken
08-02-2024	51:22:23--------/getNotificationCount?type=now&status=receved---GET---JsonWebTokenError: invalid signature: token.verify-accessToken
08-02-2024	33:24:23--------/getNotificationCount?type=normal&status=receved---GET---JsonWebTokenError: invalid signature: token.verify-accessToken
08-02-2024	33:24:23--------/getNotificationCount?type=now&status=receved---GET---JsonWebTokenError: invalid signature: token.verify-accessToken
08-02-2024	38:25:23--------/getNotificationCount?type=now&status=receved---GET---JsonWebTokenError: invalid signature: token.verify-accessToken
08-02-2024	38:25:23--------/getNotificationCount?type=normal&status=receved---GET---JsonWebTokenError: invalid signature: token.verify-accessToken
08-02-2024	35:57:23--------/getNotificationCount?type=normal&status=receved---GET---JsonWebTokenError: invalid signature: token.verify-accessToken
08-02-2024	35:57:23--------/getNotificationCount?type=now&status=receved---GET---JsonWebTokenError: invalid signature: token.verify-accessToken
09-02-2024	43:24:02--------/getNotificationCount?type=now&status=receved---GET---JsonWebTokenError: invalid signature: token.verify-accessToken
09-02-2024	43:24:02--------/getNotificationCount?type=normal&status=receved---GET---JsonWebTokenError: invalid signature: token.verify-accessToken
09-02-2024	56:25:04--------/getNotificationCount?type=now&status=receved---GET---JsonWebTokenError: invalid signature: token.verify-accessToken
09-02-2024	56:25:04--------/getNotificationCount?type=normal&status=receved---GET---JsonWebTokenError: invalid signature: token.verify-accessToken
09-02-2024	56:25:04--------/getNotificationCount?type=now&status=receved---GET---JsonWebTokenError: invalid signature: token.verify-accessToken
09-02-2024	56:25:04--------/getNotificationCount?type=normal&status=receved---GET---JsonWebTokenError: invalid signature: token.verify-accessToken
09-02-2024	28:31:04--------/getNotificationCount?type=normal&status=receved---GET---JsonWebTokenError: invalid signature: token.verify-accessToken
09-02-2024	28:31:04--------/getNotificationCount?type=now&status=receved---GET---JsonWebTokenError: invalid signature: token.verify-accessToken
09-02-2024	52:33:04--------/getNotificationCount?type=now&status=receved---GET---JsonWebTokenError: invalid signature: token.verify-accessToken
09-02-2024	52:33:04--------/getNotificationCount?type=normal&status=receved---GET---JsonWebTokenError: invalid signature: token.verify-accessToken
09-02-2024	08:35:04--------/getNotificationCount?type=normal&status=receved---GET---JsonWebTokenError: invalid signature: token.verify-accessToken
09-02-2024	08:35:04--------/getNotificationCount?type=now&status=receved---GET---JsonWebTokenError: invalid signature: token.verify-accessToken
09-02-2024	11:38:04--------/getNotificationCount?type=normal&status=receved---GET---JsonWebTokenError: invalid signature: token.verify-accessToken
09-02-2024	11:38:04--------/getNotificationCount?type=now&status=receved---GET---JsonWebTokenError: invalid signature: token.verify-accessToken
09-02-2024	12:38:04--------/getNotificationCount?type=normal&status=receved---GET---JsonWebTokenError: invalid signature: token.verify-accessToken
09-02-2024	12:38:04--------/getNotificationCount?type=now&status=receved---GET---JsonWebTokenError: invalid signature: token.verify-accessToken
09-02-2024	13:38:04--------/getNotificationCount?type=normal&status=receved---GET---JsonWebTokenError: invalid signature: token.verify-accessToken
09-02-2024	13:38:04--------/getNotificationCount?type=now&status=receved---GET---JsonWebTokenError: invalid signature: token.verify-accessToken
09-02-2024	13:38:04--------/getNotificationCount?type=normal&status=receved---GET---JsonWebTokenError: invalid signature: token.verify-accessToken
09-02-2024	13:38:04--------/getNotificationCount?type=now&status=receved---GET---JsonWebTokenError: invalid signature: token.verify-accessToken
09-02-2024	18:47:04--------/getNotificationCount?type=normal&status=receved---GET---JsonWebTokenError: invalid signature: token.verify-accessToken
09-02-2024	18:47:04--------/getNotificationCount?type=now&status=receved---GET---JsonWebTokenError: invalid signature: token.verify-accessToken
09-02-2024	19:47:04--------/getNotificationCount?type=now&status=receved---GET---JsonWebTokenError: invalid signature: token.verify-accessToken
09-02-2024	19:47:04--------/getNotificationCount?type=normal&status=receved---GET---JsonWebTokenError: invalid signature: token.verify-accessToken
09-02-2024	31:54:04--------/getNotificationCount?type=now&status=receved---GET---JsonWebTokenError: invalid signature: token.verify-accessToken
09-02-2024	31:54:04--------/getNotificationCount?type=normal&status=receved---GET---JsonWebTokenError: invalid signature: token.verify-accessToken
09-02-2024	32:54:04--------/getNotificationCount?type=normal&status=receved---GET---JsonWebTokenError: invalid signature: token.verify-accessToken
09-02-2024	32:54:04--------/getNotificationCount?type=now&status=receved---GET---JsonWebTokenError: invalid signature: token.verify-accessToken
09-02-2024	32:54:04--------/getNotificationCount?type=normal&status=receved---GET---JsonWebTokenError: invalid signature: token.verify-accessToken
09-02-2024	33:54:04--------/getNotificationCount?type=now&status=receved---GET---JsonWebTokenError: invalid signature: token.verify-accessToken
09-02-2024	10:16:05--------/getNotificationCount?type=now&status=receved---GET---JsonWebTokenError: invalid signature: token.verify-accessToken
09-02-2024	10:16:05--------/getNotificationCount?type=normal&status=receved---GET---JsonWebTokenError: invalid signature: token.verify-accessToken
09-02-2024	14:16:05--------/getNotificationCount?type=normal&status=receved---GET---JsonWebTokenError: invalid signature: token.verify-accessToken
09-02-2024	15:16:05--------/getNotificationCount?type=now&status=receved---GET---JsonWebTokenError: invalid signature: token.verify-accessToken
09-02-2024	15:16:05--------/getNotificationCount?type=normal&status=receved---GET---JsonWebTokenError: invalid signature: token.verify-accessToken
09-02-2024	15:16:05--------/getNotificationCount?type=now&status=receved---GET---JsonWebTokenError: invalid signature: token.verify-accessToken
09-02-2024	39:16:05--------/getNotificationCount?type=normal&status=receved---GET---JsonWebTokenError: invalid signature: token.verify-accessToken
09-02-2024	39:16:05--------/getNotificationCount?type=now&status=receved---GET---JsonWebTokenError: invalid signature: token.verify-accessToken
09-02-2024	40:16:05--------/getNotificationCount?type=now&status=receved---GET---JsonWebTokenError: invalid signature: token.verify-accessToken
09-02-2024	40:16:05--------/getNotificationCount?type=normal&status=receved---GET---JsonWebTokenError: invalid signature: token.verify-accessToken
09-02-2024	19:13:09--------Redis Client Error Error: Connection timeout
09-02-2024	20:10:12--------/getNotificationCount?type=normal&status=receved---GET---JsonWebTokenError: invalid signature: token.verify-accessToken
09-02-2024	21:10:12--------/getNotificationCount?type=now&status=receved---GET---JsonWebTokenError: invalid signature: token.verify-accessToken
09-02-2024	21:10:12--------/getNotificationCount?type=normal&status=receved---GET---JsonWebTokenError: invalid signature: token.verify-accessToken
09-02-2024	21:10:12--------/getNotificationCount?type=now&status=receved---GET---JsonWebTokenError: invalid signature: token.verify-accessToken
09-02-2024	27:19:12--------/getNotificationCount?type=now&status=receved---GET---JsonWebTokenError: invalid signature: token.verify-accessToken
09-02-2024	27:19:12--------/getNotificationCount?type=normal&status=receved---GET---JsonWebTokenError: invalid signature: token.verify-accessToken
09-02-2024	07:29:12--------/getNotificationCount?type=normal&status=receved---GET---JsonWebTokenError: invalid signature: token.verify-accessToken
09-02-2024	07:29:12--------/getNotificationCount?type=now&status=receved---GET---JsonWebTokenError: invalid signature: token.verify-accessToken
09-02-2024	59:39:17--------/getNotificationCount?type=normal&status=receved---GET---JsonWebTokenError: invalid signature: token.verify-accessToken
09-02-2024	00:40:17--------/getNotificationCount?type=now&status=receved---GET---JsonWebTokenError: invalid signature: token.verify-accessToken
09-02-2024	30:26:21--------/getNotificationCount?type=normal&status=receved---GET---JsonWebTokenError: invalid signature: token.verify-accessToken
09-02-2024	30:26:21--------/getNotificationCount?type=now&status=receved---GET---JsonWebTokenError: invalid signature: token.verify-accessToken
09-02-2024	53:30:21--------/getNotificationCount?type=normal&status=receved---GET---JsonWebTokenError: invalid signature: token.verify-accessToken
09-02-2024	53:30:21--------/getNotificationCount?type=now&status=receved---GET---JsonWebTokenError: invalid signature: token.verify-accessToken
09-02-2024	07:12:22--------Redis Client Error Error: Connection timeout
09-02-2024	19:12:22--------/getNotificationCount?type=normal&status=receved---GET---JsonWebTokenError: invalid signature: token.verify-accessToken
09-02-2024	19:12:22--------/getNotificationCount?type=now&status=receved---GET---JsonWebTokenError: invalid signature: token.verify-accessToken
10-02-2024	06:15:04--------/getNotificationCount?type=now&status=receved---GET---JsonWebTokenError: invalid signature: token.verify-accessToken
10-02-2024	06:15:04--------/getNotificationCount?type=normal&status=receved---GET---JsonWebTokenError: invalid signature: token.verify-accessToken
10-02-2024	30:52:04--------Redis Client Error Error: Connection timeout
10-02-2024	45:52:04--------/getNotificationCount?type=normal&status=receved---GET---JsonWebTokenError: invalid signature: token.verify-accessToken
10-02-2024	45:52:04--------/getNotificationCount?type=now&status=receved---GET---JsonWebTokenError: invalid signature: token.verify-accessToken
10-02-2024	49:52:04--------/getNotificationCount?type=now&status=receved---GET---JsonWebTokenError: invalid signature: token.verify-accessToken
10-02-2024	49:52:04--------/getNotificationCount?type=normal&status=receved---GET---JsonWebTokenError: invalid signature: token.verify-accessToken
10-02-2024	37:02:05--------/getNotificationCount?type=normal&status=receved---GET---JsonWebTokenError: invalid signature: token.verify-accessToken
10-02-2024	37:02:05--------/getNotificationCount?type=now&status=receved---GET---JsonWebTokenError: invalid signature: token.verify-accessToken
10-02-2024	35:19:05--------/getNotificationCount?type=normal&status=receved---GET---JsonWebTokenError: invalid signature: token.verify-accessToken
10-02-2024	35:19:05--------/getNotificationCount?type=now&status=receved---GET---JsonWebTokenError: invalid signature: token.verify-accessToken
10-02-2024	06:24:05--------/getNotificationCount?type=normal&status=receved---GET---JsonWebTokenError: invalid signature: token.verify-accessToken
10-02-2024	06:24:05--------/getNotificationCount?type=now&status=receved---GET---JsonWebTokenError: invalid signature: token.verify-accessToken
10-02-2024	46:27:05--------/getNotificationCount?type=normal&status=receved---GET---JsonWebTokenError: invalid signature: token.verify-accessToken
10-02-2024	46:27:05--------/getNotificationCount?type=now&status=receved---GET---JsonWebTokenError: invalid signature: token.verify-accessToken
10-02-2024	52:00:06--------/getNotificationCount?type=normal&status=receved---GET---JsonWebTokenError: invalid signature: token.verify-accessToken
10-02-2024	53:00:06--------/getNotificationCount?type=now&status=receved---GET---JsonWebTokenError: invalid signature: token.verify-accessToken
10-02-2024	47:13:06--------/getNotificationCount?type=normal&status=receved---GET---JsonWebTokenError: invalid signature: token.verify-accessToken
10-02-2024	47:13:06--------/getNotificationCount?type=now&status=receved---GET---JsonWebTokenError: invalid signature: token.verify-accessToken
10-02-2024	54:14:06--------/getNotificationCount?type=normal&status=receved---GET---JsonWebTokenError: invalid signature: token.verify-accessToken
10-02-2024	54:14:06--------/getNotificationCount?type=now&status=receved---GET---JsonWebTokenError: invalid signature: token.verify-accessToken
10-02-2024	00:48:09--------Redis Client Error Error: Connection timeout
10-02-2024	47:58:09--------/getNotificationCount?type=normal&status=receved---GET---JsonWebTokenError: invalid signature: token.verify-accessToken
10-02-2024	48:58:09--------/getNotificationCount?type=now&status=receved---GET---JsonWebTokenError: invalid signature: token.verify-accessToken
10-02-2024	24:03:10--------/getNotificationCount?type=now&status=receved---GET---JsonWebTokenError: invalid signature: token.verify-accessToken
10-02-2024	25:03:10--------/getNotificationCount?type=normal&status=receved---GET---JsonWebTokenError: invalid signature: token.verify-accessToken
10-02-2024	07:48:14--------/getNotificationCount?type=now&status=receved---GET---JsonWebTokenError: invalid signature: token.verify-accessToken
10-02-2024	08:48:14--------/getNotificationCount?type=normal&status=receved---GET---JsonWebTokenError: invalid signature: token.verify-accessToken
10-02-2024	10:52:14--------/getNotificationCount?type=now&status=receved---GET---JsonWebTokenError: invalid signature: token.verify-accessToken
10-02-2024	10:52:14--------/getNotificationCount?type=normal&status=receved---GET---JsonWebTokenError: invalid signature: token.verify-accessToken
10-02-2024	23:57:14--------/getNotificationCount?type=normal&status=receved---GET---JsonWebTokenError: invalid signature: token.verify-accessToken
10-02-2024	24:57:14--------/getNotificationCount?type=now&status=receved---GET---JsonWebTokenError: invalid signature: token.verify-accessToken
10-02-2024	18:59:14--------/getNotificationCount?type=normal&status=receved---GET---JsonWebTokenError: invalid signature: token.verify-accessToken
10-02-2024	18:59:14--------/getNotificationCount?type=now&status=receved---GET---JsonWebTokenError: invalid signature: token.verify-accessToken
10-02-2024	19:59:14--------/getNotificationCount?type=normal&status=receved---GET---JsonWebTokenError: invalid signature: token.verify-accessToken
10-02-2024	19:59:14--------/getNotificationCount?type=now&status=receved---GET---JsonWebTokenError: invalid signature: token.verify-accessToken
10-02-2024	19:59:14--------/getNotificationCount?type=normal&status=receved---GET---JsonWebTokenError: invalid signature: token.verify-accessToken
10-02-2024	19:59:14--------/getNotificationCount?type=now&status=receved---GET---JsonWebTokenError: invalid signature: token.verify-accessToken
10-02-2024	26:22:18--------/getNotificationCount?type=normal&status=receved---GET---JsonWebTokenError: invalid signature: token.verify-accessToken
10-02-2024	26:22:18--------/getNotificationCount?type=now&status=receved---GET---JsonWebTokenError: invalid signature: token.verify-accessToken
10-02-2024	27:22:18--------/getNotificationCount?type=normal&status=receved---GET---JsonWebTokenError: invalid signature: token.verify-accessToken
10-02-2024	27:22:18--------/getNotificationCount?type=now&status=receved---GET---JsonWebTokenError: invalid signature: token.verify-accessToken
10-02-2024	52:22:18--------/getNotificationCount?type=now&status=receved---GET---JsonWebTokenError: invalid signature: token.verify-accessToken
10-02-2024	52:22:18--------/getNotificationCount?type=normal&status=receved---GET---JsonWebTokenError: invalid signature: token.verify-accessToken
10-02-2024	53:22:18--------/getNotificationCount?type=now&status=receved---GET---JsonWebTokenError: invalid signature: token.verify-accessToken
10-02-2024	53:22:18--------/getNotificationCount?type=normal&status=receved---GET---JsonWebTokenError: invalid signature: token.verify-accessToken
10-02-2024	53:22:18--------/getNotificationCount?type=now&status=receved---GET---JsonWebTokenError: invalid signature: token.verify-accessToken
10-02-2024	53:22:18--------/getNotificationCount?type=now&status=receved---GET---JsonWebTokenError: invalid signature: token.verify-accessToken
10-02-2024	53:22:18--------/getNotificationCount?type=normal&status=receved---GET---JsonWebTokenError: invalid signature: token.verify-accessToken
10-02-2024	07:27:18--------/getNotificationCount?type=normal&status=receved---GET---JsonWebTokenError: invalid signature: token.verify-accessToken
10-02-2024	07:27:18--------/getNotificationCount?type=now&status=receved---GET---JsonWebTokenError: invalid signature: token.verify-accessToken
10-02-2024	08:27:18--------/getNotificationCount?type=normal&status=receved---GET---JsonWebTokenError: invalid signature: token.verify-accessToken
10-02-2024	08:27:18--------/getNotificationCount?type=now&status=receved---GET---JsonWebTokenError: invalid signature: token.verify-accessToken
10-02-2024	08:27:18--------/getNotificationCount?type=normal&status=receved---GET---JsonWebTokenError: invalid signature: token.verify-accessToken
10-02-2024	08:27:18--------/getNotificationCount?type=now&status=receved---GET---JsonWebTokenError: invalid signature: token.verify-accessToken
10-02-2024	11:27:18--------/getNotificationCount?type=normal&status=receved---GET---JsonWebTokenError: invalid signature: token.verify-accessToken
10-02-2024	11:27:18--------/getNotificationCount?type=now&status=receved---GET---JsonWebTokenError: invalid signature: token.verify-accessToken
10-02-2024	24:27:18--------/getNotificationCount?type=normal&status=receved---GET---JsonWebTokenError: invalid signature: token.verify-accessToken
10-02-2024	24:27:18--------/getNotificationCount?type=now&status=receved---GET---JsonWebTokenError: invalid signature: token.verify-accessToken
10-02-2024	58:27:18--------/getNotificationCount?type=normal&status=receved---GET---JsonWebTokenError: invalid signature: token.verify-accessToken
10-02-2024	58:27:18--------/getNotificationCount?type=now&status=receved---GET---JsonWebTokenError: invalid signature: token.verify-accessToken
10-02-2024	59:27:18--------/getNotificationCount?type=normal&status=receved---GET---JsonWebTokenError: invalid signature: token.verify-accessToken
10-02-2024	59:27:18--------/getNotificationCount?type=now&status=receved---GET---JsonWebTokenError: invalid signature: token.verify-accessToken
10-02-2024	28:33:18--------/getNotificationCount?type=normal&status=receved---GET---JsonWebTokenError: invalid signature: token.verify-accessToken
10-02-2024	28:33:18--------/getNotificationCount?type=now&status=receved---GET---JsonWebTokenError: invalid signature: token.verify-accessToken
10-02-2024	29:33:18--------/getNotificationCount?type=normal&status=receved---GET---JsonWebTokenError: invalid signature: token.verify-accessToken
10-02-2024	29:33:18--------/getNotificationCount?type=normal&status=receved---GET---JsonWebTokenError: invalid signature: token.verify-accessToken
10-02-2024	29:33:18--------/getNotificationCount?type=now&status=receved---GET---JsonWebTokenError: invalid signature: token.verify-accessToken
10-02-2024	49:40:19--------/getNotificationCount?type=normal&status=receved---GET---JsonWebTokenError: invalid signature: token.verify-accessToken
10-02-2024	49:40:19--------/getNotificationCount?type=now&status=receved---GET---JsonWebTokenError: invalid signature: token.verify-accessToken
10-02-2024	53:40:19--------/getNotificationCount?type=normal&status=receved---GET---JsonWebTokenError: invalid signature: token.verify-accessToken
10-02-2024	53:40:19--------/getNotificationCount?type=now&status=receved---GET---JsonWebTokenError: invalid signature: token.verify-accessToken
10-02-2024	52:41:19--------/getNotificationCount?type=normal&status=receved---GET---JsonWebTokenError: invalid signature: token.verify-accessToken
10-02-2024	52:41:19--------/getNotificationCount?type=now&status=receved---GET---JsonWebTokenError: invalid signature: token.verify-accessToken
10-02-2024	54:41:19--------/getNotificationCount?type=normal&status=receved---GET---JsonWebTokenError: invalid signature: token.verify-accessToken
10-02-2024	54:41:19--------/getNotificationCount?type=now&status=receved---GET---JsonWebTokenError: invalid signature: token.verify-accessToken
10-02-2024	13:42:19--------/getNotificationCount?type=normal&status=receved---GET---JsonWebTokenError: invalid signature: token.verify-accessToken
10-02-2024	13:42:19--------/getNotificationCount?type=now&status=receved---GET---JsonWebTokenError: invalid signature: token.verify-accessToken
10-02-2024	15:42:19--------/getNotificationCount?type=normal&status=receved---GET---JsonWebTokenError: invalid signature: token.verify-accessToken
10-02-2024	15:42:19--------/getNotificationCount?type=now&status=receved---GET---JsonWebTokenError: invalid signature: token.verify-accessToken
10-02-2024	11:45:19--------/getNotificationCount?type=now&status=receved---GET---JsonWebTokenError: invalid signature: token.verify-accessToken
10-02-2024	12:45:19--------/getNotificationCount?type=normal&status=receved---GET---JsonWebTokenError: invalid signature: token.verify-accessToken
10-02-2024	12:45:19--------/getNotificationCount?type=now&status=receved---GET---JsonWebTokenError: invalid signature: token.verify-accessToken
10-02-2024	12:45:19--------/getNotificationCount?type=now&status=receved---GET---JsonWebTokenError: invalid signature: token.verify-accessToken
10-02-2024	13:45:19--------/getNotificationCount?type=normal&status=receved---GET---JsonWebTokenError: invalid signature: token.verify-accessToken
10-02-2024	25:11:20--------/getNotificationCount?type=normal&status=receved---GET---JsonWebTokenError: invalid signature: token.verify-accessToken
10-02-2024	25:11:20--------/getNotificationCount?type=now&status=receved---GET---JsonWebTokenError: invalid signature: token.verify-accessToken
10-02-2024	29:11:20--------/getNotificationCount?type=normal&status=receved---GET---JsonWebTokenError: invalid signature: token.verify-accessToken
10-02-2024	29:11:20--------/getNotificationCount?type=now&status=receved---GET---JsonWebTokenError: invalid signature: token.verify-accessToken
10-02-2024	38:44:21--------/getNotificationCount?type=normal&status=receved---GET---JsonWebTokenError: invalid signature: token.verify-accessToken
10-02-2024	39:44:21--------/getNotificationCount?type=now&status=receved---GET---JsonWebTokenError: invalid signature: token.verify-accessToken
10-02-2024	40:44:21--------/getNotificationCount?type=normal&status=receved---GET---JsonWebTokenError: invalid signature: token.verify-accessToken
10-02-2024	40:44:21--------/getNotificationCount?type=now&status=receved---GET---JsonWebTokenError: invalid signature: token.verify-accessToken
10-02-2024	21:20:22--------/getNotificationCount?type=normal&status=receved---GET---JsonWebTokenError: invalid signature: token.verify-accessToken
10-02-2024	21:20:22--------/getNotificationCount?type=now&status=receved---GET---JsonWebTokenError: invalid signature: token.verify-accessToken
10-02-2024	22:20:22--------/getNotificationCount?type=normal&status=receved---GET---JsonWebTokenError: invalid signature: token.verify-accessToken
10-02-2024	22:20:22--------/getNotificationCount?type=now&status=receved---GET---JsonWebTokenError: invalid signature: token.verify-accessToken
10-02-2024	22:20:22--------/getNotificationCount?type=normal&status=receved---GET---JsonWebTokenError: invalid signature: token.verify-accessToken
10-02-2024	56:20:22--------/getNotificationCount?type=normal&status=receved---GET---JsonWebTokenError: invalid signature: token.verify-accessToken
10-02-2024	57:20:22--------/getNotificationCount?type=now&status=receved---GET---JsonWebTokenError: invalid signature: token.verify-accessToken
10-02-2024	31:21:22--------/getNotificationCount?type=normal&status=receved---GET---JsonWebTokenError: invalid signature: token.verify-accessToken
10-02-2024	31:21:22--------/getNotificationCount?type=now&status=receved---GET---JsonWebTokenError: invalid signature: token.verify-accessToken
10-02-2024	31:21:22--------/getNotificationCount?type=now&status=receved---GET---JsonWebTokenError: invalid signature: token.verify-accessToken
10-02-2024	32:21:22--------/getNotificationCount?type=normal&status=receved---GET---JsonWebTokenError: invalid signature: token.verify-accessToken
10-02-2024	32:21:22--------/getNotificationCount?type=now&status=receved---GET---JsonWebTokenError: invalid signature: token.verify-accessToken
10-02-2024	05:17:23--------/getNotificationCount?type=normal&status=receved---GET---JsonWebTokenError: invalid signature: token.verify-accessToken
10-02-2024	05:17:23--------/getNotificationCount?type=now&status=receved---GET---JsonWebTokenError: invalid signature: token.verify-accessToken
10-02-2024	07:17:23--------/getNotificationCount?type=normal&status=receved---GET---JsonWebTokenError: invalid signature: token.verify-accessToken
10-02-2024	07:17:23--------/getNotificationCount?type=now&status=receved---GET---JsonWebTokenError: invalid signature: token.verify-accessToken
10-02-2024	18:17:23--------/getNotificationCount?type=now&status=receved---GET---JsonWebTokenError: invalid signature: token.verify-accessToken
10-02-2024	19:17:23--------/getNotificationCount?type=normal&status=receved---GET---JsonWebTokenError: invalid signature: token.verify-accessToken
10-02-2024	20:17:23--------/getNotificationCount?type=normal&status=receved---GET---JsonWebTokenError: invalid signature: token.verify-accessToken
10-02-2024	20:17:23--------/getNotificationCount?type=normal&status=receved---GET---JsonWebTokenError: invalid signature: token.verify-accessToken
10-02-2024	20:17:23--------/getNotificationCount?type=now&status=receved---GET---JsonWebTokenError: invalid signature: token.verify-accessToken
10-02-2024	35:48:23--------/getNotificationCount?type=normal&status=receved---GET---JsonWebTokenError: invalid signature: token.verify-accessToken
10-02-2024	35:48:23--------/getNotificationCount?type=now&status=receved---GET---JsonWebTokenError: invalid signature: token.verify-accessToken
10-02-2024	36:48:23--------/getNotificationCount?type=normal&status=receved---GET---JsonWebTokenError: invalid signature: token.verify-accessToken
10-02-2024	36:48:23--------/getNotificationCount?type=normal&status=receved---GET---JsonWebTokenError: invalid signature: token.verify-accessToken
10-02-2024	36:48:23--------/getNotificationCount?type=now&status=receved---GET---JsonWebTokenError: invalid signature: token.verify-accessToken
10-02-2024	36:48:23--------/getNotificationCount?type=normal&status=receved---GET---JsonWebTokenError: invalid signature: token.verify-accessToken
10-02-2024	36:48:23--------/getNotificationCount?type=now&status=receved---GET---JsonWebTokenError: invalid signature: token.verify-accessToken
11-02-2024	16:45:00--------/getNotificationCount?type=normal&status=receved---GET---JsonWebTokenError: invalid signature: token.verify-accessToken
11-02-2024	16:45:00--------/getNotificationCount?type=now&status=receved---GET---JsonWebTokenError: invalid signature: token.verify-accessToken
11-02-2024	17:45:00--------/getNotificationCount?type=normal&status=receved---GET---JsonWebTokenError: invalid signature: token.verify-accessToken
11-02-2024	17:45:00--------/getNotificationCount?type=now&status=receved---GET---JsonWebTokenError: invalid signature: token.verify-accessToken
11-02-2024	29:50:00--------/getNotificationCount?type=normal&status=receved---GET---JsonWebTokenError: invalid signature: token.verify-accessToken
11-02-2024	29:50:00--------/getNotificationCount?type=now&status=receved---GET---JsonWebTokenError: invalid signature: token.verify-accessToken
11-02-2024	13:51:00--------/getNotificationCount?type=normal&status=receved---GET---JsonWebTokenError: invalid signature: token.verify-accessToken
11-02-2024	13:51:00--------/getNotificationCount?type=now&status=receved---GET---JsonWebTokenError: invalid signature: token.verify-accessToken
11-02-2024	14:51:00--------/getNotificationCount?type=normal&status=receved---GET---JsonWebTokenError: invalid signature: token.verify-accessToken
11-02-2024	14:51:00--------/getNotificationCount?type=now&status=receved---GET---JsonWebTokenError: invalid signature: token.verify-accessToken
11-02-2024	15:51:00--------/getNotificationCount?type=normal&status=receved---GET---JsonWebTokenError: invalid signature: token.verify-accessToken
11-02-2024	15:51:00--------/getNotificationCount?type=now&status=receved---GET---JsonWebTokenError: invalid signature: token.verify-accessToken
11-02-2024	08:52:00--------/getNotificationCount?type=normal&status=receved---GET---JsonWebTokenError: invalid signature: token.verify-accessToken
11-02-2024	08:52:00--------/getNotificationCount?type=now&status=receved---GET---JsonWebTokenError: invalid signature: token.verify-accessToken
11-02-2024	10:52:00--------/getNotificationCount?type=now&status=receved---GET---JsonWebTokenError: invalid signature: token.verify-accessToken
11-02-2024	10:52:00--------/getNotificationCount?type=now&status=receved---GET---JsonWebTokenError: invalid signature: token.verify-accessToken
11-02-2024	10:52:00--------/getNotificationCount?type=normal&status=receved---GET---JsonWebTokenError: invalid signature: token.verify-accessToken
11-02-2024	28:56:00--------/getNotificationCount?type=normal&status=receved---GET---JsonWebTokenError: invalid signature: token.verify-accessToken
11-02-2024	28:56:00--------/getNotificationCount?type=now&status=receved---GET---JsonWebTokenError: invalid signature: token.verify-accessToken
11-02-2024	29:56:00--------/getNotificationCount?type=normal&status=receved---GET---JsonWebTokenError: invalid signature: token.verify-accessToken
11-02-2024	29:56:00--------/getNotificationCount?type=now&status=receved---GET---JsonWebTokenError: invalid signature: token.verify-accessToken
11-02-2024	29:56:00--------/getNotificationCount?type=normal&status=receved---GET---JsonWebTokenError: invalid signature: token.verify-accessToken
11-02-2024	30:56:00--------/getNotificationCount?type=now&status=receved---GET---JsonWebTokenError: invalid signature: token.verify-accessToken
11-02-2024	30:58:00--------/getNotificationCount?type=normal&status=receved---GET---JsonWebTokenError: invalid signature: token.verify-accessToken
11-02-2024	30:58:00--------/getNotificationCount?type=now&status=receved---GET---JsonWebTokenError: invalid signature: token.verify-accessToken
11-02-2024	31:58:00--------/getNotificationCount?type=normal&status=receved---GET---JsonWebTokenError: invalid signature: token.verify-accessToken
11-02-2024	32:58:00--------/getNotificationCount?type=now&status=receved---GET---JsonWebTokenError: invalid signature: token.verify-accessToken
11-02-2024	32:58:00--------/getNotificationCount?type=normal&status=receved---GET---JsonWebTokenError: invalid signature: token.verify-accessToken
11-02-2024	32:58:00--------/getNotificationCount?type=now&status=receved---GET---JsonWebTokenError: invalid signature: token.verify-accessToken
11-02-2024	30:04:01--------/getNotificationCount?type=now&status=receved---GET---JsonWebTokenError: invalid signature: token.verify-accessToken
11-02-2024	30:04:01--------/getNotificationCount?type=normal&status=receved---GET---JsonWebTokenError: invalid signature: token.verify-accessToken
11-02-2024	39:04:01--------/getNotificationCount?type=normal&status=receved---GET---JsonWebTokenError: invalid signature: token.verify-accessToken
11-02-2024	39:04:01--------/getNotificationCount?type=now&status=receved---GET---JsonWebTokenError: invalid signature: token.verify-accessToken
11-02-2024	42:04:01--------/getNotificationCount?type=normal&status=receved---GET---JsonWebTokenError: invalid signature: token.verify-accessToken
11-02-2024	42:04:01--------/getNotificationCount?type=now&status=receved---GET---JsonWebTokenError: invalid signature: token.verify-accessToken
11-02-2024	40:05:01--------/getNotificationCount?type=normal&status=receved---GET---JsonWebTokenError: invalid signature: token.verify-accessToken
11-02-2024	40:05:01--------/getNotificationCount?type=now&status=receved---GET---JsonWebTokenError: invalid signature: token.verify-accessToken
11-02-2024	04:07:01--------/getNotificationCount?type=normal&status=receved---GET---JsonWebTokenError: invalid signature: token.verify-accessToken
11-02-2024	05:07:01--------/getNotificationCount?type=now&status=receved---GET---JsonWebTokenError: invalid signature: token.verify-accessToken
11-02-2024	17:07:01--------/getNotificationCount?type=normal&status=receved---GET---JsonWebTokenError: invalid signature: token.verify-accessToken
11-02-2024	17:07:01--------/getNotificationCount?type=now&status=receved---GET---JsonWebTokenError: invalid signature: token.verify-accessToken
11-02-2024	19:07:01--------/getNotificationCount?type=normal&status=receved---GET---JsonWebTokenError: invalid signature: token.verify-accessToken
11-02-2024	19:07:01--------/getNotificationCount?type=now&status=receved---GET---JsonWebTokenError: invalid signature: token.verify-accessToken
11-02-2024	11:10:01--------/getNotificationCount?type=normal&status=receved---GET---JsonWebTokenError: invalid signature: token.verify-accessToken
11-02-2024	11:10:01--------/getNotificationCount?type=now&status=receved---GET---JsonWebTokenError: invalid signature: token.verify-accessToken
11-02-2024	12:10:01--------/getNotificationCount?type=normal&status=receved---GET---JsonWebTokenError: invalid signature: token.verify-accessToken
11-02-2024	12:10:01--------/getNotificationCount?type=now&status=receved---GET---JsonWebTokenError: invalid signature: token.verify-accessToken
11-02-2024	15:10:01--------/getNotificationCount?type=normal&status=receved---GET---JsonWebTokenError: invalid signature: token.verify-accessToken
11-02-2024	15:10:01--------/getNotificationCount?type=now&status=receved---GET---JsonWebTokenError: invalid signature: token.verify-accessToken
11-02-2024	29:10:01--------/getNotificationCount?type=now&status=receved---GET---JsonWebTokenError: invalid signature: token.verify-accessToken
11-02-2024	30:10:01--------/getNotificationCount?type=normal&status=receved---GET---JsonWebTokenError: invalid signature: token.verify-accessToken
11-02-2024	43:41:14--------/getNotificationCount?type=normal&status=receved---GET---JsonWebTokenError: invalid signature: token.verify-accessToken
11-02-2024	44:41:14--------/getNotificationCount?type=now&status=receved---GET---JsonWebTokenError: invalid signature: token.verify-accessToken
11-02-2024	18:42:14--------/getNotificationCount?type=normal&status=receved---GET---JsonWebTokenError: invalid signature: token.verify-accessToken
11-02-2024	18:42:14--------/getNotificationCount?type=now&status=receved---GET---JsonWebTokenError: invalid signature: token.verify-accessToken
11-02-2024	00:15:15--------/getNotificationCount?type=normal&status=receved---GET---JsonWebTokenError: invalid signature: token.verify-accessToken
11-02-2024	00:15:15--------/getNotificationCount?type=now&status=receved---GET---JsonWebTokenError: invalid signature: token.verify-accessToken
11-02-2024	01:15:15--------/getNotificationCount?type=normal&status=receved---GET---JsonWebTokenError: invalid signature: token.verify-accessToken
11-02-2024	01:15:15--------/getNotificationCount?type=now&status=receved---GET---JsonWebTokenError: invalid signature: token.verify-accessToken
11-02-2024	01:15:15--------/getNotificationCount?type=normal&status=receved---GET---JsonWebTokenError: invalid signature: token.verify-accessToken
11-02-2024	01:15:15--------/getNotificationCount?type=now&status=receved---GET---JsonWebTokenError: invalid signature: token.verify-accessToken
11-02-2024	28:15:15--------/getNotificationList?type=now&status=all&pageIndex=1&pageSize=10---GET---JsonWebTokenError: invalid signature: token.verify-accessToken
11-02-2024	29:15:15--------/getNotificationCount?type=normal&status=receved---GET---JsonWebTokenError: invalid signature: token.verify-accessToken
11-02-2024	29:15:15--------/getNotificationCount?type=now&status=receved---GET---JsonWebTokenError: invalid signature: token.verify-accessToken
11-02-2024	30:15:15--------/getNotificationCount?type=normal&status=receved---GET---JsonWebTokenError: invalid signature: token.verify-accessToken
11-02-2024	30:15:15--------/getNotificationCount?type=now&status=receved---GET---JsonWebTokenError: invalid signature: token.verify-accessToken
11-02-2024	30:15:15--------/getNotificationList?type=normal&status=all&pageIndex=1&pageSize=10---GET---JsonWebTokenError: invalid signature: token.verify-accessToken
11-02-2024	30:15:15--------/getNotificationCount?type=normal&status=receved---GET---JsonWebTokenError: invalid signature: token.verify-accessToken
11-02-2024	30:15:15--------/getNotificationCount?type=now&status=receved---GET---JsonWebTokenError: invalid signature: token.verify-accessToken
11-02-2024	31:15:15--------/getNotificationCount?type=normal&status=receved---GET---JsonWebTokenError: invalid signature: token.verify-accessToken
11-02-2024	31:15:15--------/getNotificationCount?type=now&status=receved---GET---JsonWebTokenError: invalid signature: token.verify-accessToken
11-02-2024	48:17:15--------/getNotificationCount?type=now&status=receved---GET---JsonWebTokenError: invalid signature: token.verify-accessToken
11-02-2024	48:17:15--------/getNotificationCount?type=normal&status=receved---GET---JsonWebTokenError: invalid signature: token.verify-accessToken
11-02-2024	49:17:15--------/getNotificationCount?type=now&status=receved---GET---JsonWebTokenError: invalid signature: token.verify-accessToken
11-02-2024	49:17:15--------/getNotificationCount?type=now&status=receved---GET---JsonWebTokenError: invalid signature: token.verify-accessToken
11-02-2024	49:17:15--------/getNotificationCount?type=normal&status=receved---GET---JsonWebTokenError: invalid signature: token.verify-accessToken
11-02-2024	01:32:15--------/getNotificationCount?type=normal&status=receved---GET---JsonWebTokenError: invalid signature: token.verify-accessToken
11-02-2024	01:32:15--------/getNotificationCount?type=now&status=receved---GET---JsonWebTokenError: invalid signature: token.verify-accessToken
11-02-2024	02:32:15--------/getNotificationCount?type=now&status=receved---GET---JsonWebTokenError: invalid signature: token.verify-accessToken
11-02-2024	02:32:15--------/getNotificationCount?type=normal&status=receved---GET---JsonWebTokenError: invalid signature: token.verify-accessToken
11-02-2024	05:35:15--------/getNotificationCount?type=normal&status=receved---GET---JsonWebTokenError: invalid signature: token.verify-accessToken
11-02-2024	05:35:15--------/getNotificationCount?type=now&status=receved---GET---JsonWebTokenError: invalid signature: token.verify-accessToken
11-02-2024	06:35:15--------/getNotificationCount?type=now&status=receved---GET---JsonWebTokenError: invalid signature: token.verify-accessToken
11-02-2024	07:35:15--------/getNotificationCount?type=normal&status=receved---GET---JsonWebTokenError: invalid signature: token.verify-accessToken
11-02-2024	22:35:15--------/getNotificationCount?type=normal&status=receved---GET---JsonWebTokenError: invalid signature: token.verify-accessToken
11-02-2024	24:35:15--------/getNotificationCount?type=normal&status=receved---GET---JsonWebTokenError: invalid signature: token.verify-accessToken
11-02-2024	24:35:15--------/getNotificationCount?type=now&status=receved---GET---JsonWebTokenError: invalid signature: token.verify-accessToken
11-02-2024	12:46:15--------/getNotificationCount?type=now&status=receved---GET---JsonWebTokenError: invalid signature: token.verify-accessToken
11-02-2024	12:46:15--------/getNotificationCount?type=normal&status=receved---GET---JsonWebTokenError: invalid signature: token.verify-accessToken
13-02-2024	19:07:02--------/getNotificationCount?type=now&status=receved---GET---JsonWebTokenError: invalid signature: token.verify-accessToken
13-02-2024	19:07:02--------/getNotificationCount?type=normal&status=receved---GET---JsonWebTokenError: invalid signature: token.verify-accessToken
13-02-2024	20:07:02--------/getNotificationCount?type=normal&status=receved---GET---JsonWebTokenError: invalid signature: token.verify-accessToken
13-02-2024	20:07:02--------/getNotificationCount?type=normal&status=receved---GET---JsonWebTokenError: invalid signature: token.verify-accessToken
13-02-2024	20:07:02--------/getNotificationCount?type=now&status=receved---GET---JsonWebTokenError: invalid signature: token.verify-accessToken
13-02-2024	50:02:11--------/getNotificationCount?type=now&status=receved---GET---JsonWebTokenError: invalid signature: token.verify-accessToken
13-02-2024	50:02:11--------/getNotificationCount?type=normal&status=receved---GET---JsonWebTokenError: invalid signature: token.verify-accessToken
13-02-2024	51:02:11--------/getNotificationCount?type=now&status=receved---GET---JsonWebTokenError: invalid signature: token.verify-accessToken
13-02-2024	51:02:11--------/getNotificationCount?type=now&status=receved---GET---JsonWebTokenError: invalid signature: token.verify-accessToken
13-02-2024	51:02:11--------/getNotificationCount?type=normal&status=receved---GET---JsonWebTokenError: invalid signature: token.verify-accessToken
13-02-2024	46:58:20--------/getNotificationCount?type=now&status=receved---GET---JsonWebTokenError: invalid signature: token.verify-accessToken
13-02-2024	47:58:20--------/getNotificationCount?type=normal&status=receved---GET---JsonWebTokenError: invalid signature: token.verify-accessToken
13-02-2024	48:58:20--------/getNotificationCount?type=normal&status=receved---GET---JsonWebTokenError: invalid signature: token.verify-accessToken
13-02-2024	49:58:20--------/getNotificationCount?type=now&status=receved---GET---JsonWebTokenError: invalid signature: token.verify-accessToken
13-02-2024	30:35:22--------/getNotificationCount?type=now&status=receved---GET---JsonWebTokenError: invalid signature: token.verify-accessToken
13-02-2024	30:35:22--------/getNotificationCount?type=normal&status=receved---GET---JsonWebTokenError: invalid signature: token.verify-accessToken
13-02-2024	32:35:22--------/getNotificationCount?type=now&status=receved---GET---JsonWebTokenError: invalid signature: token.verify-accessToken
13-02-2024	33:35:22--------/getNotificationCount?type=normal&status=receved---GET---JsonWebTokenError: invalid signature: token.verify-accessToken
14-02-2024	37:42:14--------/getNotificationCount?type=normal&status=receved---GET---JsonWebTokenError: invalid signature: token.verify-accessToken
14-02-2024	38:42:14--------/getNotificationCount?type=now&status=receved---GET---JsonWebTokenError: invalid signature: token.verify-accessToken
14-02-2024	39:42:14--------/getNotificationCount?type=now&status=receved---GET---JsonWebTokenError: invalid signature: token.verify-accessToken
14-02-2024	39:42:14--------/getNotificationCount?type=normal&status=receved---GET---JsonWebTokenError: invalid signature: token.verify-accessToken
14-02-2024	39:42:14--------/getNotificationCount?type=now&status=receved---GET---JsonWebTokenError: invalid signature: token.verify-accessToken
14-02-2024	06:52:20--------/getNotificationCount?type=normal&status=receved---GET---JsonWebTokenError: invalid signature: token.verify-accessToken
14-02-2024	06:52:20--------/getNotificationCount?type=now&status=receved---GET---JsonWebTokenError: invalid signature: token.verify-accessToken
14-02-2024	07:52:20--------/getNotificationCount?type=normal&status=receved---GET---JsonWebTokenError: invalid signature: token.verify-accessToken
14-02-2024	08:52:20--------/getNotificationCount?type=now&status=receved---GET---JsonWebTokenError: invalid signature: token.verify-accessToken
14-02-2024	08:52:20--------/getNotificationCount?type=normal&status=receved---GET---JsonWebTokenError: invalid signature: token.verify-accessToken
14-02-2024	08:52:20--------/getNotificationCount?type=now&status=receved---GET---JsonWebTokenError: invalid signature: token.verify-accessToken
14-02-2024	08:52:20--------/getNotificationCount?type=normal&status=receved---GET---JsonWebTokenError: invalid signature: token.verify-accessToken
14-02-2024	09:52:20--------/getNotificationCount?type=now&status=receved---GET---JsonWebTokenError: invalid signature: token.verify-accessToken
14-02-2024	09:52:20--------/getNotificationCount?type=normal&status=receved---GET---JsonWebTokenError: invalid signature: token.verify-accessToken
15-02-2024	41:30:01--------/getNotificationCount?type=normal&status=receved---GET---JsonWebTokenError: invalid signature: token.verify-accessToken
15-02-2024	41:30:01--------/getNotificationCount?type=now&status=receved---GET---JsonWebTokenError: invalid signature: token.verify-accessToken
15-02-2024	56:36:12--------/getNotificationCount?type=normal&status=receved---GET---JsonWebTokenError: invalid signature: token.verify-accessToken
15-02-2024	57:36:12--------/getNotificationCount?type=now&status=receved---GET---JsonWebTokenError: invalid signature: token.verify-accessToken
15-02-2024	41:40:14--------/getNotificationCount?type=now&status=receved---GET---JsonWebTokenError: invalid signature: token.verify-accessToken
15-02-2024	42:40:14--------/getNotificationCount?type=normal&status=receved---GET---JsonWebTokenError: invalid signature: token.verify-accessToken
15-02-2024	26:47:19--------/getNotificationCount?type=now&status=receved---GET---JsonWebTokenError: invalid signature: token.verify-accessToken
15-02-2024	26:47:19--------/getNotificationCount?type=normal&status=receved---GET---JsonWebTokenError: invalid signature: token.verify-accessToken
15-02-2024	28:47:19--------/getNotificationCount?type=normal&status=receved---GET---JsonWebTokenError: invalid signature: token.verify-accessToken
15-02-2024	29:47:19--------/getNotificationCount?type=normal&status=receved---GET---JsonWebTokenError: invalid signature: token.verify-accessToken
15-02-2024	29:47:19--------/getNotificationCount?type=now&status=receved---GET---JsonWebTokenError: invalid signature: token.verify-accessToken
15-02-2024	32:47:19--------/getNotificationCount?type=now&status=receved---GET---JsonWebTokenError: invalid signature: token.verify-accessToken
15-02-2024	32:47:19--------/getNotificationCount?type=normal&status=receved---GET---JsonWebTokenError: invalid signature: token.verify-accessToken
16-02-2024	08:00:20--------Redis Client Error Error: Connection timeout
16-02-2024	06:13:20--------/getNotificationCount?type=normal&status=receved---GET---JsonWebTokenError: invalid signature: token.verify-accessToken
16-02-2024	06:13:20--------/getNotificationCount?type=now&status=receved---GET---JsonWebTokenError: invalid signature: token.verify-accessToken
16-02-2024	48:11:22--------/getNotificationCount?type=normal&status=receved---GET---JsonWebTokenError: invalid signature: token.verify-accessToken
16-02-2024	48:11:22--------/getNotificationCount?type=now&status=receved---GET---JsonWebTokenError: invalid signature: token.verify-accessToken
17-02-2024	39:33:19--------/getNotificationCount?type=now&status=receved---GET---JsonWebTokenError: invalid signature: token.verify-accessToken
17-02-2024	39:33:19--------/getNotificationCount?type=normal&status=receved---GET---JsonWebTokenError: invalid signature: token.verify-accessToken
23-02-2024	20:08:00--------Redis Client Error Error: Connection timeout
23-02-2024	36:10:00--------/getNotificationCount?type=normal&status=receved---GET---JsonWebTokenError: invalid signature: token.verify-accessToken
23-02-2024	36:10:00--------/getNotificationCount?type=now&status=receved---GET---JsonWebTokenError: invalid signature: token.verify-accessToken
23-02-2024	24:30:01--------/getNotificationCount?type=now&status=receved---GET---JsonWebTokenError: invalid signature: token.verify-accessToken
23-02-2024	24:30:01--------/getNotificationCount?type=normal&status=receved---GET---JsonWebTokenError: invalid signature: token.verify-accessToken
23-02-2024	06:33:02--------/getNotificationCount?type=normal&status=receved---GET---JsonWebTokenError: invalid signature: token.verify-accessToken
23-02-2024	06:33:02--------/getNotificationCount?type=now&status=receved---GET---JsonWebTokenError: invalid signature: token.verify-accessToken
23-02-2024	54:09:05--------/getNotificationCount?type=normal&status=receved---GET---JsonWebTokenError: invalid signature: token.verify-accessToken
23-02-2024	54:09:05--------/getNotificationCount?type=now&status=receved---GET---JsonWebTokenError: invalid signature: token.verify-accessToken
23-02-2024	15:50:05--------/getNotificationCount?type=normal&status=receved---GET---JsonWebTokenError: invalid signature: token.verify-accessToken
23-02-2024	16:50:05--------/getNotificationCount?type=now&status=receved---GET---JsonWebTokenError: invalid signature: token.verify-accessToken
23-02-2024	06:28:18--------/getNotificationCount?type=now&status=receved---GET---JsonWebTokenError: invalid signature: token.verify-accessToken
23-02-2024	06:28:18--------/getNotificationCount?type=normal&status=receved---GET---JsonWebTokenError: invalid signature: token.verify-accessToken
23-02-2024	02:32:22--------/getNotificationCount?type=normal&status=receved---GET---JsonWebTokenError: invalid signature: token.verify-accessToken
23-02-2024	02:32:22--------/getNotificationCount?type=now&status=receved---GET---JsonWebTokenError: invalid signature: token.verify-accessToken
23-02-2024	50:33:22--------/getNotificationCount?type=normal&status=receved---GET---JsonWebTokenError: invalid signature: token.verify-accessToken
23-02-2024	51:33:22--------/getNotificationCount?type=now&status=receved---GET---JsonWebTokenError: invalid signature: token.verify-accessToken
23-02-2024	32:36:22--------/getNotificationCount?type=now&status=receved---GET---JsonWebTokenError: invalid signature: token.verify-accessToken
23-02-2024	32:36:22--------/getNotificationCount?type=normal&status=receved---GET---JsonWebTokenError: invalid signature: token.verify-accessToken
23-02-2024	52:47:23--------/getNotificationCount?type=now&status=receved---GET---JsonWebTokenError: invalid signature: token.verify-accessToken
23-02-2024	53:47:23--------/getNotificationCount?type=normal&status=receved---GET---JsonWebTokenError: invalid signature: token.verify-accessToken
24-02-2024	55:22:02--------/getNotificationCount?type=normal&status=receved---GET---TokenExpiredError: jwt expired: token.verify-accessToken
24-02-2024	55:22:02--------/getNotificationCount?type=now&status=receved---GET---JsonWebTokenError: invalid signature: token.verify-accessToken
25-02-2024	08:38:03--------/getNotificationCount?type=normal&status=receved---GET---TokenExpiredError: jwt expired: token.verify-accessToken
25-02-2024	09:38:03--------/getNotificationCount?type=now&status=receved---GET---JsonWebTokenError: invalid signature: token.verify-accessToken
26-02-2024	20:40:04--------/getNotificationCount?type=now&status=receved---GET---JsonWebTokenError: invalid signature: token.verify-accessToken
26-02-2024	20:40:04--------/getNotificationCount?type=normal&status=receved---GET---JsonWebTokenError: invalid signature: token.verify-accessToken
27-02-2024	43:00:11--------Redis Client Error Error: Connection timeout
27-02-2024	56:01:11--------/getNotificationCount?type=normal&status=receved---GET---JsonWebTokenError: invalid signature: token.verify-accessToken
27-02-2024	56:01:11--------/getNotificationCount?type=now&status=receved---GET---JsonWebTokenError: invalid signature: token.verify-accessToken
28-02-2024	16:16:00--------Redis Client Error Error: Connection timeout
28-02-2024	50:54:06--------/getNotificationCount?type=normal&status=receved---GET---JsonWebTokenError: invalid signature: token.verify-accessToken
28-02-2024	50:54:06--------/getNotificationCount?type=now&status=receved---GET---JsonWebTokenError: invalid signature: token.verify-accessToken
28-02-2024	50:54:06--------/getNotificationCount?type=normal&status=receved---GET---JsonWebTokenError: invalid signature: token.verify-accessToken
28-02-2024	50:54:06--------/getNotificationCount?type=now&status=receved---GET---JsonWebTokenError: invalid signature: token.verify-accessToken
28-02-2024	46:40:07--------/getNotificationList?type=normal&status=all&pageIndex=1&pageSize=10---GET---TokenExpiredError: jwt expired: token.verify-accessToken
28-02-2024	46:40:07--------/getNotificationCount?type=normal&status=receved---GET---JsonWebTokenError: invalid signature: token.verify-accessToken
28-02-2024	47:40:07--------/getNotificationCount?type=now&status=receved---GET---JsonWebTokenError: invalid signature: token.verify-accessToken
28-02-2024	04:42:07--------/getNotificationCount?type=normal&status=receved---GET---JsonWebTokenError: invalid signature: token.verify-accessToken
28-02-2024	04:42:07--------/getNotificationCount?type=now&status=receved---GET---JsonWebTokenError: invalid signature: token.verify-accessToken
28-02-2024	05:42:07--------/getNotificationCount?type=normal&status=receved---GET---JsonWebTokenError: invalid signature: token.verify-accessToken
28-02-2024	05:42:07--------/getNotificationCount?type=normal&status=receved---GET---JsonWebTokenError: invalid signature: token.verify-accessToken
28-02-2024	05:42:07--------/getNotificationCount?type=now&status=receved---GET---JsonWebTokenError: invalid signature: token.verify-accessToken
28-02-2024	05:42:07--------/getNotificationCount?type=normal&status=receved---GET---JsonWebTokenError: invalid signature: token.verify-accessToken
02-03-2024	04:10:00--------/getNotificationCount?type=normal&status=receved---GET---TokenExpiredError: jwt expired: token.verify-accessToken
02-03-2024	04:10:00--------/getNotificationCount?type=now&status=receved---GET---JsonWebTokenError: invalid signature: token.verify-accessToken
02-03-2024	13:10:00--------/getNotificationCount?type=normal&status=receved---GET---JsonWebTokenError: invalid signature: token.verify-accessToken
02-03-2024	14:10:00--------/getNotificationCount?type=now&status=receved---GET---JsonWebTokenError: invalid signature: token.verify-accessToken
03-03-2024	54:18:17--------/getNotificationCount?type=normal&status=receved---GET---TokenExpiredError: jwt expired: token.verify-accessToken
03-03-2024	55:18:17--------/getNotificationCount?type=now&status=receved---GET---JsonWebTokenError: invalid signature: token.verify-accessToken
04-03-2024	54:22:20--------/getNotificationCount?type=normal&status=receved---GET---TokenExpiredError: jwt expired: token.verify-accessToken
04-03-2024	54:22:20--------/getNotificationCount?type=now&status=receved---GET---JsonWebTokenError: invalid signature: token.verify-accessToken
04-03-2024	33:24:20--------/getNotificationCount?type=normal&status=receved---GET---JsonWebTokenError: invalid signature: token.verify-accessToken
04-03-2024	33:24:20--------/getNotificationCount?type=now&status=receved---GET---JsonWebTokenError: invalid signature: token.verify-accessToken
05-03-2024	33:23:02--------/getNotificationCount?type=normal&status=receved---GET---JsonWebTokenError: invalid signature: token.verify-accessToken
05-03-2024	33:23:02--------/getNotificationCount?type=now&status=receved---GET---JsonWebTokenError: invalid signature: token.verify-accessToken
30-03-2024	35:13:19--------Redis Client Error Error: Connection timeout
