07-02-2024	36:30:20--------( SocketSM_Authentication ) Error: Socket-accessToken invalid or not created ( SocketSM_Authentication ) !
07-02-2024	36:30:20--------( SocketSM_Authentication ) Error: Socket-accessToken invalid or not created ( SocketSM_Authentication ) !
07-02-2024	36:30:20--------( SocketSM_Authentication ) Error: Socket-accessToken invalid or not created ( SocketSM_Authentication ) !
07-02-2024	48:30:20--------( SocketSM_Authentication ) Error: Socket-accessToken invalid or not created ( SocketSM_Authentication ) !
07-02-2024	59:30:20--------/getRoom?status=normal&type=notification---GET---TokenExpiredError: jwt expired: token.verify-accessToken
07-02-2024	59:30:20--------/getRoom?status=normal&type=notification---GET---JsonWebTokenError: invalid signature: token.verify-accessToken
07-02-2024	19:31:20--------( SocketSM_Authentication ) Error: Socket-accessToken invalid or not created ( SocketSM_Authentication ) !
07-02-2024	32:07:22--------( SocketSM_Authentication ) Error: Socket-accessToken invalid or not created ( SocketSM_Authentication ) !
07-02-2024	47:10:23--------/getRoom?status=normal&type=notification---GET---TokenExpiredError: jwt expired: token.verify-accessToken
07-02-2024	47:10:23--------/getRoom?status=normal&type=notification---GET---JsonWebTokenError: invalid signature: token.verify-accessToken
07-02-2024	47:10:23--------( SocketSM_Authentication ) Error: Socket-accessToken invalid or not created ( SocketSM_Authentication ) !
08-02-2024	07:17:09--------( SocketSM_Authentication ) Error: Socket-accessToken invalid or not created ( SocketSM_Authentication ) !
08-02-2024	12:20:09--------/getRoom?status=normal&type=notification---GET---TokenExpiredError: jwt expired: token.verify-accessToken
08-02-2024	12:20:09--------/getRoom?status=normal&type=notification---GET---JsonWebTokenError: invalid signature: token.verify-accessToken
08-02-2024	12:20:09--------( SocketSM_Authentication ) Error: Socket-accessToken invalid or not created ( SocketSM_Authentication ) !
08-02-2024	12:20:09--------/getRoom?status=normal&type=notification---GET---JsonWebTokenError: invalid signature: token.verify-accessToken
08-02-2024	13:20:09--------( SocketSM_Authentication ) Error: Socket-accessToken invalid or not created ( SocketSM_Authentication ) !
08-02-2024	13:20:09--------/getRoom?status=normal&type=notification---GET---JsonWebTokenError: invalid signature: token.verify-accessToken
08-02-2024	12:23:09--------/getRoom?status=normal&type=notification---GET---TokenExpiredError: jwt expired: token.verify-accessToken
08-02-2024	12:23:09--------/getRoom?status=normal&type=notification---GET---JsonWebTokenError: invalid signature: token.verify-accessToken
08-02-2024	12:23:09--------( SocketSM_Authentication ) Error: Socket-accessToken invalid or not created ( SocketSM_Authentication ) !
08-02-2024	30:23:09--------/getRoom?status=normal&type=notification---GET---TokenExpiredError: jwt expired: token.verify-accessToken
08-02-2024	30:23:09--------/getRoom?status=normal&type=notification---GET---JsonWebTokenError: invalid signature: token.verify-accessToken
08-02-2024	10:36:17--------( SocketSM_Authentication ) Error: Socket-accessToken invalid or not created ( SocketSM_Authentication ) !
08-02-2024	41:36:17--------( SocketSM_Authentication ) Error: Socket-accessToken invalid or not created ( SocketSM_Authentication ) !
08-02-2024	43:36:17--------( SocketSM_Authentication ) Error: Socket-accessToken invalid or not created ( SocketSM_Authentication ) !
08-02-2024	49:21:23--------/getRoom?status=normal&type=notification---GET---TokenExpiredError: jwt expired: token.verify-accessToken
08-02-2024	50:21:23--------/getRoom?status=normal&type=notification---GET---JsonWebTokenError: invalid signature: token.verify-accessToken
08-02-2024	50:21:23--------/getRoom?status=normal&type=notification---GET---JsonWebTokenError: invalid signature: token.verify-accessToken
08-02-2024	50:21:23--------( SocketSM_Authentication ) Error: Socket-accessToken invalid or not created ( SocketSM_Authentication ) !
08-02-2024	50:21:23--------/getRoom?status=normal&type=notification---GET---JsonWebTokenError: invalid signature: token.verify-accessToken
08-02-2024	30:22:23--------/getRoom?status=normal&type=notification---GET---TokenExpiredError: jwt expired: token.verify-accessToken
08-02-2024	30:22:23--------/getRoom?status=normal&type=notification---GET---JsonWebTokenError: invalid signature: token.verify-accessToken
08-02-2024	30:22:23--------( SocketSM_Authentication ) Error: Socket-accessToken invalid or not created ( SocketSM_Authentication ) !
08-02-2024	51:22:23--------/getRoom?status=normal&type=notification---GET---TokenExpiredError: jwt expired: token.verify-accessToken
08-02-2024	51:22:23--------/getRoom?status=normal&type=notification---GET---JsonWebTokenError: invalid signature: token.verify-accessToken
08-02-2024	51:22:23--------( SocketSM_Authentication ) Error: Socket-accessToken invalid or not created ( SocketSM_Authentication ) !
08-02-2024	32:24:23--------/getRoom?status=normal&type=notification---GET---TokenExpiredError: jwt expired: token.verify-accessToken
08-02-2024	33:24:23--------/getRoom?status=normal&type=notification---GET---JsonWebTokenError: invalid signature: token.verify-accessToken
08-02-2024	33:24:23--------( SocketSM_Authentication ) Error: Socket-accessToken invalid or not created ( SocketSM_Authentication ) !
08-02-2024	33:24:23--------/getRoom?status=normal&type=notification---GET---JsonWebTokenError: invalid signature: token.verify-accessToken
08-02-2024	33:24:23--------/getRoom?status=normal&type=notification---GET---JsonWebTokenError: invalid signature: token.verify-accessToken
08-02-2024	33:24:23--------( SocketSM_Authentication ) Error: Socket-accessToken invalid or not created ( SocketSM_Authentication ) !
08-02-2024	38:25:23--------/getRoom?status=normal&type=notification---GET---JsonWebTokenError: invalid signature: token.verify-accessToken
08-02-2024	38:25:23--------/getRoom?status=normal&type=notification---GET---JsonWebTokenError: invalid signature: token.verify-accessToken
08-02-2024	38:25:23--------/getRoom?status=normal&type=notification---GET---JsonWebTokenError: invalid signature: token.verify-accessToken
08-02-2024	38:25:23--------( SocketSM_Authentication ) Error: Socket-accessToken invalid or not created ( SocketSM_Authentication ) !
08-02-2024	32:57:23--------/getRoom?status=normal&type=notification---GET---TokenExpiredError: jwt expired: token.verify-accessToken
08-02-2024	33:57:23--------( SocketSM_Authentication ) Error: Socket-accessToken invalid or not created ( SocketSM_Authentication ) !
08-02-2024	35:57:23--------/getRoom?status=normal&type=notification---GET---TokenExpiredError: jwt expired: token.verify-accessToken
08-02-2024	35:57:23--------/getRoom?status=normal&type=notification---GET---JsonWebTokenError: invalid signature: token.verify-accessToken
08-02-2024	35:57:23--------( SocketSM_Authentication ) Error: Socket-accessToken invalid or not created ( SocketSM_Authentication ) !
09-02-2024	41:15:00--------/getRoom?status=normal&type=notification---GET---TokenExpiredError: jwt expired: token.verify-accessToken
09-02-2024	44:15:00--------( SocketSM_Authentication ) Error: Socket-accessToken invalid or not created ( SocketSM_Authentication ) !
09-02-2024	49:20:00--------/getRoom?status=normal&type=notification---GET---TokenExpiredError: jwt expired: token.verify-accessToken
09-02-2024	44:24:02--------/getRoom?status=normal&type=notification---GET---JsonWebTokenError: invalid signature: token.verify-accessToken
09-02-2024	45:24:02--------/getRoom?status=normal&type=notification---GET---JsonWebTokenError: invalid signature: token.verify-accessToken
09-02-2024	56:25:04--------/getRoom?status=normal&type=notification---GET---TokenExpiredError: jwt expired: token.verify-accessToken
09-02-2024	56:25:04--------/getRoom?status=normal&type=notification---GET---JsonWebTokenError: invalid signature: token.verify-accessToken
09-02-2024	57:25:04--------/getRoom?status=normal&type=notification---GET---JsonWebTokenError: invalid signature: token.verify-accessToken
09-02-2024	57:25:04--------/getRoom?status=normal&type=notification---GET---JsonWebTokenError: invalid signature: token.verify-accessToken
09-02-2024	57:25:04--------( SocketSM_Authentication ) Error: Socket-accessToken invalid or not created ( SocketSM_Authentication ) !
09-02-2024	57:25:04--------( SocketSM_Authentication ) Error: Socket-accessToken invalid or not created ( SocketSM_Authentication ) !
09-02-2024	57:25:04--------( SocketSM_Authentication ) Error: Socket-accessToken invalid or not created ( SocketSM_Authentication ) !
09-02-2024	59:25:04--------/getRoom?status=normal&type=notification---GET---TokenExpiredError: jwt expired: token.verify-accessToken
09-02-2024	00:26:04--------( SocketSM_Authentication ) Error: Socket-accessToken invalid or not created ( SocketSM_Authentication ) !
09-02-2024	00:28:04--------/getRoom?status=normal&type=notification---GET---TokenExpiredError: jwt expired: token.verify-accessToken
09-02-2024	00:28:04--------/getRoom?status=normal&type=notification---GET---JsonWebTokenError: invalid signature: token.verify-accessToken
09-02-2024	00:28:04--------( SocketSM_Authentication ) Error: Socket-accessToken invalid or not created ( SocketSM_Authentication ) !
09-02-2024	02:28:04--------/getRoom?status=normal&type=notification---GET---TokenExpiredError: jwt expired: token.verify-accessToken
09-02-2024	02:28:04--------/getRoom?status=normal&type=notification---GET---JsonWebTokenError: invalid signature: token.verify-accessToken
09-02-2024	03:28:04--------( SocketSM_Authentication ) Error: Socket-accessToken invalid or not created ( SocketSM_Authentication ) !
09-02-2024	55:29:04--------/getRoom?status=normal&type=notification---GET---TokenExpiredError: jwt expired: token.verify-accessToken
09-02-2024	55:29:04--------/getRoom?status=normal&type=notification---GET---JsonWebTokenError: invalid signature: token.verify-accessToken
09-02-2024	55:29:04--------( SocketSM_Authentication ) Error: Socket-accessToken invalid or not created ( SocketSM_Authentication ) !
09-02-2024	28:31:04--------/getRoom?status=normal&type=notification---GET---TokenExpiredError: jwt expired: token.verify-accessToken
09-02-2024	28:31:04--------/getRoom?status=normal&type=notification---GET---JsonWebTokenError: invalid signature: token.verify-accessToken
09-02-2024	28:31:04--------( SocketSM_Authentication ) Error: Socket-accessToken invalid or not created ( SocketSM_Authentication ) !
09-02-2024	52:33:04--------/getRoom?status=normal&type=notification---GET---JsonWebTokenError: invalid signature: token.verify-accessToken
09-02-2024	53:33:04--------/getRoom?status=normal&type=notification---GET---JsonWebTokenError: invalid signature: token.verify-accessToken
09-02-2024	53:33:04--------( SocketSM_Authentication ) Error: Socket-accessToken invalid or not created ( SocketSM_Authentication ) !
09-02-2024	08:35:04--------/getRoom?status=normal&type=notification---GET---TokenExpiredError: jwt expired: token.verify-accessToken
09-02-2024	08:35:04--------/getRoom?status=normal&type=notification---GET---JsonWebTokenError: invalid signature: token.verify-accessToken
09-02-2024	08:35:04--------( SocketSM_Authentication ) Error: Socket-accessToken invalid or not created ( SocketSM_Authentication ) !
09-02-2024	11:38:04--------/getRoom?status=normal&type=notification---GET---JsonWebTokenError: invalid signature: token.verify-accessToken
09-02-2024	11:38:04--------/getRoom?status=normal&type=notification---GET---JsonWebTokenError: invalid signature: token.verify-accessToken
09-02-2024	11:38:04--------( SocketSM_Authentication ) Error: Socket-accessToken invalid or not created ( SocketSM_Authentication ) !
09-02-2024	18:47:04--------/getRoom?status=normal&type=notification---GET---JsonWebTokenError: invalid signature: token.verify-accessToken
09-02-2024	18:47:04--------/getRoom?status=normal&type=notification---GET---JsonWebTokenError: invalid signature: token.verify-accessToken
09-02-2024	18:47:04--------( SocketSM_Authentication ) Error: Socket-accessToken invalid or not created ( SocketSM_Authentication ) !
09-02-2024	31:54:04--------/getRoom?status=normal&type=notification---GET---JsonWebTokenError: invalid signature: token.verify-accessToken
09-02-2024	31:54:04--------/getRoom?status=normal&type=notification---GET---JsonWebTokenError: invalid signature: token.verify-accessToken
09-02-2024	31:54:04--------( SocketSM_Authentication ) Error: Socket-accessToken invalid or not created ( SocketSM_Authentication ) !
09-02-2024	10:16:05--------/getRoom?status=normal&type=notification---GET---JsonWebTokenError: invalid signature: token.verify-accessToken
09-02-2024	11:16:05--------/getRoom?status=normal&type=notification---GET---JsonWebTokenError: invalid signature: token.verify-accessToken
09-02-2024	11:16:05--------( SocketSM_Authentication ) Error: Socket-accessToken invalid or not created ( SocketSM_Authentication ) !
09-02-2024	11:16:05--------( SocketSM_Authentication ) Error: Socket-accessToken invalid or not created ( SocketSM_Authentication ) !
09-02-2024	11:16:05--------( SocketSM_Authentication ) Error: Socket-accessToken invalid or not created ( SocketSM_Authentication ) !
09-02-2024	14:16:05--------/getRoom?status=normal&type=notification---GET---JsonWebTokenError: invalid signature: token.verify-accessToken
09-02-2024	14:16:05--------/getRoom?status=normal&type=notification---GET---JsonWebTokenError: invalid signature: token.verify-accessToken
09-02-2024	14:16:05--------( SocketSM_Authentication ) Error: Socket-accessToken invalid or not created ( SocketSM_Authentication ) !
09-02-2024	15:16:05--------/getRoom?status=normal&type=notification---GET---JsonWebTokenError: invalid signature: token.verify-accessToken
09-02-2024	39:16:05--------/getRoom?status=normal&type=notification---GET---JsonWebTokenError: invalid signature: token.verify-accessToken
09-02-2024	39:16:05--------/getRoom?status=normal&type=notification---GET---JsonWebTokenError: invalid signature: token.verify-accessToken
09-02-2024	41:14:09--------Redis Client Error Error: Connection timeout
09-02-2024	36:16:09--------( SocketSM_Authentication ) Error: Socket-accessToken invalid or not created ( SocketSM_Authentication ) !
09-02-2024	38:16:09--------( SocketSM_Authentication ) Error: Socket-accessToken invalid or not created ( SocketSM_Authentication ) !
09-02-2024	12:17:09--------( SocketSM_Authentication ) Error: Socket-accessToken invalid or not created ( SocketSM_Authentication ) !
09-02-2024	58:29:09--------( SocketSM_Authentication ) Error: Socket-accessToken invalid or not created ( SocketSM_Authentication ) !
09-02-2024	50:09:12--------( SocketSM_Authentication ) Error: Socket-accessToken invalid or not created ( SocketSM_Authentication ) !
09-02-2024	50:09:12--------( SocketSM_Authentication ) Error: Socket-accessToken invalid or not created ( SocketSM_Authentication ) !
09-02-2024	50:09:12--------( SocketSM_Authentication ) Error: Socket-accessToken invalid or not created ( SocketSM_Authentication ) !
09-02-2024	20:10:12--------/getRoom?status=normal&type=notification---GET---TokenExpiredError: jwt expired: token.verify-accessToken
09-02-2024	23:10:12--------/getRoom?status=normal&type=notification---GET---JsonWebTokenError: invalid signature: token.verify-accessToken
09-02-2024	23:10:12--------/getRoom?status=normal&type=notification---GET---JsonWebTokenError: invalid signature: token.verify-accessToken
09-02-2024	23:10:12--------( SocketSM_Authentication ) Error: Socket-accessToken invalid or not created ( SocketSM_Authentication ) !
09-02-2024	23:10:12--------( SocketSM_Authentication ) Error: Socket-accessToken invalid or not created ( SocketSM_Authentication ) !
09-02-2024	23:10:12--------/getRoom?status=normal&type=notification---GET---JsonWebTokenError: invalid signature: token.verify-accessToken
09-02-2024	23:10:12--------( SocketSM_Authentication ) Error: Socket-accessToken invalid or not created ( SocketSM_Authentication ) !
09-02-2024	23:10:12--------/getRoom?status=normal&type=notification---GET---JsonWebTokenError: invalid signature: token.verify-accessToken
09-02-2024	32:13:12--------( SocketSM_Authentication ) Error: Socket-accessToken invalid or not created ( SocketSM_Authentication ) !
09-02-2024	27:19:12--------/getRoom?status=normal&type=notification---GET---TokenExpiredError: jwt expired: token.verify-accessToken
09-02-2024	27:19:12--------/getRoom?status=normal&type=notification---GET---JsonWebTokenError: invalid signature: token.verify-accessToken
09-02-2024	07:29:12--------/getRoom?status=normal&type=notification---GET---TokenExpiredError: jwt expired: token.verify-accessToken
09-02-2024	07:29:12--------/getRoom?status=normal&type=notification---GET---JsonWebTokenError: invalid signature: token.verify-accessToken
09-02-2024	48:21:17--------( SocketSM_Authentication ) Error: Socket-accessToken invalid or not created ( SocketSM_Authentication ) !
09-02-2024	59:39:17--------/getRoom?status=normal&type=notification---GET---JsonWebTokenError: invalid signature: token.verify-accessToken
09-02-2024	59:39:17--------/getRoom?status=normal&type=notification---GET---JsonWebTokenError: invalid signature: token.verify-accessToken
09-02-2024	59:39:17--------( SocketSM_Authentication ) Error: Socket-accessToken invalid or not created ( SocketSM_Authentication ) !
09-02-2024	11:54:18--------/getRoom?status=normal&type=notification---GET---TokenExpiredError: jwt expired: token.verify-accessToken
09-02-2024	11:54:18--------/getRoom?status=normal&type=notification---GET---JsonWebTokenError: invalid signature: token.verify-accessToken
09-02-2024	05:24:19--------/getRoom?status=normal&type=notification---GET---TokenExpiredError: jwt expired: token.verify-accessToken
09-02-2024	05:24:19--------/getRoom?status=normal&type=notification---GET---JsonWebTokenError: invalid signature: token.verify-accessToken
09-02-2024	05:24:19--------( SocketSM_Authentication ) Error: Socket-accessToken invalid or not created ( SocketSM_Authentication ) !
09-02-2024	53:24:19--------( SocketSM_Authentication ) Error: Socket-accessToken invalid or not created ( SocketSM_Authentication ) !
09-02-2024	30:26:21--------/getRoom?status=normal&type=notification---GET---TokenExpiredError: jwt expired: token.verify-accessToken
09-02-2024	30:26:21--------/getRoom?status=normal&type=notification---GET---JsonWebTokenError: invalid signature: token.verify-accessToken
09-02-2024	52:30:21--------/getRoom?status=normal&type=notification---GET---TokenExpiredError: jwt expired: token.verify-accessToken
09-02-2024	53:30:21--------/getRoom?status=normal&type=notification---GET---JsonWebTokenError: invalid signature: token.verify-accessToken
09-02-2024	59:07:22--------Redis Client Error Error: Connection timeout
09-02-2024	19:12:22--------/getRoom?status=normal&type=notification---GET---TokenExpiredError: jwt expired: token.verify-accessToken
09-02-2024	19:12:22--------/getRoom?status=normal&type=notification---GET---JsonWebTokenError: invalid signature: token.verify-accessToken
09-02-2024	19:12:22--------( SocketSM_Authentication ) Error: Socket-accessToken invalid or not created ( SocketSM_Authentication ) !
09-02-2024	20:12:22--------( SocketSM_Authentication ) Error: Socket-accessToken invalid or not created ( SocketSM_Authentication ) !
09-02-2024	24:12:22--------/getRoom?status=normal&type=notification---GET---TokenExpiredError: jwt expired: token.verify-accessToken
09-02-2024	24:12:22--------( SocketSM_Authentication ) Error: Socket-accessToken invalid or not created ( SocketSM_Authentication ) !
09-02-2024	35:55:22--------/getRoom?status=normal&type=notification---GET---TokenExpiredError: jwt expired: token.verify-accessToken
09-02-2024	36:55:22--------/getRoom?status=normal&type=notification---GET---JsonWebTokenError: invalid signature: token.verify-accessToken
09-02-2024	36:55:22--------( SocketSM_Authentication ) Error: Socket-accessToken invalid or not created ( SocketSM_Authentication ) !
10-02-2024	00:15:04--------( SocketSM_Authentication ) Error: Socket-accessToken invalid or not created ( SocketSM_Authentication ) !
10-02-2024	00:15:04--------( SocketSM_Authentication ) Error: Socket-accessToken invalid or not created ( SocketSM_Authentication ) !
10-02-2024	06:15:04--------/getRoom?status=normal&type=notification---GET---TokenExpiredError: jwt expired: token.verify-accessToken
10-02-2024	06:15:04--------/getRoom?status=normal&type=notification---GET---JsonWebTokenError: invalid signature: token.verify-accessToken
10-02-2024	06:15:04--------/getRoom?status=normal&type=notification---GET---JsonWebTokenError: invalid signature: token.verify-accessToken
10-02-2024	07:15:04--------/getRoom?status=normal&type=notification---GET---JsonWebTokenError: invalid signature: token.verify-accessToken
10-02-2024	07:15:04--------( SocketSM_Authentication ) Error: Socket-accessToken invalid or not created ( SocketSM_Authentication ) !
10-02-2024	41:16:04--------( SocketSM_Authentication ) Error: Socket-accessToken invalid or not created ( SocketSM_Authentication ) !
10-02-2024	41:16:04--------( SocketSM_Authentication ) Error: Socket-accessToken invalid or not created ( SocketSM_Authentication ) !
10-02-2024	19:49:04--------Redis Client Error Error: Connection timeout
10-02-2024	45:52:04--------/getRoom?status=normal&type=notification---GET---TokenExpiredError: jwt expired: token.verify-accessToken
10-02-2024	46:52:04--------/getRoom?status=normal&type=notification---GET---JsonWebTokenError: invalid signature: token.verify-accessToken
10-02-2024	49:52:04--------/getRoom?status=normal&type=notification---GET---TokenExpiredError: jwt expired: token.verify-accessToken
10-02-2024	49:52:04--------/getRoom?status=normal&type=notification---GET---JsonWebTokenError: invalid signature: token.verify-accessToken
10-02-2024	49:52:04--------( SocketSM_Authentication ) Error: Socket-accessToken invalid or not created ( SocketSM_Authentication ) !
10-02-2024	37:02:05--------/getRoom?status=normal&type=notification---GET---TokenExpiredError: jwt expired: token.verify-accessToken
10-02-2024	38:02:05--------/getRoom?status=normal&type=notification---GET---JsonWebTokenError: invalid signature: token.verify-accessToken
10-02-2024	38:02:05--------( SocketSM_Authentication ) Error: Socket-accessToken invalid or not created ( SocketSM_Authentication ) !
10-02-2024	38:02:05--------( SocketSM_Authentication ) Error: Socket-accessToken invalid or not created ( SocketSM_Authentication ) !
10-02-2024	38:02:05--------( SocketSM_Authentication ) Error: Socket-accessToken invalid or not created ( SocketSM_Authentication ) !
10-02-2024	40:02:05--------/getRoom?status=normal&type=notification---GET---TokenExpiredError: jwt expired: token.verify-accessToken
10-02-2024	40:02:05--------( SocketSM_Authentication ) Error: Socket-accessToken invalid or not created ( SocketSM_Authentication ) !
10-02-2024	26:03:05--------( SocketSM_Authentication ) Error: Socket-accessToken invalid or not created ( SocketSM_Authentication ) !
10-02-2024	32:03:05--------( SocketSM_Authentication ) Error: Socket-accessToken invalid or not created ( SocketSM_Authentication ) !
10-02-2024	48:03:05--------/getRoom?status=normal&type=notification---GET---TokenExpiredError: jwt expired: token.verify-accessToken
10-02-2024	48:03:05--------/getRoom?status=normal&type=notification---GET---JsonWebTokenError: invalid signature: token.verify-accessToken
10-02-2024	48:03:05--------( SocketSM_Authentication ) Error: Socket-accessToken invalid or not created ( SocketSM_Authentication ) !
10-02-2024	54:03:05--------/getRoom?status=normal&type=notification---GET---TokenExpiredError: jwt expired: token.verify-accessToken
10-02-2024	55:03:05--------( SocketSM_Authentication ) Error: Socket-accessToken invalid or not created ( SocketSM_Authentication ) !
10-02-2024	23:16:05--------( SocketSM_Authentication ) Error: Socket-accessToken invalid or not created ( SocketSM_Authentication ) !
10-02-2024	34:19:05--------/getRoom?status=normal&type=notification---GET---TokenExpiredError: jwt expired: token.verify-accessToken
10-02-2024	35:19:05--------/getRoom?status=normal&type=notification---GET---JsonWebTokenError: invalid signature: token.verify-accessToken
10-02-2024	35:19:05--------( SocketSM_Authentication ) Error: Socket-accessToken invalid or not created ( SocketSM_Authentication ) !
10-02-2024	17:21:05--------( SocketSM_Authentication ) Error: Socket-accessToken invalid or not created ( SocketSM_Authentication ) !
10-02-2024	06:24:05--------/getRoom?status=normal&type=notification---GET---TokenExpiredError: jwt expired: token.verify-accessToken
10-02-2024	06:24:05--------/getRoom?status=normal&type=notification---GET---JsonWebTokenError: invalid signature: token.verify-accessToken
10-02-2024	46:27:05--------/getRoom?status=normal&type=notification---GET---TokenExpiredError: jwt expired: token.verify-accessToken
10-02-2024	47:27:05--------/getRoom?status=normal&type=notification---GET---JsonWebTokenError: invalid signature: token.verify-accessToken
10-02-2024	47:27:05--------( SocketSM_Authentication ) Error: Socket-accessToken invalid or not created ( SocketSM_Authentication ) !
10-02-2024	52:27:05--------( SocketSM_Authentication ) Error: Socket-accessToken invalid or not created ( SocketSM_Authentication ) !
10-02-2024	55:27:05--------( SocketSM_Authentication ) Error: Socket-accessToken invalid or not created ( SocketSM_Authentication ) !
10-02-2024	38:33:05--------( SocketSM_Authentication ) Error: Socket-accessToken invalid or not created ( SocketSM_Authentication ) !
10-02-2024	34:35:05--------( SocketSM_Authentication ) Error: Socket-accessToken invalid or not created ( SocketSM_Authentication ) !
10-02-2024	34:35:05--------( SocketSM_Authentication ) Error: Socket-accessToken invalid or not created ( SocketSM_Authentication ) !
10-02-2024	34:35:05--------( SocketSM_Authentication ) Error: Socket-accessToken invalid or not created ( SocketSM_Authentication ) !
10-02-2024	35:35:05--------( SocketSM_Authentication ) Error: Socket-accessToken invalid or not created ( SocketSM_Authentication ) !
10-02-2024	40:35:05--------( SocketSM_Authentication ) Error: Socket-accessToken invalid or not created ( SocketSM_Authentication ) !
10-02-2024	40:35:05--------( SocketSM_Authentication ) Error: Socket-accessToken invalid or not created ( SocketSM_Authentication ) !
10-02-2024	09:39:05--------( SocketSM_Authentication ) Error: Socket-accessToken invalid or not created ( SocketSM_Authentication ) !
10-02-2024	42:53:05--------/getRoom?status=normal&type=notification---GET---TokenExpiredError: jwt expired: token.verify-accessToken
10-02-2024	42:53:05--------/getRoom?status=normal&type=notification---GET---JsonWebTokenError: invalid signature: token.verify-accessToken
10-02-2024	42:53:05--------( SocketSM_Authentication ) Error: Socket-accessToken invalid or not created ( SocketSM_Authentication ) !
10-02-2024	47:53:05--------/getRoom?status=normal&type=notification---GET---TokenExpiredError: jwt expired: token.verify-accessToken
10-02-2024	49:53:05--------( SocketSM_Authentication ) Error: Socket-accessToken invalid or not created ( SocketSM_Authentication ) !
10-02-2024	01:54:05--------( SocketSM_Authentication ) Error: Socket-accessToken invalid or not created ( SocketSM_Authentication ) !
10-02-2024	05:54:05--------( SocketSM_Authentication ) Error: Socket-accessToken invalid or not created ( SocketSM_Authentication ) !
10-02-2024	43:55:05--------/getRoom?status=normal&type=notification---GET---TokenExpiredError: jwt expired: token.verify-accessToken
10-02-2024	43:55:05--------/getRoom?status=normal&type=notification---GET---JsonWebTokenError: invalid signature: token.verify-accessToken
10-02-2024	43:55:05--------( SocketSM_Authentication ) Error: Socket-accessToken invalid or not created ( SocketSM_Authentication ) !
10-02-2024	46:55:05--------/getRoom?status=normal&type=notification---GET---TokenExpiredError: jwt expired: token.verify-accessToken
10-02-2024	46:55:05--------/getRoom?status=normal&type=notification---GET---JsonWebTokenError: invalid signature: token.verify-accessToken
10-02-2024	46:55:05--------( SocketSM_Authentication ) Error: Socket-accessToken invalid or not created ( SocketSM_Authentication ) !
10-02-2024	13:56:05--------( SocketSM_Authentication ) Error: Socket-accessToken invalid or not created ( SocketSM_Authentication ) !
10-02-2024	16:56:05--------( SocketSM_Authentication ) Error: Socket-accessToken invalid or not created ( SocketSM_Authentication ) !
10-02-2024	19:56:05--------( SocketSM_Authentication ) Error: Socket-accessToken invalid or not created ( SocketSM_Authentication ) !
10-02-2024	20:57:05--------/getRoom?status=normal&type=notification---GET---TokenExpiredError: jwt expired: token.verify-accessToken
10-02-2024	20:57:05--------/getRoom?status=normal&type=notification---GET---JsonWebTokenError: invalid signature: token.verify-accessToken
10-02-2024	20:57:05--------( SocketSM_Authentication ) Error: Socket-accessToken invalid or not created ( SocketSM_Authentication ) !
10-02-2024	23:57:05--------/getRoom?status=normal&type=notification---GET---TokenExpiredError: jwt expired: token.verify-accessToken
10-02-2024	24:57:05--------( SocketSM_Authentication ) Error: Socket-accessToken invalid or not created ( SocketSM_Authentication ) !
10-02-2024	01:58:05--------( SocketSM_Authentication ) Error: Socket-accessToken invalid or not created ( SocketSM_Authentication ) !
10-02-2024	03:58:05--------( SocketSM_Authentication ) Error: Socket-accessToken invalid or not created ( SocketSM_Authentication ) !
10-02-2024	52:00:06--------/getRoom?status=normal&type=notification---GET---TokenExpiredError: jwt expired: token.verify-accessToken
10-02-2024	53:00:06--------/getRoom?status=normal&type=notification---GET---JsonWebTokenError: invalid signature: token.verify-accessToken
10-02-2024	53:00:06--------( SocketSM_Authentication ) Error: Socket-accessToken invalid or not created ( SocketSM_Authentication ) !
10-02-2024	54:00:06--------/getRoom?status=normal&type=notification---GET---TokenExpiredError: jwt expired: token.verify-accessToken
10-02-2024	55:00:06--------( SocketSM_Authentication ) Error: Socket-accessToken invalid or not created ( SocketSM_Authentication ) !
10-02-2024	08:08:06--------/getRoom?status=normal&type=notification---GET---TokenExpiredError: jwt expired: token.verify-accessToken
10-02-2024	08:08:06--------/getRoom?status=normal&type=notification---GET---JsonWebTokenError: invalid signature: token.verify-accessToken
10-02-2024	08:08:06--------( SocketSM_Authentication ) Error: Socket-accessToken invalid or not created ( SocketSM_Authentication ) !
10-02-2024	44:08:06--------( SocketSM_Authentication ) Error: Socket-accessToken invalid or not created ( SocketSM_Authentication ) !
10-02-2024	46:13:06--------/getRoom?status=normal&type=notification---GET---TokenExpiredError: jwt expired: token.verify-accessToken
10-02-2024	47:13:06--------/getRoom?status=normal&type=notification---GET---JsonWebTokenError: invalid signature: token.verify-accessToken
10-02-2024	47:13:06--------( SocketSM_Authentication ) Error: Socket-accessToken invalid or not created ( SocketSM_Authentication ) !
10-02-2024	54:14:06--------/getRoom?status=normal&type=notification---GET---TokenExpiredError: jwt expired: token.verify-accessToken
10-02-2024	54:14:06--------/getRoom?status=normal&type=notification---GET---JsonWebTokenError: invalid signature: token.verify-accessToken
10-02-2024	45:16:06--------( SocketSM_Authentication ) Error: Socket-accessToken invalid or not created ( SocketSM_Authentication ) !
10-02-2024	38:19:06--------/getRoom?status=normal&type=notification---GET---TokenExpiredError: jwt expired: token.verify-accessToken
10-02-2024	38:19:06--------/getRoom?status=normal&type=notification---GET---JsonWebTokenError: invalid signature: token.verify-accessToken
10-02-2024	38:19:06--------( SocketSM_Authentication ) Error: Socket-accessToken invalid or not created ( SocketSM_Authentication ) !
10-02-2024	04:22:06--------( SocketSM_Authentication ) Error: Socket-accessToken invalid or not created ( SocketSM_Authentication ) !
10-02-2024	45:22:06--------/getRoom?status=normal&type=notification---GET---TokenExpiredError: jwt expired: token.verify-accessToken
10-02-2024	45:22:06--------/getRoom?status=normal&type=notification---GET---JsonWebTokenError: invalid signature: token.verify-accessToken
10-02-2024	46:22:06--------( SocketSM_Authentication ) Error: Socket-accessToken invalid or not created ( SocketSM_Authentication ) !
10-02-2024	30:15:07--------( SocketSM_Authentication ) Error: Socket-accessToken invalid or not created ( SocketSM_Authentication ) !
10-02-2024	30:15:07--------( SocketSM_Authentication ) Error: Socket-accessToken invalid or not created ( SocketSM_Authentication ) !
10-02-2024	32:18:07--------( SocketSM_Authentication ) Error: Socket-accessToken invalid or not created ( SocketSM_Authentication ) !
10-02-2024	48:11:09--------( SocketSM_Authentication ) Error: Socket-accessToken invalid or not created ( SocketSM_Authentication ) !
10-02-2024	35:46:09--------/getRoom?status=normal&type=notification---GET---TokenExpiredError: jwt expired: token.verify-accessToken
10-02-2024	35:46:09--------/getRoom?status=normal&type=notification---GET---JsonWebTokenError: invalid signature: token.verify-accessToken
10-02-2024	35:46:09--------( SocketSM_Authentication ) Error: Socket-accessToken invalid or not created ( SocketSM_Authentication ) !
10-02-2024	36:46:09--------( SocketSM_Authentication ) Error: Socket-accessToken invalid or not created ( SocketSM_Authentication ) !
10-02-2024	47:47:09--------/getRoom?status=normal&type=notification---GET---TokenExpiredError: jwt expired: token.verify-accessToken
10-02-2024	48:47:09--------/getRoom?status=normal&type=notification---GET---JsonWebTokenError: invalid signature: token.verify-accessToken
10-02-2024	48:47:09--------( SocketSM_Authentication ) Error: Socket-accessToken invalid or not created ( SocketSM_Authentication ) !
10-02-2024	15:52:09--------/getRoom?status=normal&type=notification---GET---TokenExpiredError: jwt expired: token.verify-accessToken
10-02-2024	15:52:09--------/getRoom?status=normal&type=notification---GET---JsonWebTokenError: invalid signature: token.verify-accessToken
10-02-2024	16:52:09--------( SocketSM_Authentication ) Error: Socket-accessToken invalid or not created ( SocketSM_Authentication ) !
10-02-2024	47:58:09--------/getRoom?status=normal&type=notification---GET---TokenExpiredError: jwt expired: token.verify-accessToken
10-02-2024	48:58:09--------/getRoom?status=normal&type=notification---GET---JsonWebTokenError: invalid signature: token.verify-accessToken
10-02-2024	28:59:09--------( SocketSM_Authentication ) Error: Socket-accessToken invalid or not created ( SocketSM_Authentication ) !
10-02-2024	16:03:10--------( SocketSM_Authentication ) Error: Socket-accessToken invalid or not created ( SocketSM_Authentication ) !
10-02-2024	24:03:10--------/getRoom?status=normal&type=notification---GET---TokenExpiredError: jwt expired: token.verify-accessToken
10-02-2024	26:03:10--------/getRoom?status=normal&type=notification---GET---JsonWebTokenError: invalid signature: token.verify-accessToken
10-02-2024	24:05:14--------( SocketSM_Authentication ) Error: Socket-accessToken invalid or not created ( SocketSM_Authentication ) !
10-02-2024	24:05:14--------( SocketSM_Authentication ) Error: Socket-accessToken invalid or not created ( SocketSM_Authentication ) !
10-02-2024	24:05:14--------( SocketSM_Authentication ) Error: Socket-accessToken invalid or not created ( SocketSM_Authentication ) !
10-02-2024	21:29:14--------( SocketSM_Authentication ) Error: Socket-accessToken invalid or not created ( SocketSM_Authentication ) !
10-02-2024	00:30:14--------( SocketSM_Authentication ) Error: Socket-accessToken invalid or not created ( SocketSM_Authentication ) !
10-02-2024	58:40:14--------/getRoom?status=normal&type=notification---GET---TokenExpiredError: jwt expired: token.verify-accessToken
10-02-2024	59:40:14--------( SocketSM_Authentication ) Error: Socket-accessToken invalid or not created ( SocketSM_Authentication ) !
10-02-2024	05:42:14--------/getRoom?status=normal&type=notification---GET---TokenExpiredError: jwt expired: token.verify-accessToken
10-02-2024	05:42:14--------/getRoom?status=normal&type=notification---GET---JsonWebTokenError: invalid signature: token.verify-accessToken
10-02-2024	05:42:14--------( SocketSM_Authentication ) Error: Socket-accessToken invalid or not created ( SocketSM_Authentication ) !
10-02-2024	06:43:14--------/getRoom?status=normal&type=notification---GET---TokenExpiredError: jwt expired: token.verify-accessToken
10-02-2024	06:43:14--------/getRoom?status=normal&type=notification---GET---JsonWebTokenError: invalid signature: token.verify-accessToken
10-02-2024	06:43:14--------( SocketSM_Authentication ) Error: Socket-accessToken invalid or not created ( SocketSM_Authentication ) !
10-02-2024	58:46:14--------( SocketSM_Authentication ) Error: Socket-accessToken invalid or not created ( SocketSM_Authentication ) !
10-02-2024	08:48:14--------/getRoom?status=normal&type=notification---GET---JsonWebTokenError: invalid signature: token.verify-accessToken
10-02-2024	08:48:14--------/getRoom?status=normal&type=notification---GET---JsonWebTokenError: invalid signature: token.verify-accessToken
10-02-2024	27:49:14--------/getRoom?status=normal&type=notification---GET---TokenExpiredError: jwt expired: token.verify-accessToken
10-02-2024	27:49:14--------/getRoom?status=normal&type=notification---GET---JsonWebTokenError: invalid signature: token.verify-accessToken
10-02-2024	30:49:14--------( SocketSM_Authentication ) Error: Socket-accessToken invalid or not created ( SocketSM_Authentication ) !
10-02-2024	16:50:14--------( SocketSM_Authentication ) Error: Socket-accessToken invalid or not created ( SocketSM_Authentication ) !
10-02-2024	16:50:14--------( SocketSM_Authentication ) Error: Socket-accessToken invalid or not created ( SocketSM_Authentication ) !
10-02-2024	16:50:14--------( SocketSM_Authentication ) Error: Socket-accessToken invalid or not created ( SocketSM_Authentication ) !
10-02-2024	10:52:14--------/getRoom?status=normal&type=notification---GET---TokenExpiredError: jwt expired: token.verify-accessToken
10-02-2024	10:52:14--------/getRoom?status=normal&type=notification---GET---JsonWebTokenError: invalid signature: token.verify-accessToken
10-02-2024	43:52:14--------( SocketSM_Authentication ) Error: Socket-accessToken invalid or not created ( SocketSM_Authentication ) !
10-02-2024	44:52:14--------( SocketSM_Authentication ) Error: Socket-accessToken invalid or not created ( SocketSM_Authentication ) !
10-02-2024	23:57:14--------/getRoom?status=normal&type=notification---GET---TokenExpiredError: jwt expired: token.verify-accessToken
10-02-2024	24:57:14--------/getRoom?status=normal&type=notification---GET---JsonWebTokenError: invalid signature: token.verify-accessToken
10-02-2024	18:59:14--------/getRoom?status=normal&type=notification---GET---JsonWebTokenError: invalid signature: token.verify-accessToken
10-02-2024	18:59:14--------/getRoom?status=normal&type=notification---GET---JsonWebTokenError: invalid signature: token.verify-accessToken
10-02-2024	19:59:14--------/getRoom?status=normal&type=notification---GET---JsonWebTokenError: invalid signature: token.verify-accessToken
10-02-2024	19:59:14--------( SocketSM_Authentication ) Error: Socket-accessToken invalid or not created ( SocketSM_Authentication ) !
10-02-2024	19:59:14--------/getRoom?status=normal&type=notification---GET---JsonWebTokenError: invalid signature: token.verify-accessToken
10-02-2024	12:21:18--------( SocketSM_Authentication ) Error: Socket-accessToken invalid or not created ( SocketSM_Authentication ) !
10-02-2024	12:21:18--------( SocketSM_Authentication ) Error: Socket-accessToken invalid or not created ( SocketSM_Authentication ) !
10-02-2024	26:22:18--------/getRoom?status=normal&type=notification---GET---JsonWebTokenError: invalid signature: token.verify-accessToken
10-02-2024	30:22:18--------/getRoom?status=normal&type=notification---GET---JsonWebTokenError: invalid signature: token.verify-accessToken
10-02-2024	31:22:18--------/getRoom?status=normal&type=notification---GET---JsonWebTokenError: invalid signature: token.verify-accessToken
10-02-2024	31:22:18--------( SocketSM_Authentication ) Error: Socket-accessToken invalid or not created ( SocketSM_Authentication ) !
10-02-2024	32:22:18--------/getRoom?status=normal&type=notification---GET---JsonWebTokenError: invalid signature: token.verify-accessToken
10-02-2024	32:22:18--------/getRoom?status=normal&type=notification---GET---JsonWebTokenError: invalid signature: token.verify-accessToken
10-02-2024	32:22:18--------( SocketSM_Authentication ) Error: Socket-accessToken invalid or not created ( SocketSM_Authentication ) !
10-02-2024	33:22:18--------( SocketSM_Authentication ) Error: Socket-accessToken invalid or not created ( SocketSM_Authentication ) !
10-02-2024	52:22:18--------/getRoom?status=normal&type=notification---GET---JsonWebTokenError: invalid signature: token.verify-accessToken
10-02-2024	52:22:18--------/getRoom?status=normal&type=notification---GET---JsonWebTokenError: invalid signature: token.verify-accessToken
10-02-2024	52:22:18--------( SocketSM_Authentication ) Error: Socket-accessToken invalid or not created ( SocketSM_Authentication ) !
10-02-2024	07:27:18--------/getRoom?status=normal&type=notification---GET---JsonWebTokenError: invalid signature: token.verify-accessToken
10-02-2024	07:27:18--------/getRoom?status=normal&type=notification---GET---JsonWebTokenError: invalid signature: token.verify-accessToken
10-02-2024	11:27:18--------/getRoom?status=normal&type=notification---GET---JsonWebTokenError: invalid signature: token.verify-accessToken
10-02-2024	12:27:18--------/getRoom?status=normal&type=notification---GET---JsonWebTokenError: invalid signature: token.verify-accessToken
10-02-2024	24:27:18--------/getRoom?status=normal&type=notification---GET---JsonWebTokenError: invalid signature: token.verify-accessToken
10-02-2024	24:27:18--------/getRoom?status=normal&type=notification---GET---JsonWebTokenError: invalid signature: token.verify-accessToken
10-02-2024	24:27:18--------( SocketSM_Authentication ) Error: Socket-accessToken invalid or not created ( SocketSM_Authentication ) !
10-02-2024	58:27:18--------/getRoom?status=normal&type=notification---GET---JsonWebTokenError: invalid signature: token.verify-accessToken
10-02-2024	58:27:18--------/getRoom?status=normal&type=notification---GET---JsonWebTokenError: invalid signature: token.verify-accessToken
10-02-2024	28:33:18--------/getRoom?status=normal&type=notification---GET---JsonWebTokenError: invalid signature: token.verify-accessToken
10-02-2024	28:33:18--------/getRoom?status=normal&type=notification---GET---JsonWebTokenError: invalid signature: token.verify-accessToken
10-02-2024	28:33:18--------( SocketSM_Authentication ) Error: Socket-accessToken invalid or not created ( SocketSM_Authentication ) !
10-02-2024	49:40:19--------/getRoom?status=normal&type=notification---GET---JsonWebTokenError: invalid signature: token.verify-accessToken
10-02-2024	49:40:19--------/getRoom?status=normal&type=notification---GET---JsonWebTokenError: invalid signature: token.verify-accessToken
10-02-2024	49:40:19--------( SocketSM_Authentication ) Error: Socket-accessToken invalid or not created ( SocketSM_Authentication ) !
10-02-2024	52:41:19--------/getRoom?status=normal&type=notification---GET---JsonWebTokenError: invalid signature: token.verify-accessToken
10-02-2024	52:41:19--------/getRoom?status=normal&type=notification---GET---JsonWebTokenError: invalid signature: token.verify-accessToken
10-02-2024	52:41:19--------( SocketSM_Authentication ) Error: Socket-accessToken invalid or not created ( SocketSM_Authentication ) !
10-02-2024	13:42:19--------/getRoom?status=normal&type=notification---GET---JsonWebTokenError: invalid signature: token.verify-accessToken
10-02-2024	13:42:19--------/getRoom?status=normal&type=notification---GET---JsonWebTokenError: invalid signature: token.verify-accessToken
10-02-2024	14:42:19--------( SocketSM_Authentication ) Error: Socket-accessToken invalid or not created ( SocketSM_Authentication ) !
10-02-2024	10:45:19--------/getRoom?status=normal&type=notification---GET---JsonWebTokenError: invalid signature: token.verify-accessToken
10-02-2024	11:45:19--------/getRoom?status=normal&type=notification---GET---JsonWebTokenError: invalid signature: token.verify-accessToken
10-02-2024	12:45:19--------/getRoom?status=normal&type=notification---GET---JsonWebTokenError: invalid signature: token.verify-accessToken
10-02-2024	12:45:19--------/getRoom?status=normal&type=notification---GET---JsonWebTokenError: invalid signature: token.verify-accessToken
10-02-2024	25:11:20--------/getRoom?status=normal&type=notification---GET---JsonWebTokenError: invalid signature: token.verify-accessToken
10-02-2024	25:11:20--------/getRoom?status=normal&type=notification---GET---JsonWebTokenError: invalid signature: token.verify-accessToken
10-02-2024	26:11:20--------( SocketSM_Authentication ) Error: Socket-accessToken invalid or not created ( SocketSM_Authentication ) !
10-02-2024	38:44:21--------/getRoom?status=normal&type=notification---GET---JsonWebTokenError: invalid signature: token.verify-accessToken
10-02-2024	38:44:21--------/getRoom?status=normal&type=notification---GET---JsonWebTokenError: invalid signature: token.verify-accessToken
10-02-2024	39:44:21--------( SocketSM_Authentication ) Error: Socket-accessToken invalid or not created ( SocketSM_Authentication ) !
10-02-2024	21:20:22--------/getRoom?status=normal&type=notification---GET---JsonWebTokenError: invalid signature: token.verify-accessToken
10-02-2024	21:20:22--------/getRoom?status=normal&type=notification---GET---JsonWebTokenError: invalid signature: token.verify-accessToken
10-02-2024	21:20:22--------( SocketSM_Authentication ) Error: Socket-accessToken invalid or not created ( SocketSM_Authentication ) !
10-02-2024	56:20:22--------/getRoom?status=normal&type=notification---GET---TokenExpiredError: jwt expired: token.verify-accessToken
10-02-2024	56:20:22--------/getRoom?status=normal&type=notification---GET---JsonWebTokenError: invalid signature: token.verify-accessToken
10-02-2024	30:21:22--------/getRoom?status=normal&type=notification---GET---JsonWebTokenError: invalid signature: token.verify-accessToken
10-02-2024	32:21:22--------/getRoom?status=normal&type=notification---GET---JsonWebTokenError: invalid signature: token.verify-accessToken
10-02-2024	32:21:22--------/getRoom?status=normal&type=notification---GET---JsonWebTokenError: invalid signature: token.verify-accessToken
10-02-2024	32:21:22--------( SocketSM_Authentication ) Error: Socket-accessToken invalid or not created ( SocketSM_Authentication ) !
10-02-2024	32:21:22--------/getRoom?status=normal&type=notification---GET---JsonWebTokenError: invalid signature: token.verify-accessToken
10-02-2024	32:21:22--------( SocketSM_Authentication ) Error: Socket-accessToken invalid or not created ( SocketSM_Authentication ) !
10-02-2024	05:17:23--------/getRoom?status=normal&type=notification---GET---JsonWebTokenError: invalid signature: token.verify-accessToken
10-02-2024	05:17:23--------/getRoom?status=normal&type=notification---GET---JsonWebTokenError: invalid signature: token.verify-accessToken
10-02-2024	05:17:23--------( SocketSM_Authentication ) Error: Socket-accessToken invalid or not created ( SocketSM_Authentication ) !
10-02-2024	18:17:23--------/getRoom?status=normal&type=notification---GET---JsonWebTokenError: invalid signature: token.verify-accessToken
10-02-2024	20:17:23--------/getRoom?status=normal&type=notification---GET---JsonWebTokenError: invalid signature: token.verify-accessToken
10-02-2024	20:17:23--------/getRoom?status=normal&type=notification---GET---JsonWebTokenError: invalid signature: token.verify-accessToken
10-02-2024	35:48:23--------/getRoom?status=normal&type=notification---GET---JsonWebTokenError: invalid signature: token.verify-accessToken
10-02-2024	35:48:23--------/getRoom?status=normal&type=notification---GET---JsonWebTokenError: invalid signature: token.verify-accessToken
11-02-2024	16:45:00--------/getRoom?status=normal&type=notification---GET---JsonWebTokenError: invalid signature: token.verify-accessToken
11-02-2024	17:45:00--------/getRoom?status=normal&type=notification---GET---JsonWebTokenError: invalid signature: token.verify-accessToken
11-02-2024	17:45:00--------/getRoom?status=normal&type=notification---GET---JsonWebTokenError: invalid signature: token.verify-accessToken
11-02-2024	17:45:00--------/getRoom?status=normal&type=notification---GET---JsonWebTokenError: invalid signature: token.verify-accessToken
11-02-2024	13:51:00--------/getRoom?status=normal&type=notification---GET---JsonWebTokenError: invalid signature: token.verify-accessToken
11-02-2024	13:51:00--------/getRoom?status=normal&type=notification---GET---JsonWebTokenError: invalid signature: token.verify-accessToken
11-02-2024	13:51:00--------( SocketSM_Authentication ) Error: Socket-accessToken invalid or not created ( SocketSM_Authentication ) !
11-02-2024	08:52:00--------/getRoom?status=normal&type=notification---GET---JsonWebTokenError: invalid signature: token.verify-accessToken
11-02-2024	08:52:00--------/getRoom?status=normal&type=notification---GET---JsonWebTokenError: invalid signature: token.verify-accessToken
11-02-2024	28:56:00--------/getRoom?status=normal&type=notification---GET---JsonWebTokenError: invalid signature: token.verify-accessToken
11-02-2024	28:56:00--------/getRoom?status=normal&type=notification---GET---JsonWebTokenError: invalid signature: token.verify-accessToken
11-02-2024	28:56:00--------/getRoom?status=normal&type=notification---GET---JsonWebTokenError: invalid signature: token.verify-accessToken
11-02-2024	29:56:00--------/getRoom?status=normal&type=notification---GET---JsonWebTokenError: invalid signature: token.verify-accessToken
11-02-2024	30:58:00--------/getRoom?status=normal&type=notification---GET---JsonWebTokenError: invalid signature: token.verify-accessToken
11-02-2024	31:58:00--------/getRoom?status=normal&type=notification---GET---JsonWebTokenError: invalid signature: token.verify-accessToken
11-02-2024	31:58:00--------/getRoom?status=normal&type=notification---GET---JsonWebTokenError: invalid signature: token.verify-accessToken
11-02-2024	29:04:01--------/getRoom?status=normal&type=notification---GET---TokenExpiredError: jwt expired: token.verify-accessToken
11-02-2024	34:04:01--------/getRoom?status=normal&type=notification---GET---JsonWebTokenError: invalid signature: token.verify-accessToken
11-02-2024	34:04:01--------/getRoom?status=normal&type=notification---GET---JsonWebTokenError: invalid signature: token.verify-accessToken
11-02-2024	35:04:01--------/getRoom?status=normal&type=notification---GET---JsonWebTokenError: invalid signature: token.verify-accessToken
11-02-2024	38:04:01--------/getRoom?status=normal&type=notification---GET---JsonWebTokenError: invalid signature: token.verify-accessToken
11-02-2024	38:04:01--------/getRoom?status=normal&type=notification---GET---JsonWebTokenError: invalid signature: token.verify-accessToken
11-02-2024	39:04:01--------( SocketSM_Authentication ) Error: Socket-accessToken invalid or not created ( SocketSM_Authentication ) !
11-02-2024	40:05:01--------/getRoom?status=normal&type=notification---GET---TokenExpiredError: jwt expired: token.verify-accessToken
11-02-2024	40:05:01--------/getRoom?status=normal&type=notification---GET---JsonWebTokenError: invalid signature: token.verify-accessToken
11-02-2024	04:07:01--------/getRoom?status=normal&type=notification---GET---TokenExpiredError: jwt expired: token.verify-accessToken
11-02-2024	06:07:01--------/getRoom?status=normal&type=notification---GET---JsonWebTokenError: invalid signature: token.verify-accessToken
11-02-2024	09:07:01--------/getRoom?status=normal&type=notification---GET---JsonWebTokenError: invalid signature: token.verify-accessToken
11-02-2024	09:07:01--------/getRoom?status=normal&type=notification---GET---JsonWebTokenError: invalid signature: token.verify-accessToken
11-02-2024	16:07:01--------/getRoom?status=normal&type=notification---GET---JsonWebTokenError: invalid signature: token.verify-accessToken
11-02-2024	16:07:01--------/getRoom?status=normal&type=notification---GET---JsonWebTokenError: invalid signature: token.verify-accessToken
11-02-2024	17:07:01--------( SocketSM_Authentication ) Error: Socket-accessToken invalid or not created ( SocketSM_Authentication ) !
11-02-2024	18:07:01--------/getRoom?status=normal&type=notification---GET---JsonWebTokenError: invalid signature: token.verify-accessToken
11-02-2024	12:10:01--------/getRoom?status=normal&type=notification---GET---JsonWebTokenError: invalid signature: token.verify-accessToken
11-02-2024	12:10:01--------/getRoom?status=normal&type=notification---GET---JsonWebTokenError: invalid signature: token.verify-accessToken
11-02-2024	15:10:01--------/getRoom?status=normal&type=notification---GET---JsonWebTokenError: invalid signature: token.verify-accessToken
11-02-2024	16:10:01--------/getRoom?status=normal&type=notification---GET---JsonWebTokenError: invalid signature: token.verify-accessToken
11-02-2024	29:10:01--------/getRoom?status=normal&type=notification---GET---TokenExpiredError: jwt expired: token.verify-accessToken
11-02-2024	30:10:01--------/getRoom?status=normal&type=notification---GET---JsonWebTokenError: invalid signature: token.verify-accessToken
11-02-2024	40:41:14--------/getRoom?status=normal&type=notification---GET---JsonWebTokenError: invalid signature: token.verify-accessToken
11-02-2024	41:41:14--------( SocketSM_Authentication ) Error: Socket-accessToken invalid or not created ( SocketSM_Authentication ) !
11-02-2024	17:42:14--------/getRoom?status=normal&type=notification---GET---JsonWebTokenError: invalid signature: token.verify-accessToken
11-02-2024	24:42:14--------/getRoom?status=normal&type=notification---GET---JsonWebTokenError: invalid signature: token.verify-accessToken
11-02-2024	24:42:14--------/getRoom?status=normal&type=notification---GET---JsonWebTokenError: invalid signature: token.verify-accessToken
11-02-2024	25:42:14--------/getRoom?status=normal&type=notification---GET---JsonWebTokenError: invalid signature: token.verify-accessToken
11-02-2024	25:42:14--------( SocketSM_Authentication ) Error: Socket-accessToken invalid or not created ( SocketSM_Authentication ) !
11-02-2024	26:42:14--------/getRoom?status=normal&type=notification---GET---JsonWebTokenError: invalid signature: token.verify-accessToken
11-02-2024	26:42:14--------( SocketSM_Authentication ) Error: Socket-accessToken invalid or not created ( SocketSM_Authentication ) !
11-02-2024	27:42:14--------( SocketSM_Authentication ) Error: Socket-accessToken invalid or not created ( SocketSM_Authentication ) !
11-02-2024	50:43:14--------( SocketSM_Authentication ) Error: Socket-accessToken invalid or not created ( SocketSM_Authentication ) !
11-02-2024	00:15:15--------/getRoom?status=normal&type=notification---GET---JsonWebTokenError: invalid signature: token.verify-accessToken
11-02-2024	01:15:15--------/getRoom?status=normal&type=notification---GET---JsonWebTokenError: invalid signature: token.verify-accessToken
11-02-2024	01:15:15--------( SocketSM_Authentication ) Error: Socket-accessToken invalid or not created ( SocketSM_Authentication ) !
11-02-2024	01:15:15--------/getRoom?status=normal&type=notification---GET---JsonWebTokenError: invalid signature: token.verify-accessToken
11-02-2024	01:15:15--------/getRoom?status=normal&type=notification---GET---JsonWebTokenError: invalid signature: token.verify-accessToken
11-02-2024	48:17:15--------/getRoom?status=normal&type=notification---GET---JsonWebTokenError: invalid signature: token.verify-accessToken
11-02-2024	48:17:15--------/getRoom?status=normal&type=notification---GET---JsonWebTokenError: invalid signature: token.verify-accessToken
11-02-2024	48:17:15--------( SocketSM_Authentication ) Error: Socket-accessToken invalid or not created ( SocketSM_Authentication ) !
11-02-2024	01:32:15--------/getRoom?status=normal&type=notification---GET---JsonWebTokenError: invalid signature: token.verify-accessToken
11-02-2024	01:32:15--------/getRoom?status=normal&type=notification---GET---JsonWebTokenError: invalid signature: token.verify-accessToken
11-02-2024	05:35:15--------/getRoom?status=normal&type=notification---GET---JsonWebTokenError: invalid signature: token.verify-accessToken
11-02-2024	05:35:15--------/getRoom?status=normal&type=notification---GET---JsonWebTokenError: invalid signature: token.verify-accessToken
11-02-2024	05:35:15--------( SocketSM_Authentication ) Error: Socket-accessToken invalid or not created ( SocketSM_Authentication ) !
11-02-2024	05:35:15--------/getRoom?status=normal&type=notification---GET---JsonWebTokenError: invalid signature: token.verify-accessToken
11-02-2024	06:35:15--------/getRoom?status=normal&type=notification---GET---JsonWebTokenError: invalid signature: token.verify-accessToken
11-02-2024	06:35:15--------( SocketSM_Authentication ) Error: Socket-accessToken invalid or not created ( SocketSM_Authentication ) !
11-02-2024	06:35:15--------( SocketSM_Authentication ) Error: Socket-accessToken invalid or not created ( SocketSM_Authentication ) !
11-02-2024	06:35:15--------/getRoom?status=normal&type=notification---GET---JsonWebTokenError: invalid signature: token.verify-accessToken
11-02-2024	22:35:15--------/getRoom?status=normal&type=notification---GET---JsonWebTokenError: invalid signature: token.verify-accessToken
11-02-2024	23:35:15--------/getRoom?status=normal&type=notification---GET---JsonWebTokenError: invalid signature: token.verify-accessToken
11-02-2024	12:46:15--------/getRoom?status=normal&type=notification---GET---TokenExpiredError: jwt expired: token.verify-accessToken
11-02-2024	12:46:15--------/getRoom?status=normal&type=notification---GET---JsonWebTokenError: invalid signature: token.verify-accessToken
12-02-2024	29:00:15--------( SocketSM_Authentication ) Error: Socket-accessToken invalid or not created ( SocketSM_Authentication ) !
12-02-2024	29:00:15--------( SocketSM_Authentication ) Error: Socket-accessToken invalid or not created ( SocketSM_Authentication ) !
13-02-2024	19:07:02--------/getRoom?status=normal&type=notification---GET---JsonWebTokenError: invalid signature: token.verify-accessToken
13-02-2024	20:07:02--------/getRoom?status=normal&type=notification---GET---JsonWebTokenError: invalid signature: token.verify-accessToken
13-02-2024	20:07:02--------/getRoom?status=normal&type=notification---GET---JsonWebTokenError: invalid signature: token.verify-accessToken
13-02-2024	20:07:02--------/getRoom?status=normal&type=notification---GET---JsonWebTokenError: invalid signature: token.verify-accessToken
13-02-2024	20:13:10--------( SocketSM_Authentication ) Error: Socket-accessToken invalid or not created ( SocketSM_Authentication ) !
13-02-2024	20:13:10--------( SocketSM_Authentication ) Error: Socket-accessToken invalid or not created ( SocketSM_Authentication ) !
13-02-2024	20:13:10--------( SocketSM_Authentication ) Error: Socket-accessToken invalid or not created ( SocketSM_Authentication ) !
13-02-2024	50:02:11--------/getRoom?status=normal&type=notification---GET---JsonWebTokenError: invalid signature: token.verify-accessToken
13-02-2024	50:02:11--------/getRoom?status=normal&type=notification---GET---JsonWebTokenError: invalid signature: token.verify-accessToken
13-02-2024	50:02:11--------( SocketSM_Authentication ) Error: Socket-accessToken invalid or not created ( SocketSM_Authentication ) !
13-02-2024	46:58:20--------/getRoom?status=normal&type=notification---GET---JsonWebTokenError: invalid signature: token.verify-accessToken
13-02-2024	48:58:20--------/getRoom?status=normal&type=notification---GET---JsonWebTokenError: invalid signature: token.verify-accessToken
13-02-2024	48:58:20--------/getRoom?status=normal&type=notification---GET---JsonWebTokenError: invalid signature: token.verify-accessToken
13-02-2024	48:58:20--------/getRoom?status=normal&type=notification---GET---JsonWebTokenError: invalid signature: token.verify-accessToken
13-02-2024	29:35:22--------/getRoom?status=normal&type=notification---GET---JsonWebTokenError: invalid signature: token.verify-accessToken
13-02-2024	30:35:22--------/getRoom?status=normal&type=notification---GET---JsonWebTokenError: invalid signature: token.verify-accessToken
13-02-2024	31:35:22--------( SocketSM_Authentication ) Error: Socket-accessToken invalid or not created ( SocketSM_Authentication ) !
13-02-2024	31:35:22--------/getRoom?status=normal&type=notification---GET---JsonWebTokenError: invalid signature: token.verify-accessToken
13-02-2024	32:35:22--------( SocketSM_Authentication ) Error: Socket-accessToken invalid or not created ( SocketSM_Authentication ) !
13-02-2024	32:35:22--------/getRoom?status=normal&type=notification---GET---JsonWebTokenError: invalid signature: token.verify-accessToken
14-02-2024	22:16:12--------( SocketSM_Authentication ) Error: Socket-accessToken invalid or not created ( SocketSM_Authentication ) !
14-02-2024	37:42:14--------/getRoom?status=normal&type=notification---GET---JsonWebTokenError: invalid signature: token.verify-accessToken
14-02-2024	38:42:14--------/getRoom?status=normal&type=notification---GET---JsonWebTokenError: invalid signature: token.verify-accessToken
14-02-2024	38:42:14--------( SocketSM_Authentication ) Error: Socket-accessToken invalid or not created ( SocketSM_Authentication ) !
14-02-2024	38:42:14--------/getRoom?status=normal&type=notification---GET---JsonWebTokenError: invalid signature: token.verify-accessToken
14-02-2024	39:42:14--------/getRoom?status=normal&type=notification---GET---JsonWebTokenError: invalid signature: token.verify-accessToken
14-02-2024	53:21:17--------( SocketSM_Authentication ) Error: Socket-accessToken invalid or not created ( SocketSM_Authentication ) !
14-02-2024	53:21:17--------( SocketSM_Authentication ) Error: Socket-accessToken invalid or not created ( SocketSM_Authentication ) !
14-02-2024	06:52:20--------/getRoom?status=normal&type=notification---GET---JsonWebTokenError: invalid signature: token.verify-accessToken
14-02-2024	08:52:20--------/getRoom?status=normal&type=notification---GET---JsonWebTokenError: invalid signature: token.verify-accessToken
14-02-2024	08:52:20--------/getRoom?status=normal&type=notification---GET---JsonWebTokenError: invalid signature: token.verify-accessToken
14-02-2024	08:52:20--------/getRoom?status=normal&type=notification---GET---JsonWebTokenError: invalid signature: token.verify-accessToken
15-02-2024	38:30:01--------/getRoom?status=normal&type=notification---GET---JsonWebTokenError: invalid signature: token.verify-accessToken
15-02-2024	41:30:01--------/getRoom?status=normal&type=notification---GET---JsonWebTokenError: invalid signature: token.verify-accessToken
15-02-2024	42:30:01--------/getRoom?status=normal&type=notification---GET---JsonWebTokenError: invalid signature: token.verify-accessToken
15-02-2024	42:30:01--------( SocketSM_Authentication ) Error: Socket-accessToken invalid or not created ( SocketSM_Authentication ) !
15-02-2024	31:04:02--------/getRoom?status=normal&type=notification---GET---JsonWebTokenError: invalid signature: token.verify-accessToken
15-02-2024	33:04:02--------( SocketSM_Authentication ) Error: Socket-accessToken invalid or not created ( SocketSM_Authentication ) !
15-02-2024	46:04:02--------( SocketSM_Authentication ) Error: Socket-accessToken invalid or not created ( SocketSM_Authentication ) !
15-02-2024	29:05:02--------( SocketSM_Authentication ) Error: Socket-accessToken invalid or not created ( SocketSM_Authentication ) !
15-02-2024	51:06:10--------( SocketSM_Authentication ) Error: Socket-accessToken invalid or not created ( SocketSM_Authentication ) !
15-02-2024	52:06:10--------( SocketSM_Authentication ) Error: Socket-accessToken invalid or not created ( SocketSM_Authentication ) !
15-02-2024	52:36:12--------/getRoom?status=normal&type=notification---GET---TokenExpiredError: jwt expired: token.verify-accessToken
15-02-2024	54:36:12--------/getRoom?status=normal&type=notification---GET---JsonWebTokenError: invalid signature: token.verify-accessToken
15-02-2024	56:36:12--------/getRoom?status=normal&type=notification---GET---JsonWebTokenError: invalid signature: token.verify-accessToken
15-02-2024	36:40:14--------/getRoom?status=normal&type=notification---GET---JsonWebTokenError: invalid signature: token.verify-accessToken
15-02-2024	38:40:14--------/getRoom?status=normal&type=notification---GET---JsonWebTokenError: invalid signature: token.verify-accessToken
15-02-2024	38:40:14--------/getRoom?status=normal&type=notification---GET---JsonWebTokenError: invalid signature: token.verify-accessToken
15-02-2024	38:40:14--------( SocketSM_Authentication ) Error: Socket-accessToken invalid or not created ( SocketSM_Authentication ) !
15-02-2024	39:40:14--------( SocketSM_Authentication ) Error: Socket-accessToken invalid or not created ( SocketSM_Authentication ) !
15-02-2024	53:00:19--------( SocketSM_Authentication ) Error: Socket-accessToken invalid or not created ( SocketSM_Authentication ) !
15-02-2024	53:00:19--------( SocketSM_Authentication ) Error: Socket-accessToken invalid or not created ( SocketSM_Authentication ) !
15-02-2024	53:00:19--------( SocketSM_Authentication ) Error: Socket-accessToken invalid or not created ( SocketSM_Authentication ) !
15-02-2024	26:47:19--------/getRoom?status=normal&type=notification---GET---JsonWebTokenError: invalid signature: token.verify-accessToken
15-02-2024	27:47:19--------/getRoom?status=normal&type=notification---GET---JsonWebTokenError: invalid signature: token.verify-accessToken
15-02-2024	27:47:19--------( SocketSM_Authentication ) Error: Socket-accessToken invalid or not created ( SocketSM_Authentication ) !
15-02-2024	28:47:19--------/getRoom?status=normal&type=notification---GET---JsonWebTokenError: invalid signature: token.verify-accessToken
15-02-2024	28:47:19--------( SocketSM_Authentication ) Error: Socket-accessToken invalid or not created ( SocketSM_Authentication ) !
15-02-2024	29:47:19--------/getRoom?status=normal&type=notification---GET---JsonWebTokenError: invalid signature: token.verify-accessToken
15-02-2024	32:47:19--------/getRoom?status=normal&type=notification---GET---TokenExpiredError: jwt expired: token.verify-accessToken
15-02-2024	32:47:19--------/getRoom?status=normal&type=notification---GET---JsonWebTokenError: invalid signature: token.verify-accessToken
16-02-2024	41:45:07--------/getRoom?status=normal&type=notification---GET---JsonWebTokenError: invalid signature: token.verify-accessToken
16-02-2024	42:45:07--------( SocketSM_Authentication ) Error: Socket-accessToken invalid or not created ( SocketSM_Authentication ) !
16-02-2024	42:45:07--------( SocketSM_Authentication ) Error: Socket-accessToken invalid or not created ( SocketSM_Authentication ) !
16-02-2024	31:03:20--------Redis Client Error Error: Connection timeout
16-02-2024	13:09:20--------/getRoom?status=normal&type=notification---GET---JsonWebTokenError: invalid signature: token.verify-accessToken
16-02-2024	13:09:20--------/getRoom?status=normal&type=notification---GET---JsonWebTokenError: invalid signature: token.verify-accessToken
16-02-2024	13:09:20--------/getRoom?status=normal&type=notification---GET---JsonWebTokenError: invalid signature: token.verify-accessToken
16-02-2024	13:09:20--------( SocketSM_Authentication ) Error: Socket-accessToken invalid or not created ( SocketSM_Authentication ) !
16-02-2024	14:09:20--------/getRoom?status=normal&type=notification---GET---JsonWebTokenError: invalid signature: token.verify-accessToken
16-02-2024	02:10:20--------( SocketSM_Authentication ) Error: Socket-accessToken invalid or not created ( SocketSM_Authentication ) !
16-02-2024	28:10:20--------( SocketSM_Authentication ) Error: Socket-accessToken invalid or not created ( SocketSM_Authentication ) !
16-02-2024	06:13:20--------/getRoom?status=normal&type=notification---GET---TokenExpiredError: jwt expired: token.verify-accessToken
16-02-2024	06:13:20--------/getRoom?status=normal&type=notification---GET---JsonWebTokenError: invalid signature: token.verify-accessToken
16-02-2024	48:11:22--------/getRoom?status=normal&type=notification---GET---JsonWebTokenError: invalid signature: token.verify-accessToken
16-02-2024	48:11:22--------/getRoom?status=normal&type=notification---GET---JsonWebTokenError: invalid signature: token.verify-accessToken
16-02-2024	48:11:22--------( SocketSM_Authentication ) Error: Socket-accessToken invalid or not created ( SocketSM_Authentication ) !
16-02-2024	48:11:22--------( SocketSM_Authentication ) Error: Socket-accessToken invalid or not created ( SocketSM_Authentication ) !
17-02-2024	11:33:19--------( SocketSM_Authentication ) Error: Socket-accessToken invalid or not created ( SocketSM_Authentication ) !
17-02-2024	39:33:19--------/getRoom?status=normal&type=notification---GET---TokenExpiredError: jwt expired: token.verify-accessToken
17-02-2024	43:33:19--------/getRoom?status=normal&type=notification---GET---JsonWebTokenError: invalid signature: token.verify-accessToken
17-02-2024	43:33:19--------/getRoom?status=normal&type=notification---GET---JsonWebTokenError: invalid signature: token.verify-accessToken
23-02-2024	47:03:00--------Redis Client Error Error: Connection timeout
23-02-2024	36:10:00--------/getRoom?status=normal&type=notification---GET---JsonWebTokenError: invalid signature: token.verify-accessToken
23-02-2024	37:10:00--------/getRoom?status=normal&type=notification---GET---JsonWebTokenError: invalid signature: token.verify-accessToken
23-02-2024	36:11:00--------/getRoom?status=normal&type=notification---GET---TokenExpiredError: jwt expired: token.verify-accessToken
23-02-2024	36:11:00--------/getRoom?status=normal&type=notification---GET---JsonWebTokenError: invalid signature: token.verify-accessToken
23-02-2024	36:11:00--------/getRoom?status=normal&type=notification---GET---JsonWebTokenError: invalid signature: token.verify-accessToken
23-02-2024	23:30:01--------/getRoom?status=normal&type=notification---GET---TokenExpiredError: jwt expired: token.verify-accessToken
23-02-2024	24:30:01--------/getRoom?status=normal&type=notification---GET---JsonWebTokenError: invalid signature: token.verify-accessToken
23-02-2024	24:30:01--------( SocketSM_Authentication ) Error: Socket-accessToken invalid or not created ( SocketSM_Authentication ) !
23-02-2024	06:33:02--------/getRoom?status=normal&type=notification---GET---TokenExpiredError: jwt expired: token.verify-accessToken
23-02-2024	06:33:02--------/getRoom?status=normal&type=notification---GET---JsonWebTokenError: invalid signature: token.verify-accessToken
23-02-2024	06:33:02--------( SocketSM_Authentication ) Error: Socket-accessToken invalid or not created ( SocketSM_Authentication ) !
23-02-2024	54:09:05--------/getRoom?status=normal&type=notification---GET---TokenExpiredError: jwt expired: token.verify-accessToken
23-02-2024	54:09:05--------/getRoom?status=normal&type=notification---GET---JsonWebTokenError: invalid signature: token.verify-accessToken
23-02-2024	15:50:05--------/getRoom?status=normal&type=notification---GET---TokenExpiredError: jwt expired: token.verify-accessToken
23-02-2024	16:50:05--------/getRoom?status=normal&type=notification---GET---JsonWebTokenError: invalid signature: token.verify-accessToken
23-02-2024	47:50:17--------( SocketSM_Authentication ) Error: Socket-accessToken invalid or not created ( SocketSM_Authentication ) !
23-02-2024	47:50:17--------( SocketSM_Authentication ) Error: Socket-accessToken invalid or not created ( SocketSM_Authentication ) !
23-02-2024	47:50:17--------( SocketSM_Authentication ) Error: Socket-accessToken invalid or not created ( SocketSM_Authentication ) !
23-02-2024	47:50:17--------( SocketSM_Authentication ) Error: Socket-accessToken invalid or not created ( SocketSM_Authentication ) !
23-02-2024	05:28:18--------/getRoom?status=normal&type=notification---GET---TokenExpiredError: jwt expired: token.verify-accessToken
23-02-2024	06:28:18--------/getRoom?status=normal&type=notification---GET---JsonWebTokenError: invalid signature: token.verify-accessToken
23-02-2024	06:28:18--------( SocketSM_Authentication ) Error: Socket-accessToken invalid or not created ( SocketSM_Authentication ) !
23-02-2024	02:32:22--------/getRoom?status=normal&type=notification---GET---JsonWebTokenError: invalid signature: token.verify-accessToken
23-02-2024	03:32:22--------/getRoom?status=normal&type=notification---GET---JsonWebTokenError: invalid signature: token.verify-accessToken
23-02-2024	03:32:22--------( SocketSM_Authentication ) Error: Socket-accessToken invalid or not created ( SocketSM_Authentication ) !
23-02-2024	50:33:22--------/getRoom?status=normal&type=notification---GET---TokenExpiredError: jwt expired: token.verify-accessToken
23-02-2024	50:33:22--------/getRoom?status=normal&type=notification---GET---JsonWebTokenError: invalid signature: token.verify-accessToken
23-02-2024	32:36:22--------/getRoom?status=normal&type=notification---GET---JsonWebTokenError: invalid signature: token.verify-accessToken
23-02-2024	32:36:22--------/getRoom?status=normal&type=notification---GET---JsonWebTokenError: invalid signature: token.verify-accessToken
23-02-2024	52:47:23--------/getRoom?status=normal&type=notification---GET---TokenExpiredError: jwt expired: token.verify-accessToken
23-02-2024	52:47:23--------/getRoom?status=normal&type=notification---GET---JsonWebTokenError: invalid signature: token.verify-accessToken
24-02-2024	55:22:02--------/getRoom?status=normal&type=notification---GET---JsonWebTokenError: invalid signature: token.verify-accessToken
24-02-2024	55:22:02--------/getRoom?status=normal&type=notification---GET---JsonWebTokenError: invalid signature: token.verify-accessToken
24-02-2024	55:22:02--------/getRoom?status=normal&type=notification---GET---JsonWebTokenError: invalid signature: token.verify-accessToken
24-02-2024	56:22:02--------/getRoom?status=normal&type=notification---GET---JsonWebTokenError: invalid signature: token.verify-accessToken
24-02-2024	40:35:09--------( SocketSM_Authentication ) Error: Socket-accessToken invalid or not created ( SocketSM_Authentication ) !
24-02-2024	40:35:09--------( SocketSM_Authentication ) Error: Socket-accessToken invalid or not created ( SocketSM_Authentication ) !
24-02-2024	41:35:09--------( SocketSM_Authentication ) Error: Socket-accessToken invalid or not created ( SocketSM_Authentication ) !
24-02-2024	41:35:09--------( SocketSM_Authentication ) Error: Socket-accessToken invalid or not created ( SocketSM_Authentication ) !
25-02-2024	11:38:03--------/getRoom?status=normal&type=notification---GET---JsonWebTokenError: invalid signature: token.verify-accessToken
25-02-2024	11:38:03--------/getRoom?status=normal&type=notification---GET---JsonWebTokenError: invalid signature: token.verify-accessToken
25-02-2024	12:38:03--------( SocketSM_Authentication ) Error: Socket-accessToken invalid or not created ( SocketSM_Authentication ) !
25-02-2024	56:30:20--------( SocketSM_Authentication ) Error: Socket-accessToken invalid or not created ( SocketSM_Authentication ) !
25-02-2024	56:30:20--------( SocketSM_Authentication ) Error: Socket-accessToken invalid or not created ( SocketSM_Authentication ) !
26-02-2024	20:40:04--------/getRoom?status=normal&type=notification---GET---TokenExpiredError: jwt expired: token.verify-accessToken
26-02-2024	21:40:04--------/getRoom?status=normal&type=notification---GET---JsonWebTokenError: invalid signature: token.verify-accessToken
26-02-2024	21:40:04--------( SocketSM_Authentication ) Error: Socket-accessToken invalid or not created ( SocketSM_Authentication ) !
26-02-2024	16:33:06--------( SocketSM_Authentication ) Error: Socket-accessToken invalid or not created ( SocketSM_Authentication ) !
27-02-2024	51:57:10--------Redis Client Error Error: Connection timeout
27-02-2024	56:01:11--------/getRoom?status=normal&type=notification---GET---TokenExpiredError: jwt expired: token.verify-accessToken
27-02-2024	56:01:11--------/getRoom?status=normal&type=notification---GET---JsonWebTokenError: invalid signature: token.verify-accessToken
27-02-2024	57:01:11--------( SocketSM_Authentication ) Error: Socket-accessToken invalid or not created ( SocketSM_Authentication ) !
27-02-2024	57:01:11--------( SocketSM_Authentication ) Error: Socket-accessToken invalid or not created ( SocketSM_Authentication ) !
27-02-2024	01:02:11--------( SocketSM_Authentication ) Error: Socket-accessToken invalid or not created ( SocketSM_Authentication ) !
27-02-2024	01:02:11--------( SocketSM_Authentication ) Error: Socket-accessToken invalid or not created ( SocketSM_Authentication ) !
27-02-2024	05:02:11--------( SocketSM_Authentication ) Error: Socket-accessToken invalid or not created ( SocketSM_Authentication ) !
27-02-2024	33:15:15--------( SocketSM_Authentication ) Error: Socket-accessToken invalid or not created ( SocketSM_Authentication ) !
28-02-2024	36:17:00--------/getRoom?status=normal&type=notification---GET---TokenExpiredError: jwt expired: token.verify-accessToken
28-02-2024	36:17:00--------/getRoom?status=normal&type=notification---GET---JsonWebTokenError: invalid signature: token.verify-accessToken
28-02-2024	36:17:00--------( SocketSM_Authentication ) Error: Socket-accessToken invalid or not created ( SocketSM_Authentication ) !
28-02-2024	49:54:06--------/getRoom?status=normal&type=notification---GET---TokenExpiredError: jwt expired: token.verify-accessToken
28-02-2024	50:54:06--------/getRoom?status=normal&type=notification---GET---JsonWebTokenError: invalid signature: token.verify-accessToken
28-02-2024	50:54:06--------/getRoom?status=normal&type=notification---GET---JsonWebTokenError: invalid signature: token.verify-accessToken
28-02-2024	50:54:06--------/getRoom?status=normal&type=notification---GET---JsonWebTokenError: invalid signature: token.verify-accessToken
28-02-2024	50:54:06--------/getRoom?status=normal&type=notification---GET---JsonWebTokenError: invalid signature: token.verify-accessToken
28-02-2024	50:54:06--------( SocketSM_Authentication ) Error: Socket-accessToken invalid or not created ( SocketSM_Authentication ) !
28-02-2024	51:54:06--------( SocketSM_Authentication ) Error: Socket-accessToken invalid or not created ( SocketSM_Authentication ) !
28-02-2024	51:54:06--------( SocketSM_Authentication ) Error: Socket-accessToken invalid or not created ( SocketSM_Authentication ) !
28-02-2024	51:54:06--------( SocketSM_Authentication ) Error: Socket-accessToken invalid or not created ( SocketSM_Authentication ) !
28-02-2024	18:55:06--------( SocketSM_Authentication ) Error: Socket-accessToken invalid or not created ( SocketSM_Authentication ) !
28-02-2024	03:42:07--------/getRoom?status=normal&type=notification---GET---JsonWebTokenError: invalid signature: token.verify-accessToken
28-02-2024	04:42:07--------/getRoom?status=normal&type=notification---GET---JsonWebTokenError: invalid signature: token.verify-accessToken
28-02-2024	06:42:07--------/getRoom?status=normal&type=notification---GET---JsonWebTokenError: invalid signature: token.verify-accessToken
28-02-2024	06:42:07--------/getRoom?status=normal&type=notification---GET---JsonWebTokenError: invalid signature: token.verify-accessToken
28-02-2024	06:42:07--------( SocketSM_Authentication ) Error: Socket-accessToken invalid or not created ( SocketSM_Authentication ) !
28-02-2024	09:07:11--------( SocketSM_Authentication ) Error: Socket-accessToken invalid or not created ( SocketSM_Authentication ) !
28-02-2024	10:07:11--------( SocketSM_Authentication ) Error: Socket-accessToken invalid or not created ( SocketSM_Authentication ) !
02-03-2024	04:10:00--------/getRoom?status=normal&type=notification---GET---JsonWebTokenError: invalid signature: token.verify-accessToken
02-03-2024	05:10:00--------/getRoom?status=normal&type=notification---GET---JsonWebTokenError: invalid signature: token.verify-accessToken
02-03-2024	05:10:00--------( SocketSM_Authentication ) Error: Socket-accessToken invalid or not created ( SocketSM_Authentication ) !
02-03-2024	05:10:00--------/getRoom?status=normal&type=notification---GET---JsonWebTokenError: invalid signature: token.verify-accessToken
02-03-2024	05:10:00--------/getRoom?status=normal&type=notification---GET---JsonWebTokenError: invalid signature: token.verify-accessToken
02-03-2024	13:10:00--------/getRoom?status=normal&type=notification---GET---TokenExpiredError: jwt expired: token.verify-accessToken
02-03-2024	14:10:00--------/getRoom?status=normal&type=notification---GET---JsonWebTokenError: invalid signature: token.verify-accessToken
02-03-2024	14:10:00--------( SocketSM_Authentication ) Error: Socket-accessToken invalid or not created ( SocketSM_Authentication ) !
02-03-2024	14:10:00--------( SocketSM_Authentication ) Error: Socket-accessToken invalid or not created ( SocketSM_Authentication ) !
02-03-2024	22:06:17--------( SocketSM_Authentication ) Error: Socket-accessToken invalid or not created ( SocketSM_Authentication ) !
02-03-2024	22:06:17--------( SocketSM_Authentication ) Error: Socket-accessToken invalid or not created ( SocketSM_Authentication ) !
02-03-2024	22:06:17--------( SocketSM_Authentication ) Error: Socket-accessToken invalid or not created ( SocketSM_Authentication ) !
02-03-2024	23:06:17--------( SocketSM_Authentication ) Error: Socket-accessToken invalid or not created ( SocketSM_Authentication ) !
03-03-2024	56:18:17--------/getRoom?status=normal&type=notification---GET---JsonWebTokenError: invalid signature: token.verify-accessToken
03-03-2024	58:18:17--------/getRoom?status=normal&type=notification---GET---JsonWebTokenError: invalid signature: token.verify-accessToken
04-03-2024	18:01:09--------( SocketSM_Authentication ) Error: Socket-accessToken invalid or not created ( SocketSM_Authentication ) !
04-03-2024	18:01:09--------( SocketSM_Authentication ) Error: Socket-accessToken invalid or not created ( SocketSM_Authentication ) !
04-03-2024	56:22:20--------/getRoom?status=normal&type=notification---GET---JsonWebTokenError: invalid signature: token.verify-accessToken
04-03-2024	57:22:20--------/getRoom?status=normal&type=notification---GET---JsonWebTokenError: invalid signature: token.verify-accessToken
04-03-2024	57:22:20--------( SocketSM_Authentication ) Error: Socket-accessToken invalid or not created ( SocketSM_Authentication ) !
04-03-2024	32:24:20--------/getRoom?status=normal&type=notification---GET---TokenExpiredError: jwt expired: token.verify-accessToken
04-03-2024	33:24:20--------/getRoom?status=normal&type=notification---GET---JsonWebTokenError: invalid signature: token.verify-accessToken
05-03-2024	33:23:02--------/getRoom?status=normal&type=notification---GET---TokenExpiredError: jwt expired: token.verify-accessToken
05-03-2024	33:23:02--------/getRoom?status=normal&type=notification---GET---JsonWebTokenError: invalid signature: token.verify-accessToken
05-03-2024	44:13:12--------( SocketSM_Authentication ) Error: Socket-accessToken invalid or not created ( SocketSM_Authentication ) !
05-03-2024	44:13:12--------( SocketSM_Authentication ) Error: Socket-accessToken invalid or not created ( SocketSM_Authentication ) !
06-03-2024	48:37:09--------/getRoom?status=normal&type=notification---GET---TokenExpiredError: jwt expired: token.verify-accessToken
06-03-2024	48:37:09--------/getRoom?status=normal&type=notification---GET---JsonWebTokenError: invalid signature: token.verify-accessToken
